<?xml version="1.0" encoding="UTF-8"?>
<coverage generated="1774905789105" clover="3.2.0">
  <project timestamp="1774905789105" name="All files">
    <metrics statements="519" coveredstatements="382" conditionals="218" coveredconditionals="97" methods="246" coveredmethods="230" elements="983" coveredelements="709" complexity="0" loc="519" ncloc="519" packages="3" files="16" classes="16"/>
    <package name="stores">
      <metrics statements="176" coveredstatements="137" conditionals="125" coveredconditionals="80" methods="81" coveredmethods="78"/>
      <file name="AppStore.ts" path="/home/runner/work/tax-calculator/tax-calculator/src/stores/AppStore.ts">
        <metrics statements="24" coveredstatements="24" conditionals="2" coveredconditionals="2" methods="16" coveredmethods="16"/>
        <line num="1" count="1" type="stmt"/>
        <line num="3" count="1" type="stmt"/>
        <line num="4" count="1" type="stmt"/>
        <line num="6" count="1" type="stmt"/>
        <line num="12" count="28" type="stmt"/>
        <line num="13" count="28" type="stmt"/>
        <line num="14" count="28" type="stmt"/>
        <line num="15" count="28" type="stmt"/>
        <line num="19" count="5" type="stmt"/>
        <line num="23" count="2" type="stmt"/>
        <line num="27" count="2" type="stmt"/>
        <line num="32" count="3" type="stmt"/>
        <line num="37" count="3" type="stmt"/>
        <line num="41" count="4" type="stmt"/>
        <line num="45" count="4" type="stmt"/>
        <line num="49" count="2" type="stmt"/>
        <line num="54" count="2" type="stmt"/>
        <line num="55" count="2" type="cond" truecount="2" falsecount="0"/>
        <line num="60" count="1" type="stmt"/>
        <line num="64" count="1" type="stmt"/>
        <line num="68" count="2" type="stmt"/>
        <line num="72" count="4" type="stmt"/>
        <line num="76" count="4" type="stmt"/>
        <line num="80" count="2" type="stmt"/>
      </file>
      <file name="UserInputStore.ts" path="/home/runner/work/tax-calculator/tax-calculator/src/stores/UserInputStore.ts">
        <metrics statements="128" coveredstatements="113" conditionals="121" coveredconditionals="78" methods="64" coveredmethods="62"/>
        <line num="1" count="5" type="stmt"/>
        <line num="2" count="5" type="stmt"/>
        <line num="4" count="5" type="stmt"/>
        <line num="28" count="5" type="stmt"/>
        <line num="33" count="147" type="stmt"/>
        <line num="34" count="147" type="stmt"/>
        <line num="35" count="147" type="stmt"/>
        <line num="38" count="147" type="stmt"/>
        <line num="41" count="147" type="stmt"/>
        <line num="44" count="147" type="stmt"/>
        <line num="47" count="147" type="stmt"/>
        <line num="57" count="147" type="stmt"/>
        <line num="58" count="147" type="stmt"/>
        <line num="59" count="147" type="stmt"/>
        <line num="60" count="147" type="stmt"/>
        <line num="63" count="147" type="stmt"/>
        <line num="64" count="147" type="stmt"/>
        <line num="65" count="147" type="stmt"/>
        <line num="66" count="147" type="stmt"/>
        <line num="67" count="147" type="stmt"/>
        <line num="68" count="147" type="stmt"/>
        <line num="69" count="147" type="stmt"/>
        <line num="70" count="147" type="stmt"/>
        <line num="74" count="147" type="stmt"/>
        <line num="75" count="147" type="cond" truecount="2" falsecount="0"/>
        <line num="76" count="78" type="stmt"/>
        <line num="79" count="69" type="stmt"/>
        <line num="80" count="69" type="stmt"/>
        <line num="85" count="2" type="stmt"/>
        <line num="109" count="78" type="cond" truecount="1" falsecount="1"/>
        <line num="110" count="78" type="cond" truecount="1" falsecount="1"/>
        <line num="111" count="78" type="cond" truecount="1" falsecount="1"/>
        <line num="112" count="78" type="cond" truecount="1" falsecount="1"/>
        <line num="113" count="78" type="cond" truecount="2" falsecount="0"/>
        <line num="114" count="78" type="cond" truecount="2" falsecount="0"/>
        <line num="115" count="78" type="cond" truecount="2" falsecount="0"/>
        <line num="116" count="78" type="stmt"/>
        <line num="124" count="78" type="stmt"/>
        <line num="125" count="78" type="stmt"/>
        <line num="126" count="78" type="stmt"/>
        <line num="127" count="78" type="stmt"/>
        <line num="128" count="78" type="stmt"/>
        <line num="129" count="78" type="stmt"/>
        <line num="130" count="78" type="stmt"/>
        <line num="131" count="78" type="stmt"/>
        <line num="132" count="78" type="stmt"/>
        <line num="133" count="78" type="stmt"/>
        <line num="134" count="78" type="stmt"/>
        <line num="135" count="78" type="stmt"/>
        <line num="141" count="225" type="stmt"/>
        <line num="142" count="225" type="stmt"/>
        <line num="146" count="2" type="stmt"/>
        <line num="147" count="2" type="cond" truecount="2" falsecount="0"/>
        <line num="148" count="1" type="stmt"/>
        <line num="153" count="2" type="stmt"/>
        <line num="157" count="18" type="stmt"/>
        <line num="158" count="18" type="stmt"/>
        <line num="162" count="2" type="stmt"/>
        <line num="163" count="2" type="cond" truecount="2" falsecount="0"/>
        <line num="164" count="1" type="stmt"/>
        <line num="169" count="2" type="stmt"/>
        <line num="173" count="15" type="stmt"/>
        <line num="174" count="15" type="stmt"/>
        <line num="178" count="2" type="stmt"/>
        <line num="179" count="2" type="cond" truecount="2" falsecount="0"/>
        <line num="180" count="1" type="stmt"/>
        <line num="185" count="2" type="stmt"/>
        <line num="189" count="2" type="stmt"/>
        <line num="193" count="1" type="stmt"/>
        <line num="197" count="1" type="stmt"/>
        <line num="201" count="33" type="stmt"/>
        <line num="204" count="1" type="stmt"/>
        <line num="207" count="1" type="stmt"/>
        <line num="210" count="1" type="stmt"/>
        <line num="215" count="1" type="stmt"/>
        <line num="218" count="1" type="stmt"/>
        <line num="221" count="1" type="stmt"/>
        <line num="224" count="1" type="stmt"/>
        <line num="227" count="1" type="stmt"/>
        <line num="230" count="1" type="stmt"/>
        <line num="233" count="1" type="stmt"/>
        <line num="236" count="1" type="stmt"/>
        <line num="241" count="6385" type="cond" truecount="24" falsecount="8"/>
        <line num="246" count="1964" type="stmt"/>
        <line num="247" count="1964" type="stmt"/>
        <line num="248" count="1964" type="stmt"/>
        <line num="253" count="55" type="stmt"/>
        <line num="257" count="957" type="stmt"/>
        <line num="261" count="1344" type="stmt"/>
        <line num="265" count="958" type="stmt"/>
        <line num="269" count="957" type="stmt"/>
        <line num="273" count="1728" type="stmt"/>
        <line num="277" count="1343" type="stmt"/>
        <line num="281" count="947" type="stmt"/>
        <line num="285" count="20" type="stmt"/>
        <line num="289" count="2862" type="stmt"/>
        <line num="293" count="20" type="stmt"/>
        <line num="297" count="19" type="stmt"/>
        <line num="301" count="20" type="stmt"/>
        <line num="305" count="1" type="stmt"/>
        <line num="309" count="5" type="stmt"/>
        <line num="322" count="21" type="stmt"/>
        <line num="323" count="21" type="cond" truecount="4" falsecount="0"/>
        <line num="324" count="21" type="stmt"/>
        <line num="325" count="21" type="stmt"/>
        <line num="330" count="20" type="stmt"/>
        <line num="331" count="3" type="cond" truecount="4" falsecount="0"/>
        <line num="332" count="3" type="stmt"/>
        <line num="337" count="18" type="stmt"/>
        <line num="342" count="29" type="stmt"/>
        <line num="347" count="17" type="stmt"/>
        <line num="348" count="17" type="cond" truecount="2" falsecount="0"/>
        <line num="349" count="14" type="stmt"/>
        <line num="353" count="0" type="stmt"/>
        <line num="354" count="0" type="stmt"/>
        <line num="358" count="0" type="stmt"/>
        <line num="359" count="0" type="stmt"/>
        <line num="361" count="0" type="cond" truecount="0" falsecount="2"/>
        <line num="362" count="0" type="cond" truecount="0" falsecount="2"/>
        <line num="365" count="0" type="cond" truecount="0" falsecount="2"/>
        <line num="366" count="0" type="stmt"/>
        <line num="368" count="0" type="stmt"/>
        <line num="370" count="0" type="stmt"/>
        <line num="371" count="0" type="cond" truecount="0" falsecount="4"/>
        <line num="372" count="0" type="stmt"/>
        <line num="375" count="0" type="stmt"/>
        <line num="378" count="0" type="stmt"/>
        <line num="380" count="0" type="stmt"/>
      </file>
      <file name="stores.ts" path="/home/runner/work/tax-calculator/tax-calculator/src/stores/stores.ts">
        <metrics statements="24" coveredstatements="0" conditionals="2" coveredconditionals="0" methods="1" coveredmethods="0"/>
        <line num="1" count="0" type="stmt"/>
        <line num="2" count="0" type="stmt"/>
        <line num="3" count="0" type="stmt"/>
        <line num="4" count="0" type="stmt"/>
        <line num="6" count="0" type="stmt"/>
        <line num="7" count="0" type="stmt"/>
        <line num="9" count="0" type="stmt"/>
        <line num="11" count="0" type="cond" truecount="0" falsecount="2"/>
        <line num="12" count="0" type="stmt"/>
        <line num="13" count="0" type="stmt"/>
        <line num="14" count="0" type="stmt"/>
        <line num="16" count="0" type="stmt"/>
        <line num="17" count="0" type="stmt"/>
        <line num="18" count="0" type="stmt"/>
        <line num="19" count="0" type="stmt"/>
        <line num="20" count="0" type="stmt"/>
        <line num="23" count="0" type="stmt"/>
        <line num="25" count="0" type="stmt"/>
        <line num="27" count="0" type="stmt"/>
        <line num="28" count="0" type="stmt"/>
        <line num="30" count="0" type="stmt"/>
        <line num="31" count="0" type="stmt"/>
        <line num="32" count="0" type="stmt"/>
        <line num="33" count="0" type="stmt"/>
      </file>
    </package>
    <package name="taxforms">
      <metrics statements="247" coveredstatements="241" conditionals="18" coveredconditionals="17" methods="153" coveredmethods="152"/>
      <file name="1040.ts" path="/home/runner/work/tax-calculator/tax-calculator/src/taxforms/1040.ts">
        <metrics statements="83" coveredstatements="81" conditionals="6" coveredconditionals="5" methods="52" coveredmethods="51"/>
        <line num="2" count="7" type="stmt"/>
        <line num="3" count="7" type="stmt"/>
        <line num="4" count="7" type="stmt"/>
        <line num="5" count="7" type="stmt"/>
        <line num="6" count="7" type="stmt"/>
        <line num="7" count="7" type="stmt"/>
        <line num="8" count="7" type="stmt"/>
        <line num="11" count="7" type="stmt"/>
        <line num="12" count="7" type="stmt"/>
        <line num="13" count="7" type="stmt"/>
        <line num="14" count="7" type="stmt"/>
        <line num="15" count="7" type="stmt"/>
        <line num="16" count="7" type="stmt"/>
        <line num="19" count="7" type="stmt"/>
        <line num="30" count="7" type="stmt"/>
        <line num="47" count="68" type="stmt"/>
        <line num="48" count="68" type="stmt"/>
        <line num="49" count="68" type="stmt"/>
        <line num="50" count="68" type="stmt"/>
        <line num="51" count="68" type="stmt"/>
        <line num="52" count="68" type="stmt"/>
        <line num="53" count="68" type="stmt"/>
        <line num="55" count="68" type="stmt"/>
        <line num="56" count="1436" type="stmt"/>
        <line num="57" count="1436" type="stmt"/>
        <line num="58" count="0" type="stmt"/>
        <line num="59" count="1436" type="stmt"/>
        <line num="60" count="617" type="stmt"/>
        <line num="61" count="1436" type="stmt"/>
        <line num="62" count="1436" type="stmt"/>
        <line num="63" count="1436" type="stmt"/>
        <line num="64" count="1422" type="stmt"/>
        <line num="65" count="1436" type="stmt"/>
        <line num="66" count="1422" type="stmt"/>
        <line num="67" count="1351" type="stmt"/>
        <line num="68" count="1351" type="stmt"/>
        <line num="69" count="1351" type="stmt"/>
        <line num="70" count="1351" type="stmt"/>
        <line num="71" count="56" type="stmt"/>
        <line num="72" count="56" type="stmt"/>
        <line num="73" count="42" type="stmt"/>
        <line num="74" count="42" type="stmt"/>
        <line num="75" count="56" type="stmt"/>
        <line num="76" count="42" type="stmt"/>
        <line num="77" count="42" type="stmt"/>
        <line num="78" count="56" type="stmt"/>
        <line num="79" count="42" type="stmt"/>
        <line num="80" count="18" type="stmt"/>
        <line num="81" count="18" type="stmt"/>
        <line num="82" count="18" type="stmt"/>
        <line num="83" count="7" type="stmt"/>
        <line num="84" count="7" type="stmt"/>
        <line num="90" count="14" type="stmt"/>
        <line num="93" count="14" type="stmt"/>
        <line num="96" count="14" type="stmt"/>
        <line num="99" count="14" type="stmt"/>
        <line num="102" count="14" type="stmt"/>
        <line num="105" count="14" type="stmt"/>
        <line num="107" count="14" type="stmt"/>
        <line num="111" count="4" type="stmt"/>
        <line num="115" count="4" type="stmt"/>
        <line num="120" count="7" type="stmt"/>
        <line num="125" count="7" type="stmt"/>
        <line num="130" count="114" type="stmt"/>
        <line num="134" count="71" type="stmt"/>
        <line num="138" count="60" type="stmt"/>
        <line num="142" count="57" type="stmt"/>
        <line num="146" count="57" type="stmt"/>
        <line num="150" count="673" type="stmt"/>
        <line num="154" count="4563" type="stmt"/>
        <line num="158" count="1483" type="stmt"/>
        <line num="162" count="57" type="stmt"/>
        <line num="167" count="2053" type="stmt"/>
        <line num="171" count="1437" type="stmt"/>
        <line num="176" count="1352" type="stmt"/>
        <line num="181" count="57" type="stmt"/>
        <line num="186" count="1345" type="stmt"/>
        <line num="190" count="617" type="stmt"/>
        <line num="194" count="6" type="stmt"/>
        <line num="195" count="16" type="cond" truecount="2" falsecount="0"/>
        <line num="197" count="6" type="cond" truecount="1" falsecount="1"/>
        <line num="199" count="0" type="stmt"/>
        <line num="202" count="6" type="stmt"/>
      </file>
      <file name="8959.ts" path="/home/runner/work/tax-calculator/tax-calculator/src/taxforms/8959.ts">
        <metrics statements="18" coveredstatements="18" conditionals="0" coveredconditionals="0" methods="13" coveredmethods="13"/>
        <line num="1" count="7" type="stmt"/>
        <line num="2" count="7" type="stmt"/>
        <line num="9" count="7" type="stmt"/>
        <line num="13" count="65" type="stmt"/>
        <line num="14" count="65" type="stmt"/>
        <line num="16" count="65" type="stmt"/>
        <line num="18" count="130" type="stmt"/>
        <line num="19" count="65" type="stmt"/>
        <line num="20" count="65" type="stmt"/>
        <line num="21" count="65" type="stmt"/>
        <line num="24" count="65" type="stmt"/>
        <line num="25" count="65" type="stmt"/>
        <line num="26" count="65" type="stmt"/>
        <line num="27" count="65" type="stmt"/>
        <line num="28" count="65" type="stmt"/>
        <line num="29" count="65" type="stmt"/>
        <line num="31" count="65" type="stmt"/>
        <line num="36" count="65" type="stmt"/>
      </file>
      <file name="8960.ts" path="/home/runner/work/tax-calculator/tax-calculator/src/taxforms/8960.ts">
        <metrics statements="17" coveredstatements="17" conditionals="0" coveredconditionals="0" methods="12" coveredmethods="12"/>
        <line num="1" count="7" type="stmt"/>
        <line num="2" count="7" type="stmt"/>
        <line num="11" count="7" type="stmt"/>
        <line num="17" count="64" type="stmt"/>
        <line num="18" count="64" type="stmt"/>
        <line num="20" count="64" type="stmt"/>
        <line num="21" count="64" type="stmt"/>
        <line num="22" count="64" type="stmt"/>
        <line num="23" count="64" type="stmt"/>
        <line num="24" count="64" type="stmt"/>
        <line num="25" count="64" type="stmt"/>
        <line num="26" count="64" type="stmt"/>
        <line num="27" count="64" type="stmt"/>
        <line num="28" count="64" type="stmt"/>
        <line num="29" count="64" type="stmt"/>
        <line num="30" count="64" type="stmt"/>
        <line num="36" count="64" type="stmt"/>
      </file>
      <file name="CaliforniaTax.ts" path="/home/runner/work/tax-calculator/tax-calculator/src/taxforms/CaliforniaTax.ts">
        <metrics statements="19" coveredstatements="16" conditionals="4" coveredconditionals="4" methods="7" coveredmethods="7"/>
        <line num="4" count="2" type="stmt"/>
        <line num="16" count="2" type="stmt"/>
        <line num="20" count="50" type="stmt"/>
        <line num="25" count="24" type="stmt"/>
        <line num="26" count="24" type="stmt"/>
        <line num="31" count="8" type="stmt"/>
        <line num="32" count="8" type="stmt"/>
        <line num="33" count="8" type="stmt"/>
        <line num="37" count="24" type="cond" truecount="2" falsecount="0"/>
        <line num="39" count="20" type="stmt"/>
        <line num="40" count="89" type="cond" truecount="2" falsecount="0"/>
        <line num="41" count="20" type="stmt"/>
        <line num="42" count="20" type="stmt"/>
        <line num="47" count="0" type="stmt"/>
        <line num="48" count="0" type="stmt"/>
        <line num="49" count="0" type="stmt"/>
        <line num="54" count="4" type="stmt"/>
        <line num="58" count="3" type="stmt"/>
        <line num="62" count="6" type="stmt"/>
      </file>
      <file name="QualifiedDividendsAndCapitalGainsWorksheet.ts" path="/home/runner/work/tax-calculator/tax-calculator/src/taxforms/QualifiedDividendsAndCapitalGainsWorksheet.ts">
        <metrics statements="36" coveredstatements="35" conditionals="2" coveredconditionals="2" methods="28" coveredmethods="28"/>
        <line num="1" count="7" type="stmt"/>
        <line num="2" count="7" type="stmt"/>
        <line num="11" count="7" type="stmt"/>
        <line num="18" count="72" type="stmt"/>
        <line num="19" count="72" type="stmt"/>
        <line num="21" count="72" type="stmt"/>
        <line num="22" count="1584" type="stmt"/>
        <line num="23" count="726" type="stmt"/>
        <line num="24" count="726" type="stmt"/>
        <line num="25" count="726" type="stmt"/>
        <line num="26" count="528" type="stmt"/>
        <line num="27" count="660" type="stmt"/>
        <line num="28" count="660" type="stmt"/>
        <line num="29" count="330" type="stmt"/>
        <line num="30" count="330" type="stmt"/>
        <line num="31" count="198" type="stmt"/>
        <line num="32" count="132" type="stmt"/>
        <line num="33" count="132" type="stmt"/>
        <line num="34" count="132" type="stmt"/>
        <line num="35" count="132" type="stmt"/>
        <line num="36" count="132" type="stmt"/>
        <line num="37" count="132" type="stmt"/>
        <line num="38" count="132" type="stmt"/>
        <line num="39" count="66" type="stmt"/>
        <line num="40" count="66" type="stmt"/>
        <line num="41" count="66" type="stmt"/>
        <line num="42" count="66" type="stmt"/>
        <line num="43" count="66" type="stmt"/>
        <line num="44" count="66" type="stmt"/>
        <line num="45" count="66" type="stmt"/>
        <line num="46" count="66" type="stmt"/>
        <line num="52" count="66" type="stmt"/>
        <line num="56" count="149" type="stmt"/>
        <line num="57" count="345" type="cond" truecount="2" falsecount="0"/>
        <line num="58" count="149" type="stmt"/>
        <line num="61" count="0" type="stmt"/>
      </file>
      <file name="Schedule1.ts" path="/home/runner/work/tax-calculator/tax-calculator/src/taxforms/Schedule1.ts">
        <metrics statements="11" coveredstatements="11" conditionals="0" coveredconditionals="0" methods="5" coveredmethods="5"/>
        <line num="1" count="7" type="stmt"/>
        <line num="2" count="7" type="stmt"/>
        <line num="10" count="7" type="stmt"/>
        <line num="15" count="68" type="stmt"/>
        <line num="16" count="68" type="stmt"/>
        <line num="17" count="68" type="stmt"/>
        <line num="19" count="68" type="stmt"/>
        <line num="21" count="1436" type="stmt"/>
        <line num="23" count="1422" type="stmt"/>
        <line num="28" count="1436" type="stmt"/>
        <line num="32" count="1422" type="stmt"/>
      </file>
      <file name="Schedule2.ts" path="/home/runner/work/tax-calculator/tax-calculator/src/taxforms/Schedule2.ts">
        <metrics statements="17" coveredstatements="17" conditionals="0" coveredconditionals="0" methods="9" coveredmethods="9"/>
        <line num="1" count="7" type="stmt"/>
        <line num="2" count="7" type="stmt"/>
        <line num="3" count="7" type="stmt"/>
        <line num="4" count="7" type="stmt"/>
        <line num="20" count="7" type="stmt"/>
        <line num="25" count="77" type="stmt"/>
        <line num="26" count="77" type="stmt"/>
        <line num="27" count="77" type="stmt"/>
        <line num="29" count="77" type="stmt"/>
        <line num="30" count="59" type="stmt"/>
        <line num="31" count="59" type="stmt"/>
        <line num="32" count="67" type="stmt"/>
        <line num="33" count="60" type="stmt"/>
        <line num="34" count="60" type="stmt"/>
        <line num="39" count="59" type="stmt"/>
        <line num="43" count="8" type="stmt"/>
        <line num="47" count="60" type="stmt"/>
      </file>
      <file name="Schedule3.ts" path="/home/runner/work/tax-calculator/tax-calculator/src/taxforms/Schedule3.ts">
        <metrics statements="7" coveredstatements="7" conditionals="0" coveredconditionals="0" methods="3" coveredmethods="3"/>
        <line num="1" count="8" type="stmt"/>
        <line num="8" count="8" type="stmt"/>
        <line num="12" count="71" type="stmt"/>
        <line num="13" count="71" type="stmt"/>
        <line num="15" count="71" type="stmt"/>
        <line num="16" count="59" type="stmt"/>
        <line num="22" count="59" type="stmt"/>
      </file>
      <file name="ScheduleA.ts" path="/home/runner/work/tax-calculator/tax-calculator/src/taxforms/ScheduleA.ts">
        <metrics statements="9" coveredstatements="9" conditionals="2" coveredconditionals="2" methods="4" coveredmethods="4"/>
        <line num="1" count="7" type="stmt"/>
        <line num="2" count="7" type="stmt"/>
        <line num="9" count="7" type="stmt"/>
        <line num="13" count="68" type="stmt"/>
        <line num="15" count="68" type="stmt"/>
        <line num="17" count="68" type="stmt"/>
        <line num="18" count="1351" type="cond" truecount="2" falsecount="0"/>
        <line num="19" count="1351" type="stmt"/>
        <line num="28" count="1351" type="stmt"/>
      </file>
      <file name="ScheduleD.ts" path="/home/runner/work/tax-calculator/tax-calculator/src/taxforms/ScheduleD.ts">
        <metrics statements="9" coveredstatements="9" conditionals="0" coveredconditionals="0" methods="5" coveredmethods="5"/>
        <line num="1" count="9" type="stmt"/>
        <line num="9" count="9" type="stmt"/>
        <line num="13" count="77" type="stmt"/>
        <line num="14" count="77" type="stmt"/>
        <line num="16" count="77" type="stmt"/>
        <line num="17" count="4" type="stmt"/>
        <line num="18" count="1441" type="stmt"/>
        <line num="23" count="3" type="stmt"/>
        <line num="27" count="1440" type="stmt"/>
      </file>
      <file name="ScheduleSE.ts" path="/home/runner/work/tax-calculator/tax-calculator/src/taxforms/ScheduleSE.ts">
        <metrics statements="18" coveredstatements="18" conditionals="2" coveredconditionals="2" methods="13" coveredmethods="13"/>
        <line num="1" count="8" type="stmt"/>
        <line num="9" count="8" type="stmt"/>
        <line num="13" count="8" type="stmt"/>
        <line num="16" count="148" type="stmt"/>
        <line num="17" count="148" type="stmt"/>
        <line num="19" count="148" type="stmt"/>
        <line num="21" count="3166" type="stmt"/>
        <line num="23" count="3166" type="stmt"/>
        <line num="25" count="2988" type="cond" truecount="2" falsecount="0"/>
        <line num="28" count="1494" type="stmt"/>
        <line num="29" count="1494" type="stmt"/>
        <line num="30" count="1494" type="stmt"/>
        <line num="31" count="1494" type="stmt"/>
        <line num="34" count="1494" type="stmt"/>
        <line num="37" count="1494" type="stmt"/>
        <line num="40" count="1424" type="stmt"/>
        <line num="45" count="70" type="stmt"/>
        <line num="49" count="1424" type="stmt"/>
      </file>
      <file name="TaxForm.ts" path="/home/runner/work/tax-calculator/tax-calculator/src/taxforms/TaxForm.ts">
        <metrics statements="3" coveredstatements="3" conditionals="2" coveredconditionals="2" methods="2" coveredmethods="2"/>
        <line num="1" count="11" type="stmt"/>
        <line num="3" count="778" type="stmt"/>
        <line num="7" count="4" type="cond" truecount="2" falsecount="0"/>
      </file>
    </package>
    <package name="utils">
      <metrics statements="96" coveredstatements="4" conditionals="75" coveredconditionals="0" methods="12" coveredmethods="0"/>
      <file name="BackupService.ts" path="/home/runner/work/tax-calculator/tax-calculator/src/utils/BackupService.ts">
        <metrics statements="96" coveredstatements="4" conditionals="75" coveredconditionals="0" methods="12" coveredmethods="0"/>
        <line num="21" count="5" type="stmt"/>
        <line num="22" count="5" type="stmt"/>
        <line num="23" count="5" type="stmt"/>
        <line num="24" count="5" type="stmt"/>
        <line num="27" count="0" type="stmt"/>
        <line num="28" count="0" type="stmt"/>
        <line num="29" count="0" type="stmt"/>
        <line num="33" count="0" type="stmt"/>
        <line num="40" count="0" type="stmt"/>
        <line num="47" count="0" type="stmt"/>
        <line num="48" count="0" type="stmt"/>
        <line num="49" count="0" type="stmt"/>
        <line num="50" count="0" type="stmt"/>
        <line num="52" count="0" type="stmt"/>
        <line num="53" count="0" type="stmt"/>
        <line num="54" count="0" type="stmt"/>
        <line num="55" count="0" type="stmt"/>
        <line num="56" count="0" type="stmt"/>
        <line num="57" count="0" type="stmt"/>
        <line num="58" count="0" type="stmt"/>
        <line num="62" count="0" type="stmt"/>
        <line num="63" count="0" type="stmt"/>
        <line num="65" count="0" type="cond" truecount="0" falsecount="4"/>
        <line num="66" count="0" type="stmt"/>
        <line num="67" count="0" type="stmt"/>
        <line num="70" count="0" type="cond" truecount="0" falsecount="2"/>
        <line num="71" count="0" type="stmt"/>
        <line num="73" count="0" type="cond" truecount="0" falsecount="2"/>
        <line num="74" count="0" type="stmt"/>
        <line num="76" count="0" type="cond" truecount="0" falsecount="2"/>
        <line num="77" count="0" type="stmt"/>
        <line num="78" count="0" type="cond" truecount="0" falsecount="2"/>
        <line num="79" count="0" type="stmt"/>
        <line num="81" count="0" type="cond" truecount="0" falsecount="2"/>
        <line num="82" count="0" type="stmt"/>
        <line num="86" count="0" type="cond" truecount="0" falsecount="2"/>
        <line num="87" count="0" type="stmt"/>
        <line num="88" count="0" type="stmt"/>
        <line num="92" count="0" type="stmt"/>
        <line num="119" count="0" type="cond" truecount="0" falsecount="2"/>
        <line num="120" count="0" type="stmt"/>
        <line num="121" count="0" type="cond" truecount="0" falsecount="3"/>
        <line num="123" count="0" type="cond" truecount="0" falsecount="2"/>
        <line num="124" count="0" type="stmt"/>
        <line num="126" count="0" type="cond" truecount="0" falsecount="2"/>
        <line num="127" count="0" type="stmt"/>
        <line num="130" count="0" type="cond" truecount="0" falsecount="2"/>
        <line num="131" count="0" type="stmt"/>
        <line num="132" count="0" type="cond" truecount="0" falsecount="3"/>
        <line num="134" count="0" type="cond" truecount="0" falsecount="2"/>
        <line num="135" count="0" type="stmt"/>
        <line num="137" count="0" type="cond" truecount="0" falsecount="2"/>
        <line num="138" count="0" type="stmt"/>
        <line num="141" count="0" type="cond" truecount="0" falsecount="2"/>
        <line num="142" count="0" type="stmt"/>
        <line num="143" count="0" type="cond" truecount="0" falsecount="3"/>
        <line num="145" count="0" type="cond" truecount="0" falsecount="2"/>
        <line num="146" count="0" type="stmt"/>
        <line num="148" count="0" type="cond" truecount="0" falsecount="2"/>
        <line num="149" count="0" type="stmt"/>
        <line num="153" count="0" type="cond" truecount="0" falsecount="4"/>
        <line num="154" count="0" type="stmt"/>
        <line num="163" count="0" type="stmt"/>
        <line num="164" count="0" type="cond" truecount="0" falsecount="4"/>
        <line num="165" count="0" type="stmt"/>
        <line num="171" count="0" type="cond" truecount="0" falsecount="2"/>
        <line num="172" count="0" type="stmt"/>
        <line num="178" count="0" type="stmt"/>
        <line num="184" count="0" type="stmt"/>
        <line num="185" count="0" type="cond" truecount="0" falsecount="2"/>
        <line num="186" count="0" type="stmt"/>
        <line num="187" count="0" type="cond" truecount="0" falsecount="2"/>
        <line num="188" count="0" type="stmt"/>
        <line num="190" count="0" type="stmt"/>
        <line num="194" count="0" type="stmt"/>
        <line num="203" count="0" type="stmt"/>
        <line num="204" count="0" type="stmt"/>
        <line num="212" count="0" type="stmt"/>
        <line num="213" count="0" type="stmt"/>
        <line num="214" count="0" type="stmt"/>
        <line num="215" count="0" type="stmt"/>
        <line num="217" count="0" type="stmt"/>
        <line num="218" count="0" type="cond" truecount="0" falsecount="4"/>
        <line num="219" count="0" type="cond" truecount="0" falsecount="2"/>
        <line num="220" count="0" type="stmt"/>
        <line num="221" count="0" type="stmt"/>
        <line num="224" count="0" type="stmt"/>
        <line num="225" count="0" type="stmt"/>
        <line num="226" count="0" type="stmt"/>
        <line num="227" count="0" type="stmt"/>
        <line num="229" count="0" type="cond" truecount="0" falsecount="2"/>
        <line num="230" count="0" type="stmt"/>
        <line num="234" count="0" type="stmt"/>
        <line num="237" count="0" type="stmt"/>
        <line num="243" count="0" type="stmt"/>
        <line num="250" count="0" type="stmt"/>
      </file>
    </package>
  </project>
</coverage>
