{"/home/runner/work/tax-calculator/tax-calculator/src/stores/AppStore.ts": {"path":"/home/runner/work/tax-calculator/tax-calculator/src/stores/AppStore.ts","statementMap":{"0":{"start":{"line":1,"column":0},"end":{"line":1,"column":42}},"1":{"start":{"line":3,"column":0},"end":{"line":3,"column":44}},"2":{"start":{"line":4,"column":0},"end":{"line":4,"column":58}},"3":{"start":{"line":12,"column":4},"end":{"line":12,"column":null}},"4":{"start":{"line":13,"column":4},"end":{"line":13,"column":null}},"5":{"start":{"line":14,"column":4},"end":{"line":14,"column":null}},"6":{"start":{"line":15,"column":4},"end":{"line":15,"column":null}},"7":{"start":{"line":19,"column":4},"end":{"line":19,"column":null}},"8":{"start":{"line":23,"column":4},"end":{"line":23,"column":null}},"9":{"start":{"line":27,"column":4},"end":{"line":27,"column":null}},"10":{"start":{"line":32,"column":4},"end":{"line":32,"column":null}},"11":{"start":{"line":37,"column":4},"end":{"line":37,"column":null}},"12":{"start":{"line":41,"column":4},"end":{"line":41,"column":null}},"13":{"start":{"line":45,"column":4},"end":{"line":45,"column":null}},"14":{"start":{"line":49,"column":4},"end":{"line":49,"column":null}},"15":{"start":{"line":54,"column":17},"end":{"line":54,"column":44}},"16":{"start":{"line":55,"column":4},"end":{"line":55,"column":null}},"17":{"start":{"line":60,"column":4},"end":{"line":60,"column":null}},"18":{"start":{"line":64,"column":4},"end":{"line":64,"column":null}},"19":{"start":{"line":68,"column":4},"end":{"line":68,"column":null}},"20":{"start":{"line":72,"column":4},"end":{"line":72,"column":null}},"21":{"start":{"line":76,"column":4},"end":{"line":76,"column":null}},"22":{"start":{"line":80,"column":4},"end":{"line":80,"column":null}},"23":{"start":{"line":6,"column":0},"end":{"line":6,"column":13}}},"fnMap":{"0":{"name":"(anonymous_0)","decl":{"start":{"line":11,"column":2},"end":{"line":11,"column":14}},"loc":{"start":{"line":11,"column":44},"end":{"line":16,"column":3}}},"1":{"name":"(anonymous_1)","decl":{"start":{"line":18,"column":2},"end":{"line":18,"column":6}},"loc":{"start":{"line":18,"column":9},"end":{"line":20,"column":3}}},"2":{"name":"(anonymous_2)","decl":{"start":{"line":22,"column":2},"end":{"line":22,"column":6}},"loc":{"start":{"line":22,"column":23},"end":{"line":24,"column":3}}},"3":{"name":"(anonymous_3)","decl":{"start":{"line":26,"column":2},"end":{"line":26,"column":6}},"loc":{"start":{"line":26,"column":14},"end":{"line":28,"column":3}}},"4":{"name":"(anonymous_4)","decl":{"start":{"line":30,"column":2},"end":{"line":30,"column":6}},"loc":{"start":{"line":30,"column":12},"end":{"line":33,"column":3}}},"5":{"name":"(anonymous_5)","decl":{"start":{"line":35,"column":2},"end":{"line":35,"column":6}},"loc":{"start":{"line":35,"column":10},"end":{"line":38,"column":3}}},"6":{"name":"(anonymous_6)","decl":{"start":{"line":40,"column":2},"end":{"line":40,"column":6}},"loc":{"start":{"line":40,"column":17},"end":{"line":42,"column":3}}},"7":{"name":"(anonymous_7)","decl":{"start":{"line":44,"column":2},"end":{"line":44,"column":6}},"loc":{"start":{"line":44,"column":9},"end":{"line":46,"column":3}}},"8":{"name":"(anonymous_8)","decl":{"start":{"line":48,"column":2},"end":{"line":48,"column":6}},"loc":{"start":{"line":48,"column":10},"end":{"line":50,"column":3}}},"9":{"name":"(anonymous_9)","decl":{"start":{"line":52,"column":2},"end":{"line":52,"column":6}},"loc":{"start":{"line":52,"column":22},"end":{"line":56,"column":3}}},"10":{"name":"(anonymous_10)","decl":{"start":{"line":59,"column":2},"end":{"line":59,"column":6}},"loc":{"start":{"line":59,"column":21},"end":{"line":61,"column":3}}},"11":{"name":"(anonymous_11)","decl":{"start":{"line":63,"column":2},"end":{"line":63,"column":6}},"loc":{"start":{"line":63,"column":21},"end":{"line":65,"column":3}}},"12":{"name":"(anonymous_12)","decl":{"start":{"line":67,"column":2},"end":{"line":67,"column":6}},"loc":{"start":{"line":67,"column":13},"end":{"line":69,"column":3}}},"13":{"name":"(anonymous_13)","decl":{"start":{"line":71,"column":2},"end":{"line":71,"column":6}},"loc":{"start":{"line":71,"column":15},"end":{"line":73,"column":3}}},"14":{"name":"(anonymous_14)","decl":{"start":{"line":75,"column":2},"end":{"line":75,"column":6}},"loc":{"start":{"line":75,"column":17},"end":{"line":77,"column":3}}},"15":{"name":"(anonymous_15)","decl":{"start":{"line":79,"column":2},"end":{"line":79,"column":6}},"loc":{"start":{"line":79,"column":24},"end":{"line":81,"column":3}}}},"branchMap":{"0":{"loc":{"start":{"line":55,"column":11},"end":{"line":55,"column":33}},"type":"cond-expr","locations":[{"start":{"line":55,"column":25},"end":{"line":55,"column":26}},{"start":{"line":55,"column":29},"end":{"line":55,"column":33}}]}},"s":{"0":0,"1":0,"2":0,"3":0,"4":0,"5":0,"6":0,"7":0,"8":0,"9":0,"10":0,"11":0,"12":0,"13":0,"14":0,"15":0,"16":0,"17":0,"18":0,"19":0,"20":0,"21":0,"22":0,"23":0},"f":{"0":0,"1":0,"2":0,"3":0,"4":0,"5":0,"6":0,"7":0,"8":0,"9":0,"10":0,"11":0,"12":0,"13":0,"14":0,"15":0},"b":{"0":[0,0]}}
,"/home/runner/work/tax-calculator/tax-calculator/src/stores/UserInputStore.ts": {"path":"/home/runner/work/tax-calculator/tax-calculator/src/stores/UserInputStore.ts","statementMap":{"0":{"start":{"line":1,"column":0},"end":{"line":1,"column":41}},"1":{"start":{"line":2,"column":0},"end":{"line":2,"column":35}},"2":{"start":{"line":4,"column":0},"end":{"line":4,"column":54}},"3":{"start":{"line":33,"column":2},"end":{"line":33,"column":null}},"4":{"start":{"line":34,"column":2},"end":{"line":34,"column":null}},"5":{"start":{"line":35,"column":2},"end":{"line":35,"column":null}},"6":{"start":{"line":38,"column":2},"end":{"line":38,"column":null}},"7":{"start":{"line":41,"column":2},"end":{"line":41,"column":null}},"8":{"start":{"line":44,"column":2},"end":{"line":44,"column":null}},"9":{"start":{"line":47,"column":2},"end":{"line":54,"column":null}},"10":{"start":{"line":57,"column":2},"end":{"line":57,"column":null}},"11":{"start":{"line":58,"column":2},"end":{"line":58,"column":null}},"12":{"start":{"line":59,"column":2},"end":{"line":59,"column":null}},"13":{"start":{"line":60,"column":2},"end":{"line":60,"column":null}},"14":{"start":{"line":63,"column":2},"end":{"line":63,"column":null}},"15":{"start":{"line":64,"column":2},"end":{"line":64,"column":null}},"16":{"start":{"line":65,"column":2},"end":{"line":65,"column":null}},"17":{"start":{"line":66,"column":2},"end":{"line":66,"column":null}},"18":{"start":{"line":67,"column":2},"end":{"line":67,"column":null}},"19":{"start":{"line":68,"column":2},"end":{"line":68,"column":null}},"20":{"start":{"line":69,"column":2},"end":{"line":69,"column":null}},"21":{"start":{"line":70,"column":2},"end":{"line":70,"column":null}},"22":{"start":{"line":74,"column":4},"end":{"line":74,"column":null}},"23":{"start":{"line":75,"column":4},"end":{"line":81,"column":5}},"24":{"start":{"line":76,"column":6},"end":{"line":76,"column":null}},"25":{"start":{"line":79,"column":6},"end":{"line":79,"column":null}},"26":{"start":{"line":80,"column":6},"end":{"line":80,"column":null}},"27":{"start":{"line":85,"column":4},"end":{"line":105,"column":null}},"28":{"start":{"line":109,"column":4},"end":{"line":136,"column":5}},"29":{"start":{"line":110,"column":6},"end":{"line":110,"column":null}},"30":{"start":{"line":111,"column":6},"end":{"line":111,"column":null}},"31":{"start":{"line":112,"column":6},"end":{"line":112,"column":null}},"32":{"start":{"line":113,"column":6},"end":{"line":113,"column":null}},"33":{"start":{"line":114,"column":6},"end":{"line":114,"column":null}},"34":{"start":{"line":115,"column":6},"end":{"line":115,"column":null}},"35":{"start":{"line":116,"column":6},"end":{"line":123,"column":null}},"36":{"start":{"line":124,"column":6},"end":{"line":124,"column":null}},"37":{"start":{"line":125,"column":6},"end":{"line":125,"column":null}},"38":{"start":{"line":126,"column":6},"end":{"line":126,"column":null}},"39":{"start":{"line":127,"column":6},"end":{"line":127,"column":null}},"40":{"start":{"line":128,"column":6},"end":{"line":128,"column":null}},"41":{"start":{"line":129,"column":6},"end":{"line":129,"column":null}},"42":{"start":{"line":130,"column":6},"end":{"line":130,"column":null}},"43":{"start":{"line":131,"column":6},"end":{"line":131,"column":null}},"44":{"start":{"line":132,"column":6},"end":{"line":132,"column":null}},"45":{"start":{"line":133,"column":6},"end":{"line":133,"column":null}},"46":{"start":{"line":134,"column":6},"end":{"line":134,"column":null}},"47":{"start":{"line":135,"column":6},"end":{"line":135,"column":null}},"48":{"start":{"line":141,"column":15},"end":{"line":141,"column":23}},"49":{"start":{"line":142,"column":4},"end":{"line":142,"column":null}},"50":{"start":{"line":146,"column":15},"end":{"line":146,"column":51}},"51":{"start":{"line":146,"column":39},"end":{"line":146,"column":50}},"52":{"start":{"line":147,"column":4},"end":{"line":149,"column":5}},"53":{"start":{"line":148,"column":6},"end":{"line":148,"column":null}},"54":{"start":{"line":153,"column":4},"end":{"line":153,"column":null}},"55":{"start":{"line":153,"column":46},"end":{"line":153,"column":57}},"56":{"start":{"line":157,"column":15},"end":{"line":157,"column":23}},"57":{"start":{"line":158,"column":4},"end":{"line":158,"column":null}},"58":{"start":{"line":162,"column":21},"end":{"line":162,"column":63}},"59":{"start":{"line":162,"column":51},"end":{"line":162,"column":62}},"60":{"start":{"line":163,"column":4},"end":{"line":165,"column":5}},"61":{"start":{"line":164,"column":6},"end":{"line":164,"column":null}},"62":{"start":{"line":169,"column":4},"end":{"line":169,"column":null}},"63":{"start":{"line":169,"column":58},"end":{"line":169,"column":69}},"64":{"start":{"line":173,"column":15},"end":{"line":173,"column":23}},"65":{"start":{"line":174,"column":4},"end":{"line":174,"column":null}},"66":{"start":{"line":178,"column":19},"end":{"line":178,"column":62}},"67":{"start":{"line":178,"column":50},"end":{"line":178,"column":61}},"68":{"start":{"line":179,"column":4},"end":{"line":181,"column":5}},"69":{"start":{"line":180,"column":6},"end":{"line":180,"column":null}},"70":{"start":{"line":185,"column":4},"end":{"line":185,"column":null}},"71":{"start":{"line":185,"column":60},"end":{"line":185,"column":71}},"72":{"start":{"line":189,"column":4},"end":{"line":189,"column":null}},"73":{"start":{"line":193,"column":4},"end":{"line":193,"column":null}},"74":{"start":{"line":197,"column":4},"end":{"line":197,"column":null}},"75":{"start":{"line":201,"column":4},"end":{"line":201,"column":null}},"76":{"start":{"line":204,"column":4},"end":{"line":204,"column":null}},"77":{"start":{"line":207,"column":4},"end":{"line":207,"column":null}},"78":{"start":{"line":210,"column":4},"end":{"line":210,"column":null}},"79":{"start":{"line":215,"column":4},"end":{"line":215,"column":null}},"80":{"start":{"line":218,"column":4},"end":{"line":218,"column":null}},"81":{"start":{"line":221,"column":4},"end":{"line":221,"column":null}},"82":{"start":{"line":224,"column":4},"end":{"line":224,"column":null}},"83":{"start":{"line":227,"column":4},"end":{"line":227,"column":null}},"84":{"start":{"line":230,"column":4},"end":{"line":230,"column":null}},"85":{"start":{"line":233,"column":4},"end":{"line":233,"column":null}},"86":{"start":{"line":236,"column":4},"end":{"line":236,"column":null}},"87":{"start":{"line":241,"column":4},"end":{"line":241,"column":null}},"88":{"start":{"line":246,"column":20},"end":{"line":246,"column":73}},"89":{"start":{"line":246,"column":54},"end":{"line":246,"column":69}},"90":{"start":{"line":247,"column":24},"end":{"line":247,"column":92}},"91":{"start":{"line":247,"column":69},"end":{"line":247,"column":88}},"92":{"start":{"line":248,"column":4},"end":{"line":248,"column":null}},"93":{"start":{"line":253,"column":4},"end":{"line":253,"column":null}},"94":{"start":{"line":257,"column":4},"end":{"line":257,"column":null}},"95":{"start":{"line":261,"column":4},"end":{"line":261,"column":null}},"96":{"start":{"line":265,"column":4},"end":{"line":265,"column":null}},"97":{"start":{"line":269,"column":4},"end":{"line":269,"column":null}},"98":{"start":{"line":273,"column":4},"end":{"line":273,"column":null}},"99":{"start":{"line":277,"column":4},"end":{"line":277,"column":null}},"100":{"start":{"line":281,"column":4},"end":{"line":281,"column":null}},"101":{"start":{"line":285,"column":4},"end":{"line":285,"column":null}},"102":{"start":{"line":285,"column":45},"end":{"line":285,"column":65}},"103":{"start":{"line":289,"column":4},"end":{"line":289,"column":null}},"104":{"start":{"line":289,"column":50},"end":{"line":289,"column":79}},"105":{"start":{"line":293,"column":4},"end":{"line":293,"column":null}},"106":{"start":{"line":293,"column":56},"end":{"line":293,"column":80}},"107":{"start":{"line":297,"column":4},"end":{"line":297,"column":null}},"108":{"start":{"line":301,"column":4},"end":{"line":301,"column":null}},"109":{"start":{"line":305,"column":4},"end":{"line":305,"column":null}},"110":{"start":{"line":309,"column":4},"end":{"line":317,"column":null}},"111":{"start":{"line":322,"column":4},"end":{"line":326,"column":null}},"112":{"start":{"line":323,"column":23},"end":{"line":323,"column":39}},"113":{"start":{"line":324,"column":27},"end":{"line":324,"column":41}},"114":{"start":{"line":325,"column":6},"end":{"line":325,"column":null}},"115":{"start":{"line":330,"column":4},"end":{"line":333,"column":null}},"116":{"start":{"line":331,"column":24},"end":{"line":331,"column":60}},"117":{"start":{"line":332,"column":6},"end":{"line":332,"column":null}},"118":{"start":{"line":337,"column":4},"end":{"line":337,"column":null}},"119":{"start":{"line":342,"column":4},"end":{"line":342,"column":null}},"120":{"start":{"line":347,"column":28},"end":{"line":347,"column":73}},"121":{"start":{"line":348,"column":4},"end":{"line":348,"column":null}},"122":{"start":{"line":348,"column":31},"end":{"line":348,"column":null}},"123":{"start":{"line":349,"column":4},"end":{"line":349,"column":null}},"124":{"start":{"line":353,"column":21},"end":{"line":353,"column":37}},"125":{"start":{"line":354,"column":4},"end":{"line":354,"column":null}},"126":{"start":{"line":358,"column":4},"end":{"line":384,"column":5}},"127":{"start":{"line":359,"column":21},"end":{"line":359,"column":57}},"128":{"start":{"line":361,"column":6},"end":{"line":363,"column":7}},"129":{"start":{"line":362,"column":8},"end":{"line":362,"column":null}},"130":{"start":{"line":365,"column":6},"end":{"line":376,"column":7}},"131":{"start":{"line":366,"column":8},"end":{"line":366,"column":null}},"132":{"start":{"line":368,"column":8},"end":{"line":368,"column":null}},"133":{"start":{"line":370,"column":22},"end":{"line":370,"column":53}},"134":{"start":{"line":371,"column":8},"end":{"line":373,"column":9}},"135":{"start":{"line":372,"column":10},"end":{"line":372,"column":null}},"136":{"start":{"line":375,"column":8},"end":{"line":375,"column":null}},"137":{"start":{"line":378,"column":6},"end":{"line":378,"column":null}},"138":{"start":{"line":380,"column":6},"end":{"line":383,"column":null}},"139":{"start":{"line":28,"column":0},"end":{"line":28,"column":13}}},"fnMap":{"0":{"name":"(anonymous_7)","decl":{"start":{"line":72,"column":2},"end":{"line":72,"column":14}},"loc":{"start":{"line":72,"column":41},"end":{"line":82,"column":3}}},"1":{"name":"(anonymous_8)","decl":{"start":{"line":84,"column":2},"end":{"line":84,"column":11}},"loc":{"start":{"line":84,"column":11},"end":{"line":106,"column":3}}},"2":{"name":"(anonymous_9)","decl":{"start":{"line":108,"column":2},"end":{"line":108,"column":13}},"loc":{"start":{"line":108,"column":33},"end":{"line":137,"column":3}}},"3":{"name":"(anonymous_10)","decl":{"start":{"line":140,"column":2},"end":{"line":140,"column":13}},"loc":{"start":{"line":140,"column":101},"end":{"line":143,"column":3}}},"4":{"name":"(anonymous_11)","decl":{"start":{"line":145,"column":2},"end":{"line":145,"column":16}},"loc":{"start":{"line":145,"column":67},"end":{"line":150,"column":3}}},"5":{"name":"(anonymous_12)","decl":{"start":{"line":146,"column":34},"end":{"line":146,"column":35}},"loc":{"start":{"line":146,"column":39},"end":{"line":146,"column":50}}},"6":{"name":"(anonymous_13)","decl":{"start":{"line":152,"column":2},"end":{"line":152,"column":16}},"loc":{"start":{"line":152,"column":27},"end":{"line":154,"column":3}}},"7":{"name":"(anonymous_14)","decl":{"start":{"line":153,"column":41},"end":{"line":153,"column":42}},"loc":{"start":{"line":153,"column":46},"end":{"line":153,"column":57}}},"8":{"name":"(anonymous_15)","decl":{"start":{"line":156,"column":2},"end":{"line":156,"column":19}},"loc":{"start":{"line":156,"column":87},"end":{"line":159,"column":3}}},"9":{"name":"(anonymous_16)","decl":{"start":{"line":161,"column":2},"end":{"line":161,"column":22}},"loc":{"start":{"line":161,"column":79},"end":{"line":166,"column":3}}},"10":{"name":"(anonymous_17)","decl":{"start":{"line":162,"column":46},"end":{"line":162,"column":47}},"loc":{"start":{"line":162,"column":51},"end":{"line":162,"column":62}}},"11":{"name":"(anonymous_18)","decl":{"start":{"line":168,"column":2},"end":{"line":168,"column":22}},"loc":{"start":{"line":168,"column":33},"end":{"line":170,"column":3}}},"12":{"name":"(anonymous_19)","decl":{"start":{"line":169,"column":53},"end":{"line":169,"column":54}},"loc":{"start":{"line":169,"column":58},"end":{"line":169,"column":69}}},"13":{"name":"(anonymous_20)","decl":{"start":{"line":172,"column":2},"end":{"line":172,"column":19}},"loc":{"start":{"line":172,"column":145},"end":{"line":175,"column":3}}},"14":{"name":"(anonymous_21)","decl":{"start":{"line":177,"column":2},"end":{"line":177,"column":22}},"loc":{"start":{"line":177,"column":79},"end":{"line":182,"column":3}}},"15":{"name":"(anonymous_22)","decl":{"start":{"line":178,"column":45},"end":{"line":178,"column":46}},"loc":{"start":{"line":178,"column":50},"end":{"line":178,"column":61}}},"16":{"name":"(anonymous_23)","decl":{"start":{"line":184,"column":2},"end":{"line":184,"column":22}},"loc":{"start":{"line":184,"column":33},"end":{"line":186,"column":3}}},"17":{"name":"(anonymous_24)","decl":{"start":{"line":185,"column":55},"end":{"line":185,"column":56}},"loc":{"start":{"line":185,"column":60},"end":{"line":185,"column":71}}},"18":{"name":"(anonymous_25)","decl":{"start":{"line":188,"column":2},"end":{"line":188,"column":25}},"loc":{"start":{"line":188,"column":69},"end":{"line":190,"column":3}}},"19":{"name":"(anonymous_26)","decl":{"start":{"line":192,"column":2},"end":{"line":192,"column":31}},"loc":{"start":{"line":192,"column":75},"end":{"line":194,"column":3}}},"20":{"name":"(anonymous_27)","decl":{"start":{"line":196,"column":2},"end":{"line":196,"column":28}},"loc":{"start":{"line":196,"column":72},"end":{"line":198,"column":3}}},"21":{"name":"(anonymous_28)","decl":{"start":{"line":200,"column":2},"end":{"line":200,"column":24}},"loc":{"start":{"line":200,"column":102},"end":{"line":202,"column":3}}},"22":{"name":"(anonymous_29)","decl":{"start":{"line":203,"column":2},"end":{"line":203,"column":20}},"loc":{"start":{"line":203,"column":34},"end":{"line":205,"column":3}}},"23":{"name":"(anonymous_30)","decl":{"start":{"line":206,"column":2},"end":{"line":206,"column":21}},"loc":{"start":{"line":206,"column":35},"end":{"line":208,"column":3}}},"24":{"name":"(anonymous_31)","decl":{"start":{"line":209,"column":2},"end":{"line":209,"column":21}},"loc":{"start":{"line":209,"column":35},"end":{"line":211,"column":3}}},"25":{"name":"(anonymous_32)","decl":{"start":{"line":214,"column":2},"end":{"line":214,"column":17}},"loc":{"start":{"line":214,"column":31},"end":{"line":216,"column":3}}},"26":{"name":"(anonymous_33)","decl":{"start":{"line":217,"column":2},"end":{"line":217,"column":17}},"loc":{"start":{"line":217,"column":31},"end":{"line":219,"column":3}}},"27":{"name":"(anonymous_34)","decl":{"start":{"line":220,"column":2},"end":{"line":220,"column":14}},"loc":{"start":{"line":220,"column":28},"end":{"line":222,"column":3}}},"28":{"name":"(anonymous_35)","decl":{"start":{"line":223,"column":2},"end":{"line":223,"column":14}},"loc":{"start":{"line":223,"column":28},"end":{"line":225,"column":3}}},"29":{"name":"(anonymous_36)","decl":{"start":{"line":226,"column":2},"end":{"line":226,"column":14}},"loc":{"start":{"line":226,"column":28},"end":{"line":228,"column":3}}},"30":{"name":"(anonymous_37)","decl":{"start":{"line":229,"column":2},"end":{"line":229,"column":14}},"loc":{"start":{"line":229,"column":28},"end":{"line":231,"column":3}}},"31":{"name":"(anonymous_38)","decl":{"start":{"line":232,"column":2},"end":{"line":232,"column":30}},"loc":{"start":{"line":232,"column":44},"end":{"line":234,"column":3}}},"32":{"name":"(anonymous_39)","decl":{"start":{"line":235,"column":2},"end":{"line":235,"column":21}},"loc":{"start":{"line":235,"column":35},"end":{"line":237,"column":3}}},"33":{"name":"(anonymous_40)","decl":{"start":{"line":240,"column":10},"end":{"line":240,"column":22}},"loc":{"start":{"line":240,"column":42},"end":{"line":242,"column":3}}},"34":{"name":"(anonymous_41)","decl":{"start":{"line":245,"column":2},"end":{"line":245,"column":6}},"loc":{"start":{"line":245,"column":19},"end":{"line":249,"column":3}}},"35":{"name":"(anonymous_42)","decl":{"start":{"line":246,"column":41},"end":{"line":246,"column":42}},"loc":{"start":{"line":246,"column":54},"end":{"line":246,"column":69}}},"36":{"name":"(anonymous_43)","decl":{"start":{"line":247,"column":52},"end":{"line":247,"column":53}},"loc":{"start":{"line":247,"column":69},"end":{"line":247,"column":88}}},"37":{"name":"(anonymous_44)","decl":{"start":{"line":252,"column":2},"end":{"line":252,"column":6}},"loc":{"start":{"line":252,"column":21},"end":{"line":254,"column":3}}},"38":{"name":"(anonymous_45)","decl":{"start":{"line":256,"column":2},"end":{"line":256,"column":6}},"loc":{"start":{"line":256,"column":21},"end":{"line":258,"column":3}}},"39":{"name":"(anonymous_46)","decl":{"start":{"line":260,"column":2},"end":{"line":260,"column":6}},"loc":{"start":{"line":260,"column":24},"end":{"line":262,"column":3}}},"40":{"name":"(anonymous_47)","decl":{"start":{"line":264,"column":2},"end":{"line":264,"column":6}},"loc":{"start":{"line":264,"column":27},"end":{"line":266,"column":3}}},"41":{"name":"(anonymous_48)","decl":{"start":{"line":268,"column":2},"end":{"line":268,"column":6}},"loc":{"start":{"line":268,"column":20},"end":{"line":270,"column":3}}},"42":{"name":"(anonymous_49)","decl":{"start":{"line":272,"column":2},"end":{"line":272,"column":6}},"loc":{"start":{"line":272,"column":26},"end":{"line":274,"column":3}}},"43":{"name":"(anonymous_50)","decl":{"start":{"line":276,"column":2},"end":{"line":276,"column":6}},"loc":{"start":{"line":276,"column":27},"end":{"line":278,"column":3}}},"44":{"name":"(anonymous_51)","decl":{"start":{"line":280,"column":2},"end":{"line":280,"column":6}},"loc":{"start":{"line":280,"column":21},"end":{"line":282,"column":3}}},"45":{"name":"(anonymous_52)","decl":{"start":{"line":284,"column":2},"end":{"line":284,"column":6}},"loc":{"start":{"line":284,"column":24},"end":{"line":286,"column":3}}},"46":{"name":"(anonymous_53)","decl":{"start":{"line":285,"column":32},"end":{"line":285,"column":33}},"loc":{"start":{"line":285,"column":45},"end":{"line":285,"column":65}}},"47":{"name":"(anonymous_54)","decl":{"start":{"line":288,"column":2},"end":{"line":288,"column":6}},"loc":{"start":{"line":288,"column":25},"end":{"line":290,"column":3}}},"48":{"name":"(anonymous_55)","decl":{"start":{"line":289,"column":38},"end":{"line":289,"column":39}},"loc":{"start":{"line":289,"column":50},"end":{"line":289,"column":79}}},"49":{"name":"(anonymous_56)","decl":{"start":{"line":292,"column":2},"end":{"line":292,"column":6}},"loc":{"start":{"line":292,"column":28},"end":{"line":294,"column":3}}},"50":{"name":"(anonymous_57)","decl":{"start":{"line":293,"column":39},"end":{"line":293,"column":40}},"loc":{"start":{"line":293,"column":56},"end":{"line":293,"column":80}}},"51":{"name":"(anonymous_58)","decl":{"start":{"line":296,"column":2},"end":{"line":296,"column":6}},"loc":{"start":{"line":296,"column":22},"end":{"line":298,"column":3}}},"52":{"name":"(anonymous_59)","decl":{"start":{"line":300,"column":2},"end":{"line":300,"column":6}},"loc":{"start":{"line":300,"column":27},"end":{"line":302,"column":3}}},"53":{"name":"(anonymous_60)","decl":{"start":{"line":304,"column":2},"end":{"line":304,"column":6}},"loc":{"start":{"line":304,"column":20},"end":{"line":306,"column":3}}},"54":{"name":"(anonymous_61)","decl":{"start":{"line":308,"column":2},"end":{"line":308,"column":6}},"loc":{"start":{"line":308,"column":21},"end":{"line":318,"column":3}}},"55":{"name":"(anonymous_62)","decl":{"start":{"line":321,"column":2},"end":{"line":321,"column":6}},"loc":{"start":{"line":321,"column":28},"end":{"line":327,"column":3}}},"56":{"name":"(anonymous_63)","decl":{"start":{"line":322,"column":32},"end":{"line":322,"column":33}},"loc":{"start":{"line":322,"column":44},"end":{"line":326,"column":5}}},"57":{"name":"(anonymous_64)","decl":{"start":{"line":329,"column":2},"end":{"line":329,"column":6}},"loc":{"start":{"line":329,"column":32},"end":{"line":334,"column":3}}},"58":{"name":"(anonymous_65)","decl":{"start":{"line":330,"column":39},"end":{"line":330,"column":40}},"loc":{"start":{"line":330,"column":55},"end":{"line":333,"column":5}}},"59":{"name":"(anonymous_66)","decl":{"start":{"line":336,"column":2},"end":{"line":336,"column":6}},"loc":{"start":{"line":336,"column":26},"end":{"line":338,"column":3}}},"60":{"name":"(anonymous_67)","decl":{"start":{"line":341,"column":2},"end":{"line":341,"column":6}},"loc":{"start":{"line":341,"column":28},"end":{"line":343,"column":3}}},"61":{"name":"(anonymous_68)","decl":{"start":{"line":346,"column":2},"end":{"line":346,"column":6}},"loc":{"start":{"line":346,"column":20},"end":{"line":350,"column":3}}},"62":{"name":"(anonymous_69)","decl":{"start":{"line":352,"column":2},"end":{"line":352,"column":14}},"loc":{"start":{"line":352,"column":14},"end":{"line":355,"column":3}}},"63":{"name":"(anonymous_70)","decl":{"start":{"line":357,"column":8},"end":{"line":357,"column":20}},"loc":{"start":{"line":357,"column":20},"end":{"line":385,"column":null}}}},"branchMap":{"0":{"loc":{"start":{"line":75,"column":4},"end":{"line":81,"column":5}},"type":"if","locations":[{"start":{"line":75,"column":4},"end":{"line":81,"column":5}},{"start":{"line":77,"column":11},"end":{"line":81,"column":5}}]},"1":{"loc":{"start":{"line":109,"column":4},"end":{"line":136,"column":5}},"type":"if","locations":[{"start":{"line":109,"column":4},"end":{"line":136,"column":5}},{"start":{},"end":{}}]},"2":{"loc":{"start":{"line":110,"column":22},"end":{"line":110,"column":41}},"type":"binary-expr","locations":[{"start":{"line":110,"column":22},"end":{"line":110,"column":35}},{"start":{"line":110,"column":39},"end":{"line":110,"column":41}}]},"3":{"loc":{"start":{"line":111,"column":28},"end":{"line":111,"column":53}},"type":"binary-expr","locations":[{"start":{"line":111,"column":28},"end":{"line":111,"column":47}},{"start":{"line":111,"column":51},"end":{"line":111,"column":53}}]},"4":{"loc":{"start":{"line":112,"column":29},"end":{"line":112,"column":55}},"type":"binary-expr","locations":[{"start":{"line":112,"column":29},"end":{"line":112,"column":49}},{"start":{"line":112,"column":53},"end":{"line":112,"column":55}}]},"5":{"loc":{"start":{"line":113,"column":31},"end":{"line":113,"column":87}},"type":"binary-expr","locations":[{"start":{"line":113,"column":31},"end":{"line":113,"column":53}},{"start":{"line":113,"column":57},"end":{"line":113,"column":87}}]},"6":{"loc":{"start":{"line":114,"column":37},"end":{"line":114,"column":99}},"type":"binary-expr","locations":[{"start":{"line":114,"column":37},"end":{"line":114,"column":65}},{"start":{"line":114,"column":69},"end":{"line":114,"column":99}}]},"7":{"loc":{"start":{"line":115,"column":34},"end":{"line":115,"column":93}},"type":"binary-expr","locations":[{"start":{"line":115,"column":34},"end":{"line":115,"column":59}},{"start":{"line":115,"column":63},"end":{"line":115,"column":93}}]},"8":{"loc":{"start":{"line":117,"column":25},"end":{"line":117,"column":97}},"type":"binary-expr","locations":[{"start":{"line":117,"column":25},"end":{"line":117,"column":63}},{"start":{"line":117,"column":67},"end":{"line":117,"column":97}}]},"9":{"loc":{"start":{"line":117,"column":25},"end":{"line":117,"column":63}},"type":"cond-expr","locations":[{"start":{"line":117,"column":46},"end":{"line":117,"column":48}},{"start":{"line":117,"column":46},"end":{"line":117,"column":63}}]},"10":{"loc":{"start":{"line":117,"column":25},"end":{"line":117,"column":48}},"type":"binary-expr","locations":[{"start":{"line":117,"column":25},"end":{"line":117,"column":48}},{"start":{"line":117,"column":46},"end":{"line":117,"column":48}}]},"11":{"loc":{"start":{"line":118,"column":25},"end":{"line":118,"column":97}},"type":"binary-expr","locations":[{"start":{"line":118,"column":25},"end":{"line":118,"column":63}},{"start":{"line":118,"column":67},"end":{"line":118,"column":97}}]},"12":{"loc":{"start":{"line":118,"column":25},"end":{"line":118,"column":63}},"type":"cond-expr","locations":[{"start":{"line":118,"column":46},"end":{"line":118,"column":48}},{"start":{"line":118,"column":46},"end":{"line":118,"column":63}}]},"13":{"loc":{"start":{"line":118,"column":25},"end":{"line":118,"column":48}},"type":"binary-expr","locations":[{"start":{"line":118,"column":25},"end":{"line":118,"column":48}},{"start":{"line":118,"column":46},"end":{"line":118,"column":48}}]},"14":{"loc":{"start":{"line":119,"column":28},"end":{"line":119,"column":103}},"type":"binary-expr","locations":[{"start":{"line":119,"column":28},"end":{"line":119,"column":69}},{"start":{"line":119,"column":73},"end":{"line":119,"column":103}}]},"15":{"loc":{"start":{"line":119,"column":28},"end":{"line":119,"column":69}},"type":"cond-expr","locations":[{"start":{"line":119,"column":49},"end":{"line":119,"column":51}},{"start":{"line":119,"column":49},"end":{"line":119,"column":69}}]},"16":{"loc":{"start":{"line":119,"column":28},"end":{"line":119,"column":51}},"type":"binary-expr","locations":[{"start":{"line":119,"column":28},"end":{"line":119,"column":51}},{"start":{"line":119,"column":49},"end":{"line":119,"column":51}}]},"17":{"loc":{"start":{"line":120,"column":31},"end":{"line":120,"column":109}},"type":"binary-expr","locations":[{"start":{"line":120,"column":31},"end":{"line":120,"column":75}},{"start":{"line":120,"column":79},"end":{"line":120,"column":109}}]},"18":{"loc":{"start":{"line":120,"column":31},"end":{"line":120,"column":75}},"type":"cond-expr","locations":[{"start":{"line":120,"column":52},"end":{"line":120,"column":54}},{"start":{"line":120,"column":52},"end":{"line":120,"column":75}}]},"19":{"loc":{"start":{"line":120,"column":31},"end":{"line":120,"column":54}},"type":"binary-expr","locations":[{"start":{"line":120,"column":31},"end":{"line":120,"column":54}},{"start":{"line":120,"column":52},"end":{"line":120,"column":54}}]},"20":{"loc":{"start":{"line":121,"column":30},"end":{"line":121,"column":107}},"type":"binary-expr","locations":[{"start":{"line":121,"column":30},"end":{"line":121,"column":73}},{"start":{"line":121,"column":77},"end":{"line":121,"column":107}}]},"21":{"loc":{"start":{"line":121,"column":30},"end":{"line":121,"column":73}},"type":"cond-expr","locations":[{"start":{"line":121,"column":51},"end":{"line":121,"column":53}},{"start":{"line":121,"column":51},"end":{"line":121,"column":73}}]},"22":{"loc":{"start":{"line":121,"column":30},"end":{"line":121,"column":53}},"type":"binary-expr","locations":[{"start":{"line":121,"column":30},"end":{"line":121,"column":53}},{"start":{"line":121,"column":51},"end":{"line":121,"column":53}}]},"23":{"loc":{"start":{"line":122,"column":31},"end":{"line":122,"column":109}},"type":"binary-expr","locations":[{"start":{"line":122,"column":31},"end":{"line":122,"column":75}},{"start":{"line":122,"column":79},"end":{"line":122,"column":109}}]},"24":{"loc":{"start":{"line":122,"column":31},"end":{"line":122,"column":75}},"type":"cond-expr","locations":[{"start":{"line":122,"column":52},"end":{"line":122,"column":54}},{"start":{"line":122,"column":52},"end":{"line":122,"column":75}}]},"25":{"loc":{"start":{"line":122,"column":31},"end":{"line":122,"column":54}},"type":"binary-expr","locations":[{"start":{"line":122,"column":31},"end":{"line":122,"column":54}},{"start":{"line":122,"column":52},"end":{"line":122,"column":54}}]},"26":{"loc":{"start":{"line":140,"column":14},"end":{"line":140,"column":37}},"type":"default-arg","locations":[{"start":{"line":140,"column":29},"end":{"line":140,"column":37}}]},"27":{"loc":{"start":{"line":140,"column":39},"end":{"line":140,"column":57}},"type":"default-arg","locations":[{"start":{"line":140,"column":56},"end":{"line":140,"column":57}}]},"28":{"loc":{"start":{"line":140,"column":59},"end":{"line":140,"column":82}},"type":"default-arg","locations":[{"start":{"line":140,"column":81},"end":{"line":140,"column":82}}]},"29":{"loc":{"start":{"line":147,"column":4},"end":{"line":149,"column":5}},"type":"if","locations":[{"start":{"line":147,"column":4},"end":{"line":149,"column":5}},{"start":{},"end":{}}]},"30":{"loc":{"start":{"line":156,"column":20},"end":{"line":156,"column":45}},"type":"default-arg","locations":[{"start":{"line":156,"column":35},"end":{"line":156,"column":45}}]},"31":{"loc":{"start":{"line":156,"column":47},"end":{"line":156,"column":65}},"type":"default-arg","locations":[{"start":{"line":156,"column":64},"end":{"line":156,"column":65}}]},"32":{"loc":{"start":{"line":156,"column":67},"end":{"line":156,"column":87}},"type":"default-arg","locations":[{"start":{"line":156,"column":86},"end":{"line":156,"column":87}}]},"33":{"loc":{"start":{"line":163,"column":4},"end":{"line":165,"column":5}},"type":"if","locations":[{"start":{"line":163,"column":4},"end":{"line":165,"column":5}},{"start":{},"end":{}}]},"34":{"loc":{"start":{"line":172,"column":20},"end":{"line":172,"column":73}},"type":"default-arg","locations":[{"start":{"line":172,"column":35},"end":{"line":172,"column":73}}]},"35":{"loc":{"start":{"line":172,"column":75},"end":{"line":172,"column":93}},"type":"default-arg","locations":[{"start":{"line":172,"column":92},"end":{"line":172,"column":93}}]},"36":{"loc":{"start":{"line":172,"column":95},"end":{"line":172,"column":118}},"type":"default-arg","locations":[{"start":{"line":172,"column":117},"end":{"line":172,"column":118}}]},"37":{"loc":{"start":{"line":179,"column":4},"end":{"line":181,"column":5}},"type":"if","locations":[{"start":{"line":179,"column":4},"end":{"line":181,"column":5}},{"start":{},"end":{}}]},"38":{"loc":{"start":{"line":241,"column":12},"end":{"line":241,"column":25}},"type":"cond-expr","locations":[{"start":{"line":241,"column":20},"end":{"line":241,"column":24}},{"start":{"line":241,"column":24},"end":{"line":241,"column":25}}]},"39":{"loc":{"start":{"line":241,"column":12},"end":{"line":241,"column":24}},"type":"binary-expr","locations":[{"start":{"line":241,"column":12},"end":{"line":241,"column":24}},{"start":{"line":241,"column":20},"end":{"line":241,"column":24}}]},"40":{"loc":{"start":{"line":241,"column":12},"end":{"line":241,"column":20}},"type":"cond-expr","locations":[{"start":{"line":241,"column":16},"end":{"line":241,"column":18}},{"start":{"line":241,"column":12},"end":{"line":241,"column":20}}]},"41":{"loc":{"start":{"line":241,"column":12},"end":{"line":241,"column":18}},"type":"binary-expr","locations":[{"start":{"line":241,"column":12},"end":{"line":241,"column":18}},{"start":{"line":241,"column":12},"end":{"line":241,"column":18}}]},"42":{"loc":{"start":{"line":241,"column":30},"end":{"line":241,"column":43}},"type":"cond-expr","locations":[{"start":{"line":241,"column":38},"end":{"line":241,"column":42}},{"start":{"line":241,"column":42},"end":{"line":241,"column":43}}]},"43":{"loc":{"start":{"line":241,"column":30},"end":{"line":241,"column":42}},"type":"binary-expr","locations":[{"start":{"line":241,"column":30},"end":{"line":241,"column":42}},{"start":{"line":241,"column":38},"end":{"line":241,"column":42}}]},"44":{"loc":{"start":{"line":241,"column":30},"end":{"line":241,"column":38}},"type":"cond-expr","locations":[{"start":{"line":241,"column":34},"end":{"line":241,"column":36}},{"start":{"line":241,"column":30},"end":{"line":241,"column":38}}]},"45":{"loc":{"start":{"line":241,"column":30},"end":{"line":241,"column":36}},"type":"binary-expr","locations":[{"start":{"line":241,"column":30},"end":{"line":241,"column":36}},{"start":{"line":241,"column":30},"end":{"line":241,"column":36}}]},"46":{"loc":{"start":{"line":241,"column":48},"end":{"line":241,"column":61}},"type":"cond-expr","locations":[{"start":{"line":241,"column":56},"end":{"line":241,"column":60}},{"start":{"line":241,"column":60},"end":{"line":241,"column":61}}]},"47":{"loc":{"start":{"line":241,"column":48},"end":{"line":241,"column":60}},"type":"binary-expr","locations":[{"start":{"line":241,"column":48},"end":{"line":241,"column":60}},{"start":{"line":241,"column":56},"end":{"line":241,"column":60}}]},"48":{"loc":{"start":{"line":241,"column":48},"end":{"line":241,"column":56}},"type":"cond-expr","locations":[{"start":{"line":241,"column":52},"end":{"line":241,"column":54}},{"start":{"line":241,"column":48},"end":{"line":241,"column":56}}]},"49":{"loc":{"start":{"line":241,"column":48},"end":{"line":241,"column":54}},"type":"binary-expr","locations":[{"start":{"line":241,"column":48},"end":{"line":241,"column":54}},{"start":{"line":241,"column":48},"end":{"line":241,"column":54}}]},"50":{"loc":{"start":{"line":241,"column":66},"end":{"line":241,"column":79}},"type":"cond-expr","locations":[{"start":{"line":241,"column":74},"end":{"line":241,"column":78}},{"start":{"line":241,"column":78},"end":{"line":241,"column":79}}]},"51":{"loc":{"start":{"line":241,"column":66},"end":{"line":241,"column":78}},"type":"binary-expr","locations":[{"start":{"line":241,"column":66},"end":{"line":241,"column":78}},{"start":{"line":241,"column":74},"end":{"line":241,"column":78}}]},"52":{"loc":{"start":{"line":241,"column":66},"end":{"line":241,"column":74}},"type":"cond-expr","locations":[{"start":{"line":241,"column":70},"end":{"line":241,"column":72}},{"start":{"line":241,"column":66},"end":{"line":241,"column":74}}]},"53":{"loc":{"start":{"line":241,"column":66},"end":{"line":241,"column":72}},"type":"binary-expr","locations":[{"start":{"line":241,"column":66},"end":{"line":241,"column":72}},{"start":{"line":241,"column":66},"end":{"line":241,"column":72}}]},"54":{"loc":{"start":{"line":323,"column":23},"end":{"line":323,"column":39}},"type":"cond-expr","locations":[{"start":{"line":323,"column":34},"end":{"line":323,"column":38}},{"start":{"line":323,"column":38},"end":{"line":323,"column":39}}]},"55":{"loc":{"start":{"line":323,"column":23},"end":{"line":323,"column":38}},"type":"binary-expr","locations":[{"start":{"line":323,"column":23},"end":{"line":323,"column":38}},{"start":{"line":323,"column":34},"end":{"line":323,"column":38}}]},"56":{"loc":{"start":{"line":331,"column":25},"end":{"line":331,"column":53}},"type":"cond-expr","locations":[{"start":{"line":331,"column":48},"end":{"line":331,"column":52}},{"start":{"line":331,"column":52},"end":{"line":331,"column":53}}]},"57":{"loc":{"start":{"line":331,"column":25},"end":{"line":331,"column":52}},"type":"binary-expr","locations":[{"start":{"line":331,"column":25},"end":{"line":331,"column":52}},{"start":{"line":331,"column":48},"end":{"line":331,"column":52}}]},"58":{"loc":{"start":{"line":348,"column":4},"end":{"line":348,"column":null}},"type":"if","locations":[{"start":{"line":348,"column":4},"end":{"line":348,"column":null}},{"start":{},"end":{}}]},"59":{"loc":{"start":{"line":361,"column":6},"end":{"line":363,"column":7}},"type":"if","locations":[{"start":{"line":361,"column":6},"end":{"line":363,"column":7}},{"start":{},"end":{}}]},"60":{"loc":{"start":{"line":362,"column":42},"end":{"line":362,"column":83}},"type":"binary-expr","locations":[{"start":{"line":362,"column":42},"end":{"line":362,"column":54}},{"start":{"line":362,"column":58},"end":{"line":362,"column":83}}]},"61":{"loc":{"start":{"line":365,"column":6},"end":{"line":376,"column":7}},"type":"if","locations":[{"start":{"line":365,"column":6},"end":{"line":376,"column":7}},{"start":{},"end":{}}]},"62":{"loc":{"start":{"line":371,"column":8},"end":{"line":373,"column":9}},"type":"if","locations":[{"start":{"line":371,"column":8},"end":{"line":373,"column":9}},{"start":{},"end":{}}]},"63":{"loc":{"start":{"line":371,"column":12},"end":{"line":371,"column":57}},"type":"binary-expr","locations":[{"start":{"line":371,"column":12},"end":{"line":371,"column":27}},{"start":{"line":371,"column":31},"end":{"line":371,"column":57}}]},"64":{"loc":{"start":{"line":382,"column":46},"end":{"line":382,"column":102}},"type":"cond-expr","locations":[{"start":{"line":382,"column":71},"end":{"line":382,"column":84}},{"start":{"line":382,"column":87},"end":{"line":382,"column":102}}]}},"s":{"0":2,"1":2,"2":2,"3":14,"4":14,"5":14,"6":14,"7":14,"8":14,"9":14,"10":14,"11":14,"12":14,"13":14,"14":14,"15":14,"16":14,"17":14,"18":14,"19":14,"20":14,"21":14,"22":14,"23":14,"24":0,"25":14,"26":14,"27":0,"28":0,"29":0,"30":0,"31":0,"32":0,"33":0,"34":0,"35":0,"36":0,"37":0,"38":0,"39":0,"40":0,"41":0,"42":0,"43":0,"44":0,"45":0,"46":0,"47":0,"48":42,"49":42,"50":0,"51":0,"52":0,"53":0,"54":0,"55":0,"56":0,"57":0,"58":0,"59":0,"60":0,"61":0,"62":0,"63":0,"64":0,"65":0,"66":0,"67":0,"68":0,"69":0,"70":0,"71":0,"72":0,"73":0,"74":0,"75":0,"76":0,"77":0,"78":0,"79":0,"80":0,"81":0,"82":0,"83":0,"84":0,"85":0,"86":0,"87":20,"88":18,"89":34,"90":18,"91":0,"92":18,"93":0,"94":4,"95":4,"96":4,"97":4,"98":4,"99":4,"100":14,"101":0,"102":0,"103":22,"104":0,"105":0,"106":0,"107":0,"108":0,"109":0,"110":0,"111":0,"112":0,"113":0,"114":0,"115":0,"116":0,"117":0,"118":0,"119":10,"120":0,"121":0,"122":0,"123":0,"124":0,"125":0,"126":0,"127":0,"128":0,"129":0,"130":0,"131":0,"132":0,"133":0,"134":0,"135":0,"136":0,"137":0,"138":0,"139":2},"f":{"0":14,"1":0,"2":0,"3":42,"4":0,"5":0,"6":0,"7":0,"8":0,"9":0,"10":0,"11":0,"12":0,"13":0,"14":0,"15":0,"16":0,"17":0,"18":0,"19":0,"20":0,"21":0,"22":0,"23":0,"24":0,"25":0,"26":0,"27":0,"28":0,"29":0,"30":0,"31":0,"32":0,"33":20,"34":18,"35":34,"36":0,"37":0,"38":4,"39":4,"40":4,"41":4,"42":4,"43":4,"44":14,"45":0,"46":0,"47":22,"48":0,"49":0,"50":0,"51":0,"52":0,"53":0,"54":0,"55":0,"56":0,"57":0,"58":0,"59":0,"60":10,"61":0,"62":0,"63":0},"b":{"0":[0,14],"1":[0,0],"2":[0,0],"3":[0,0],"4":[0,0],"5":[0,0],"6":[0,0],"7":[0,0],"8":[0,0],"9":[0,0],"10":[0,0],"11":[0,0],"12":[0,0],"13":[0,0],"14":[0,0],"15":[0,0],"16":[0,0],"17":[0,0],"18":[0,0],"19":[0,0],"20":[0,0],"21":[0,0],"22":[0,0],"23":[0,0],"24":[0,0],"25":[0,0],"26":[0],"27":[0],"28":[42],"29":[0,0],"30":[0],"31":[0],"32":[0],"33":[0,0],"34":[0],"35":[0],"36":[0],"37":[0,0],"38":[20,0],"39":[20,20],"40":[0,20],"41":[20,20],"42":[20,0],"43":[20,20],"44":[0,20],"45":[20,20],"46":[20,0],"47":[20,20],"48":[0,20],"49":[20,20],"50":[20,0],"51":[20,20],"52":[0,20],"53":[20,20],"54":[0,0],"55":[0,0],"56":[0,0],"57":[0,0],"58":[0,0],"59":[0,0],"60":[0,0],"61":[0,0],"62":[0,0],"63":[0,0],"64":[0,0]}}
,"/home/runner/work/tax-calculator/tax-calculator/src/stores/stores.ts": {"path":"/home/runner/work/tax-calculator/tax-calculator/src/stores/stores.ts","statementMap":{"0":{"start":{"line":1,"column":0},"end":{"line":1,"column":37}},"1":{"start":{"line":2,"column":0},"end":{"line":2,"column":69}},"2":{"start":{"line":3,"column":0},"end":{"line":3,"column":30}},"3":{"start":{"line":4,"column":0},"end":{"line":4,"column":37}},"4":{"start":{"line":6,"column":17},"end":{"line":6,"column":23}},"5":{"start":{"line":7,"column":26},"end":{"line":7,"column":57}},"6":{"start":{"line":9,"column":26},"end":{"line":9,"column":65}},"7":{"start":{"line":11,"column":0},"end":{"line":24,"column":1}},"8":{"start":{"line":12,"column":2},"end":{"line":21,"column":3}},"9":{"start":{"line":13,"column":24},"end":{"line":13,"column":70}},"10":{"start":{"line":14,"column":4},"end":{"line":14,"column":null}},"11":{"start":{"line":16,"column":4},"end":{"line":16,"column":null}},"12":{"start":{"line":17,"column":4},"end":{"line":17,"column":null}},"13":{"start":{"line":18,"column":4},"end":{"line":18,"column":null}},"14":{"start":{"line":19,"column":4},"end":{"line":19,"column":null}},"15":{"start":{"line":20,"column":4},"end":{"line":20,"column":42}},"16":{"start":{"line":23,"column":2},"end":{"line":23,"column":40}},"17":{"start":{"line":25,"column":13},"end":{"line":25,"column":null}},"18":{"start":{"line":27,"column":17},"end":{"line":27,"column":45}},"19":{"start":{"line":28,"column":13},"end":{"line":28,"column":null}},"20":{"start":{"line":30,"column":0},"end":{"line":34,"column":null}},"21":{"start":{"line":31,"column":25},"end":{"line":31,"column":51}},"22":{"start":{"line":32,"column":2},"end":{"line":32,"column":null}},"23":{"start":{"line":33,"column":2},"end":{"line":33,"column":null}}},"fnMap":{"0":{"name":"(anonymous_0)","decl":{"start":{"line":30,"column":8},"end":{"line":30,"column":11}},"loc":{"start":{"line":30,"column":13},"end":{"line":34,"column":1}}}},"branchMap":{"0":{"loc":{"start":{"line":11,"column":0},"end":{"line":24,"column":1}},"type":"if","locations":[{"start":{"line":11,"column":0},"end":{"line":24,"column":1}},{"start":{"line":22,"column":7},"end":{"line":24,"column":1}}]}},"s":{"0":0,"1":0,"2":0,"3":0,"4":0,"5":0,"6":0,"7":0,"8":0,"9":0,"10":0,"11":0,"12":0,"13":0,"14":0,"15":0,"16":0,"17":0,"18":0,"19":0,"20":0,"21":0,"22":0,"23":0},"f":{"0":0},"b":{"0":[0,0]}}
,"/home/runner/work/tax-calculator/tax-calculator/src/taxforms/1040.ts": {"path":"/home/runner/work/tax-calculator/tax-calculator/src/taxforms/1040.ts","statementMap":{"0":{"start":{"line":2,"column":0},"end":{"line":2,"column":39}},"1":{"start":{"line":3,"column":0},"end":{"line":3,"column":63}},"2":{"start":{"line":4,"column":0},"end":{"line":4,"column":66}},"3":{"start":{"line":5,"column":0},"end":{"line":5,"column":65}},"4":{"start":{"line":6,"column":0},"end":{"line":6,"column":60}},"5":{"start":{"line":7,"column":0},"end":{"line":7,"column":35}},"6":{"start":{"line":8,"column":0},"end":{"line":8,"column":153}},"7":{"start":{"line":11,"column":13},"end":{"line":11,"column":null}},"8":{"start":{"line":12,"column":13},"end":{"line":12,"column":null}},"9":{"start":{"line":13,"column":13},"end":{"line":13,"column":null}},"10":{"start":{"line":14,"column":13},"end":{"line":14,"column":null}},"11":{"start":{"line":15,"column":13},"end":{"line":15,"column":null}},"12":{"start":{"line":16,"column":13},"end":{"line":16,"column":null}},"13":{"start":{"line":19,"column":13},"end":{"line":27,"column":null}},"14":{"start":{"line":47,"column":4},"end":{"line":47,"column":null}},"15":{"start":{"line":48,"column":4},"end":{"line":48,"column":null}},"16":{"start":{"line":49,"column":4},"end":{"line":49,"column":null}},"17":{"start":{"line":50,"column":4},"end":{"line":50,"column":null}},"18":{"start":{"line":51,"column":4},"end":{"line":51,"column":null}},"19":{"start":{"line":52,"column":4},"end":{"line":52,"column":null}},"20":{"start":{"line":53,"column":4},"end":{"line":53,"column":null}},"21":{"start":{"line":55,"column":4},"end":{"line":85,"column":null}},"22":{"start":{"line":56,"column":20},"end":{"line":56,"column":73}},"23":{"start":{"line":57,"column":20},"end":{"line":57,"column":46}},"24":{"start":{"line":58,"column":20},"end":{"line":58,"column":46}},"25":{"start":{"line":59,"column":20},"end":{"line":59,"column":46}},"26":{"start":{"line":60,"column":20},"end":{"line":60,"column":49}},"27":{"start":{"line":61,"column":20},"end":{"line":61,"column":45}},"28":{"start":{"line":62,"column":19},"end":{"line":62,"column":78}},"29":{"start":{"line":63,"column":19},"end":{"line":63,"column":50}},"30":{"start":{"line":64,"column":20},"end":{"line":64,"column":52}},"31":{"start":{"line":65,"column":19},"end":{"line":65,"column":159}},"32":{"start":{"line":66,"column":20},"end":{"line":66,"column":74}},"33":{"start":{"line":67,"column":20},"end":{"line":67,"column":44}},"34":{"start":{"line":68,"column":20},"end":{"line":68,"column":21}},"35":{"start":{"line":69,"column":20},"end":{"line":69,"column":75}},"36":{"start":{"line":70,"column":20},"end":{"line":70,"column":88}},"37":{"start":{"line":71,"column":20},"end":{"line":71,"column":87}},"38":{"start":{"line":72,"column":20},"end":{"line":72,"column":38}},"39":{"start":{"line":73,"column":20},"end":{"line":73,"column":75}},"40":{"start":{"line":74,"column":20},"end":{"line":74,"column":21}},"41":{"start":{"line":75,"column":20},"end":{"line":75,"column":55}},"42":{"start":{"line":76,"column":20},"end":{"line":76,"column":75}},"43":{"start":{"line":77,"column":20},"end":{"line":77,"column":75}},"44":{"start":{"line":78,"column":20},"end":{"line":78,"column":45}},"45":{"start":{"line":79,"column":20},"end":{"line":79,"column":75}},"46":{"start":{"line":80,"column":21},"end":{"line":80,"column":48}},"47":{"start":{"line":81,"column":20},"end":{"line":81,"column":52}},"48":{"start":{"line":82,"column":20},"end":{"line":82,"column":76}},"49":{"start":{"line":83,"column":20},"end":{"line":83,"column":100}},"50":{"start":{"line":84,"column":20},"end":{"line":84,"column":100}},"51":{"start":{"line":90,"column":4},"end":{"line":90,"column":null}},"52":{"start":{"line":93,"column":4},"end":{"line":93,"column":null}},"53":{"start":{"line":96,"column":4},"end":{"line":96,"column":null}},"54":{"start":{"line":99,"column":4},"end":{"line":99,"column":null}},"55":{"start":{"line":102,"column":4},"end":{"line":102,"column":null}},"56":{"start":{"line":105,"column":4},"end":{"line":105,"column":null}},"57":{"start":{"line":107,"column":4},"end":{"line":107,"column":null}},"58":{"start":{"line":111,"column":4},"end":{"line":111,"column":null}},"59":{"start":{"line":115,"column":4},"end":{"line":115,"column":null}},"60":{"start":{"line":120,"column":4},"end":{"line":120,"column":null}},"61":{"start":{"line":125,"column":4},"end":{"line":125,"column":null}},"62":{"start":{"line":130,"column":4},"end":{"line":130,"column":null}},"63":{"start":{"line":134,"column":4},"end":{"line":134,"column":null}},"64":{"start":{"line":138,"column":4},"end":{"line":138,"column":null}},"65":{"start":{"line":142,"column":4},"end":{"line":142,"column":null}},"66":{"start":{"line":146,"column":4},"end":{"line":146,"column":null}},"67":{"start":{"line":150,"column":4},"end":{"line":150,"column":null}},"68":{"start":{"line":154,"column":4},"end":{"line":154,"column":null}},"69":{"start":{"line":158,"column":4},"end":{"line":158,"column":null}},"70":{"start":{"line":162,"column":4},"end":{"line":162,"column":null}},"71":{"start":{"line":167,"column":4},"end":{"line":167,"column":null}},"72":{"start":{"line":171,"column":4},"end":{"line":171,"column":null}},"73":{"start":{"line":176,"column":4},"end":{"line":176,"column":null}},"74":{"start":{"line":181,"column":4},"end":{"line":181,"column":null}},"75":{"start":{"line":186,"column":4},"end":{"line":186,"column":null}},"76":{"start":{"line":190,"column":4},"end":{"line":190,"column":null}},"77":{"start":{"line":194,"column":26},"end":{"line":194,"column":52}},"78":{"start":{"line":195,"column":20},"end":{"line":195,"column":94}},"79":{"start":{"line":195,"column":45},"end":{"line":195,"column":93}},"80":{"start":{"line":197,"column":4},"end":{"line":200,"column":5}},"81":{"start":{"line":199,"column":6},"end":{"line":199,"column":null}},"82":{"start":{"line":202,"column":4},"end":{"line":205,"column":null}},"83":{"start":{"line":30,"column":0},"end":{"line":30,"column":13}}},"fnMap":{"0":{"name":"(anonymous_0)","decl":{"start":{"line":46,"column":2},"end":{"line":46,"column":14}},"loc":{"start":{"line":46,"column":35},"end":{"line":86,"column":3}}},"1":{"name":"(anonymous_1)","decl":{"start":{"line":56,"column":14},"end":{"line":56,"column":17}},"loc":{"start":{"line":56,"column":20},"end":{"line":56,"column":73}}},"2":{"name":"(anonymous_2)","decl":{"start":{"line":57,"column":14},"end":{"line":57,"column":17}},"loc":{"start":{"line":57,"column":20},"end":{"line":57,"column":46}}},"3":{"name":"(anonymous_3)","decl":{"start":{"line":58,"column":14},"end":{"line":58,"column":17}},"loc":{"start":{"line":58,"column":20},"end":{"line":58,"column":46}}},"4":{"name":"(anonymous_4)","decl":{"start":{"line":59,"column":14},"end":{"line":59,"column":17}},"loc":{"start":{"line":59,"column":20},"end":{"line":59,"column":46}}},"5":{"name":"(anonymous_5)","decl":{"start":{"line":60,"column":14},"end":{"line":60,"column":17}},"loc":{"start":{"line":60,"column":20},"end":{"line":60,"column":49}}},"6":{"name":"(anonymous_6)","decl":{"start":{"line":61,"column":14},"end":{"line":61,"column":17}},"loc":{"start":{"line":61,"column":20},"end":{"line":61,"column":45}}},"7":{"name":"(anonymous_7)","decl":{"start":{"line":62,"column":13},"end":{"line":62,"column":16}},"loc":{"start":{"line":62,"column":19},"end":{"line":62,"column":78}}},"8":{"name":"(anonymous_8)","decl":{"start":{"line":63,"column":13},"end":{"line":63,"column":16}},"loc":{"start":{"line":63,"column":19},"end":{"line":63,"column":50}}},"9":{"name":"(anonymous_9)","decl":{"start":{"line":64,"column":14},"end":{"line":64,"column":17}},"loc":{"start":{"line":64,"column":20},"end":{"line":64,"column":52}}},"10":{"name":"(anonymous_10)","decl":{"start":{"line":65,"column":13},"end":{"line":65,"column":16}},"loc":{"start":{"line":65,"column":19},"end":{"line":65,"column":159}}},"11":{"name":"(anonymous_11)","decl":{"start":{"line":66,"column":14},"end":{"line":66,"column":17}},"loc":{"start":{"line":66,"column":20},"end":{"line":66,"column":74}}},"12":{"name":"(anonymous_12)","decl":{"start":{"line":67,"column":14},"end":{"line":67,"column":17}},"loc":{"start":{"line":67,"column":20},"end":{"line":67,"column":44}}},"13":{"name":"(anonymous_13)","decl":{"start":{"line":68,"column":14},"end":{"line":68,"column":17}},"loc":{"start":{"line":68,"column":20},"end":{"line":68,"column":21}}},"14":{"name":"(anonymous_14)","decl":{"start":{"line":69,"column":14},"end":{"line":69,"column":17}},"loc":{"start":{"line":69,"column":20},"end":{"line":69,"column":75}}},"15":{"name":"(anonymous_15)","decl":{"start":{"line":70,"column":14},"end":{"line":70,"column":17}},"loc":{"start":{"line":70,"column":20},"end":{"line":70,"column":88}}},"16":{"name":"(anonymous_16)","decl":{"start":{"line":71,"column":14},"end":{"line":71,"column":17}},"loc":{"start":{"line":71,"column":20},"end":{"line":71,"column":87}}},"17":{"name":"(anonymous_17)","decl":{"start":{"line":72,"column":14},"end":{"line":72,"column":17}},"loc":{"start":{"line":72,"column":20},"end":{"line":72,"column":38}}},"18":{"name":"(anonymous_18)","decl":{"start":{"line":73,"column":14},"end":{"line":73,"column":17}},"loc":{"start":{"line":73,"column":20},"end":{"line":73,"column":75}}},"19":{"name":"(anonymous_19)","decl":{"start":{"line":74,"column":14},"end":{"line":74,"column":17}},"loc":{"start":{"line":74,"column":20},"end":{"line":74,"column":21}}},"20":{"name":"(anonymous_20)","decl":{"start":{"line":75,"column":14},"end":{"line":75,"column":17}},"loc":{"start":{"line":75,"column":20},"end":{"line":75,"column":55}}},"21":{"name":"(anonymous_21)","decl":{"start":{"line":76,"column":14},"end":{"line":76,"column":17}},"loc":{"start":{"line":76,"column":20},"end":{"line":76,"column":75}}},"22":{"name":"(anonymous_22)","decl":{"start":{"line":77,"column":14},"end":{"line":77,"column":17}},"loc":{"start":{"line":77,"column":20},"end":{"line":77,"column":75}}},"23":{"name":"(anonymous_23)","decl":{"start":{"line":78,"column":14},"end":{"line":78,"column":17}},"loc":{"start":{"line":78,"column":20},"end":{"line":78,"column":45}}},"24":{"name":"(anonymous_24)","decl":{"start":{"line":79,"column":14},"end":{"line":79,"column":17}},"loc":{"start":{"line":79,"column":20},"end":{"line":79,"column":75}}},"25":{"name":"(anonymous_25)","decl":{"start":{"line":80,"column":15},"end":{"line":80,"column":18}},"loc":{"start":{"line":80,"column":21},"end":{"line":80,"column":48}}},"26":{"name":"(anonymous_26)","decl":{"start":{"line":81,"column":14},"end":{"line":81,"column":17}},"loc":{"start":{"line":81,"column":20},"end":{"line":81,"column":52}}},"27":{"name":"(anonymous_27)","decl":{"start":{"line":82,"column":14},"end":{"line":82,"column":17}},"loc":{"start":{"line":82,"column":20},"end":{"line":82,"column":76}}},"28":{"name":"(anonymous_28)","decl":{"start":{"line":83,"column":14},"end":{"line":83,"column":17}},"loc":{"start":{"line":83,"column":20},"end":{"line":83,"column":100}}},"29":{"name":"(anonymous_29)","decl":{"start":{"line":84,"column":14},"end":{"line":84,"column":17}},"loc":{"start":{"line":84,"column":20},"end":{"line":84,"column":100}}},"30":{"name":"(anonymous_30)","decl":{"start":{"line":88,"column":2},"end":{"line":88,"column":6}},"loc":{"start":{"line":88,"column":9},"end":{"line":108,"column":3}}},"31":{"name":"(anonymous_31)","decl":{"start":{"line":110,"column":2},"end":{"line":110,"column":6}},"loc":{"start":{"line":110,"column":14},"end":{"line":112,"column":3}}},"32":{"name":"(anonymous_32)","decl":{"start":{"line":114,"column":2},"end":{"line":114,"column":6}},"loc":{"start":{"line":114,"column":23},"end":{"line":116,"column":3}}},"33":{"name":"(anonymous_33)","decl":{"start":{"line":118,"column":2},"end":{"line":118,"column":6}},"loc":{"start":{"line":118,"column":12},"end":{"line":121,"column":3}}},"34":{"name":"(anonymous_34)","decl":{"start":{"line":123,"column":2},"end":{"line":123,"column":6}},"loc":{"start":{"line":123,"column":10},"end":{"line":126,"column":3}}},"35":{"name":"(anonymous_35)","decl":{"start":{"line":129,"column":2},"end":{"line":129,"column":18}},"loc":{"start":{"line":129,"column":18},"end":{"line":131,"column":3}}},"36":{"name":"(anonymous_36)","decl":{"start":{"line":133,"column":2},"end":{"line":133,"column":8}},"loc":{"start":{"line":133,"column":8},"end":{"line":135,"column":3}}},"37":{"name":"(anonymous_37)","decl":{"start":{"line":137,"column":2},"end":{"line":137,"column":16}},"loc":{"start":{"line":137,"column":16},"end":{"line":139,"column":3}}},"38":{"name":"(anonymous_38)","decl":{"start":{"line":141,"column":2},"end":{"line":141,"column":20}},"loc":{"start":{"line":141,"column":20},"end":{"line":143,"column":3}}},"39":{"name":"(anonymous_39)","decl":{"start":{"line":145,"column":2},"end":{"line":145,"column":22}},"loc":{"start":{"line":145,"column":22},"end":{"line":147,"column":3}}},"40":{"name":"(anonymous_40)","decl":{"start":{"line":149,"column":2},"end":{"line":149,"column":19}},"loc":{"start":{"line":149,"column":19},"end":{"line":151,"column":3}}},"41":{"name":"(anonymous_41)","decl":{"start":{"line":153,"column":2},"end":{"line":153,"column":24}},"loc":{"start":{"line":153,"column":24},"end":{"line":155,"column":3}}},"42":{"name":"(anonymous_42)","decl":{"start":{"line":157,"column":2},"end":{"line":157,"column":13}},"loc":{"start":{"line":157,"column":13},"end":{"line":159,"column":3}}},"43":{"name":"(anonymous_43)","decl":{"start":{"line":161,"column":2},"end":{"line":161,"column":25}},"loc":{"start":{"line":161,"column":25},"end":{"line":163,"column":3}}},"44":{"name":"(anonymous_44)","decl":{"start":{"line":166,"column":2},"end":{"line":166,"column":25}},"loc":{"start":{"line":166,"column":25},"end":{"line":168,"column":3}}},"45":{"name":"(anonymous_45)","decl":{"start":{"line":170,"column":2},"end":{"line":170,"column":26}},"loc":{"start":{"line":170,"column":26},"end":{"line":172,"column":3}}},"46":{"name":"(anonymous_46)","decl":{"start":{"line":175,"column":2},"end":{"line":175,"column":18}},"loc":{"start":{"line":175,"column":18},"end":{"line":177,"column":3}}},"47":{"name":"(anonymous_47)","decl":{"start":{"line":180,"column":2},"end":{"line":180,"column":21}},"loc":{"start":{"line":180,"column":21},"end":{"line":182,"column":3}}},"48":{"name":"(anonymous_48)","decl":{"start":{"line":185,"column":2},"end":{"line":185,"column":18}},"loc":{"start":{"line":185,"column":18},"end":{"line":187,"column":3}}},"49":{"name":"(anonymous_49)","decl":{"start":{"line":189,"column":2},"end":{"line":189,"column":23}},"loc":{"start":{"line":189,"column":23},"end":{"line":191,"column":3}}},"50":{"name":"(anonymous_50)","decl":{"start":{"line":193,"column":2},"end":{"line":193,"column":6}},"loc":{"start":{"line":193,"column":24},"end":{"line":206,"column":3}}},"51":{"name":"(anonymous_51)","decl":{"start":{"line":195,"column":38},"end":{"line":195,"column":39}},"loc":{"start":{"line":195,"column":45},"end":{"line":195,"column":93}}}},"branchMap":{"0":{"loc":{"start":{"line":195,"column":45},"end":{"line":195,"column":93}},"type":"binary-expr","locations":[{"start":{"line":195,"column":45},"end":{"line":195,"column":67}},{"start":{"line":195,"column":71},"end":{"line":195,"column":93}}]},"1":{"loc":{"start":{"line":197,"column":4},"end":{"line":200,"column":5}},"type":"if","locations":[{"start":{"line":197,"column":4},"end":{"line":200,"column":5}},{"start":{},"end":{}}]},"2":{"loc":{"start":{"line":204,"column":17},"end":{"line":204,"column":82}},"type":"cond-expr","locations":[{"start":{"line":204,"column":44},"end":{"line":204,"column":52}},{"start":{"line":204,"column":55},"end":{"line":204,"column":82}}]}},"s":{"0":4,"1":4,"2":4,"3":4,"4":4,"5":4,"6":4,"7":4,"8":4,"9":4,"10":4,"11":4,"12":4,"13":4,"14":4,"15":4,"16":4,"17":4,"18":4,"19":4,"20":4,"21":4,"22":4,"23":4,"24":0,"25":4,"26":0,"27":4,"28":4,"29":4,"30":4,"31":4,"32":4,"33":4,"34":4,"35":4,"36":4,"37":0,"38":0,"39":0,"40":0,"41":0,"42":0,"43":0,"44":0,"45":0,"46":0,"47":0,"48":0,"49":0,"50":0,"51":0,"52":0,"53":0,"54":0,"55":0,"56":0,"57":0,"58":0,"59":0,"60":0,"61":0,"62":0,"63":0,"64":0,"65":0,"66":0,"67":0,"68":12,"69":4,"70":0,"71":4,"72":4,"73":4,"74":0,"75":0,"76":0,"77":4,"78":4,"79":13,"80":4,"81":0,"82":4,"83":4},"f":{"0":4,"1":4,"2":4,"3":0,"4":4,"5":0,"6":4,"7":4,"8":4,"9":4,"10":4,"11":4,"12":4,"13":4,"14":4,"15":4,"16":0,"17":0,"18":0,"19":0,"20":0,"21":0,"22":0,"23":0,"24":0,"25":0,"26":0,"27":0,"28":0,"29":0,"30":0,"31":0,"32":0,"33":0,"34":0,"35":0,"36":0,"37":0,"38":0,"39":0,"40":0,"41":12,"42":4,"43":0,"44":4,"45":4,"46":4,"47":0,"48":0,"49":0,"50":4,"51":13},"b":{"0":[13,13],"1":[0,4],"2":[1,3]}}
,"/home/runner/work/tax-calculator/tax-calculator/src/taxforms/8959.ts": {"path":"/home/runner/work/tax-calculator/tax-calculator/src/taxforms/8959.ts","statementMap":{"0":{"start":{"line":1,"column":0},"end":{"line":1,"column":58}},"1":{"start":{"line":2,"column":0},"end":{"line":2,"column":35}},"2":{"start":{"line":13,"column":4},"end":{"line":13,"column":null}},"3":{"start":{"line":14,"column":4},"end":{"line":14,"column":null}},"4":{"start":{"line":16,"column":4},"end":{"line":32,"column":null}},"5":{"start":{"line":18,"column":19},"end":{"line":18,"column":51}},"6":{"start":{"line":19,"column":19},"end":{"line":19,"column":52}},"7":{"start":{"line":20,"column":19},"end":{"line":20,"column":85}},"8":{"start":{"line":21,"column":19},"end":{"line":21,"column":52}},"9":{"start":{"line":24,"column":19},"end":{"line":24,"column":58}},"10":{"start":{"line":25,"column":20},"end":{"line":25,"column":53}},"11":{"start":{"line":26,"column":20},"end":{"line":26,"column":45}},"12":{"start":{"line":27,"column":20},"end":{"line":27,"column":88}},"13":{"start":{"line":28,"column":20},"end":{"line":28,"column":87}},"14":{"start":{"line":29,"column":20},"end":{"line":29,"column":54}},"15":{"start":{"line":31,"column":20},"end":{"line":31,"column":74}},"16":{"start":{"line":36,"column":4},"end":{"line":36,"column":null}},"17":{"start":{"line":9,"column":0},"end":{"line":9,"column":13}}},"fnMap":{"0":{"name":"(anonymous_0)","decl":{"start":{"line":12,"column":2},"end":{"line":12,"column":14}},"loc":{"start":{"line":12,"column":53},"end":{"line":33,"column":3}}},"1":{"name":"(anonymous_1)","decl":{"start":{"line":18,"column":13},"end":{"line":18,"column":16}},"loc":{"start":{"line":18,"column":19},"end":{"line":18,"column":51}}},"2":{"name":"(anonymous_2)","decl":{"start":{"line":19,"column":13},"end":{"line":19,"column":16}},"loc":{"start":{"line":19,"column":19},"end":{"line":19,"column":52}}},"3":{"name":"(anonymous_3)","decl":{"start":{"line":20,"column":13},"end":{"line":20,"column":16}},"loc":{"start":{"line":20,"column":19},"end":{"line":20,"column":85}}},"4":{"name":"(anonymous_4)","decl":{"start":{"line":21,"column":13},"end":{"line":21,"column":16}},"loc":{"start":{"line":21,"column":19},"end":{"line":21,"column":52}}},"5":{"name":"(anonymous_5)","decl":{"start":{"line":24,"column":13},"end":{"line":24,"column":16}},"loc":{"start":{"line":24,"column":19},"end":{"line":24,"column":58}}},"6":{"name":"(anonymous_6)","decl":{"start":{"line":25,"column":14},"end":{"line":25,"column":17}},"loc":{"start":{"line":25,"column":20},"end":{"line":25,"column":53}}},"7":{"name":"(anonymous_7)","decl":{"start":{"line":26,"column":14},"end":{"line":26,"column":17}},"loc":{"start":{"line":26,"column":20},"end":{"line":26,"column":45}}},"8":{"name":"(anonymous_8)","decl":{"start":{"line":27,"column":14},"end":{"line":27,"column":17}},"loc":{"start":{"line":27,"column":20},"end":{"line":27,"column":88}}},"9":{"name":"(anonymous_9)","decl":{"start":{"line":28,"column":14},"end":{"line":28,"column":17}},"loc":{"start":{"line":28,"column":20},"end":{"line":28,"column":87}}},"10":{"name":"(anonymous_10)","decl":{"start":{"line":29,"column":14},"end":{"line":29,"column":17}},"loc":{"start":{"line":29,"column":20},"end":{"line":29,"column":54}}},"11":{"name":"(anonymous_11)","decl":{"start":{"line":31,"column":14},"end":{"line":31,"column":17}},"loc":{"start":{"line":31,"column":20},"end":{"line":31,"column":74}}},"12":{"name":"(anonymous_12)","decl":{"start":{"line":35,"column":2},"end":{"line":35,"column":23}},"loc":{"start":{"line":35,"column":23},"end":{"line":37,"column":3}}}},"branchMap":{},"s":{"0":4,"1":4,"2":5,"3":5,"4":5,"5":10,"6":5,"7":5,"8":5,"9":5,"10":5,"11":5,"12":5,"13":5,"14":5,"15":5,"16":5,"17":4},"f":{"0":5,"1":10,"2":5,"3":5,"4":5,"5":5,"6":5,"7":5,"8":5,"9":5,"10":5,"11":5,"12":5},"b":{}}
,"/home/runner/work/tax-calculator/tax-calculator/src/taxforms/8960.ts": {"path":"/home/runner/work/tax-calculator/tax-calculator/src/taxforms/8960.ts","statementMap":{"0":{"start":{"line":1,"column":0},"end":{"line":1,"column":39}},"1":{"start":{"line":2,"column":0},"end":{"line":2,"column":35}},"2":{"start":{"line":17,"column":4},"end":{"line":17,"column":null}},"3":{"start":{"line":18,"column":4},"end":{"line":18,"column":null}},"4":{"start":{"line":20,"column":4},"end":{"line":31,"column":null}},"5":{"start":{"line":21,"column":19},"end":{"line":21,"column":53}},"6":{"start":{"line":22,"column":19},"end":{"line":22,"column":55}},"7":{"start":{"line":23,"column":20},"end":{"line":23,"column":53}},"8":{"start":{"line":24,"column":19},"end":{"line":24,"column":101}},"9":{"start":{"line":25,"column":20},"end":{"line":25,"column":45}},"10":{"start":{"line":26,"column":20},"end":{"line":26,"column":50}},"11":{"start":{"line":27,"column":20},"end":{"line":27,"column":34}},"12":{"start":{"line":28,"column":20},"end":{"line":28,"column":88}},"13":{"start":{"line":29,"column":20},"end":{"line":29,"column":84}},"14":{"start":{"line":30,"column":20},"end":{"line":30,"column":54}},"15":{"start":{"line":36,"column":4},"end":{"line":36,"column":38}},"16":{"start":{"line":11,"column":0},"end":{"line":11,"column":13}}},"fnMap":{"0":{"name":"(anonymous_0)","decl":{"start":{"line":16,"column":2},"end":{"line":16,"column":14}},"loc":{"start":{"line":16,"column":54},"end":{"line":32,"column":3}}},"1":{"name":"(anonymous_1)","decl":{"start":{"line":21,"column":13},"end":{"line":21,"column":16}},"loc":{"start":{"line":21,"column":19},"end":{"line":21,"column":53}}},"2":{"name":"(anonymous_2)","decl":{"start":{"line":22,"column":13},"end":{"line":22,"column":16}},"loc":{"start":{"line":22,"column":19},"end":{"line":22,"column":55}}},"3":{"name":"(anonymous_3)","decl":{"start":{"line":23,"column":14},"end":{"line":23,"column":17}},"loc":{"start":{"line":23,"column":20},"end":{"line":23,"column":53}}},"4":{"name":"(anonymous_4)","decl":{"start":{"line":24,"column":13},"end":{"line":24,"column":16}},"loc":{"start":{"line":24,"column":19},"end":{"line":24,"column":101}}},"5":{"name":"(anonymous_5)","decl":{"start":{"line":25,"column":14},"end":{"line":25,"column":17}},"loc":{"start":{"line":25,"column":20},"end":{"line":25,"column":45}}},"6":{"name":"(anonymous_6)","decl":{"start":{"line":26,"column":14},"end":{"line":26,"column":17}},"loc":{"start":{"line":26,"column":20},"end":{"line":26,"column":50}}},"7":{"name":"(anonymous_7)","decl":{"start":{"line":27,"column":14},"end":{"line":27,"column":17}},"loc":{"start":{"line":27,"column":20},"end":{"line":27,"column":34}}},"8":{"name":"(anonymous_8)","decl":{"start":{"line":28,"column":14},"end":{"line":28,"column":17}},"loc":{"start":{"line":28,"column":20},"end":{"line":28,"column":88}}},"9":{"name":"(anonymous_9)","decl":{"start":{"line":29,"column":14},"end":{"line":29,"column":17}},"loc":{"start":{"line":29,"column":20},"end":{"line":29,"column":84}}},"10":{"name":"(anonymous_10)","decl":{"start":{"line":30,"column":14},"end":{"line":30,"column":17}},"loc":{"start":{"line":30,"column":20},"end":{"line":30,"column":54}}},"11":{"name":"(anonymous_11)","decl":{"start":{"line":35,"column":2},"end":{"line":35,"column":24}},"loc":{"start":{"line":35,"column":24},"end":{"line":37,"column":3}}}},"branchMap":{},"s":{"0":4,"1":4,"2":4,"3":4,"4":4,"5":4,"6":4,"7":4,"8":4,"9":4,"10":4,"11":4,"12":4,"13":4,"14":4,"15":4,"16":4},"f":{"0":4,"1":4,"2":4,"3":4,"4":4,"5":4,"6":4,"7":4,"8":4,"9":4,"10":4,"11":4},"b":{}}
,"/home/runner/work/tax-calculator/tax-calculator/src/taxforms/CaliforniaTax.ts": {"path":"/home/runner/work/tax-calculator/tax-calculator/src/taxforms/CaliforniaTax.ts","statementMap":{"0":{"start":{"line":4,"column":13},"end":{"line":14,"column":null}},"1":{"start":{"line":20,"column":4},"end":{"line":20,"column":null}},"2":{"start":{"line":25,"column":26},"end":{"line":25,"column":72}},"3":{"start":{"line":26,"column":4},"end":{"line":26,"column":null}},"4":{"start":{"line":31,"column":20},"end":{"line":31,"column":45}},"5":{"start":{"line":32,"column":18},"end":{"line":32,"column":43}},"6":{"start":{"line":33,"column":4},"end":{"line":33,"column":null}},"7":{"start":{"line":37,"column":4},"end":{"line":37,"column":null}},"8":{"start":{"line":37,"column":21},"end":{"line":37,"column":null}},"9":{"start":{"line":39,"column":4},"end":{"line":44,"column":5}},"10":{"start":{"line":40,"column":6},"end":{"line":43,"column":7}},"11":{"start":{"line":41,"column":37},"end":{"line":41,"column":57}},"12":{"start":{"line":42,"column":8},"end":{"line":42,"column":null}},"13":{"start":{"line":47,"column":23},"end":{"line":47,"column":66}},"14":{"start":{"line":48,"column":32},"end":{"line":48,"column":55}},"15":{"start":{"line":49,"column":4},"end":{"line":49,"column":null}},"16":{"start":{"line":54,"column":4},"end":{"line":54,"column":null}},"17":{"start":{"line":58,"column":4},"end":{"line":58,"column":null}},"18":{"start":{"line":62,"column":4},"end":{"line":62,"column":null}},"19":{"start":{"line":16,"column":0},"end":{"line":16,"column":13}}},"fnMap":{"0":{"name":"(anonymous_0)","decl":{"start":{"line":19,"column":2},"end":{"line":19,"column":14}},"loc":{"start":{"line":19,"column":35},"end":{"line":21,"column":3}}},"1":{"name":"(anonymous_1)","decl":{"start":{"line":24,"column":2},"end":{"line":24,"column":20}},"loc":{"start":{"line":24,"column":20},"end":{"line":27,"column":3}}},"2":{"name":"(anonymous_2)","decl":{"start":{"line":30,"column":2},"end":{"line":30,"column":22}},"loc":{"start":{"line":30,"column":22},"end":{"line":34,"column":3}}},"3":{"name":"(anonymous_3)","decl":{"start":{"line":36,"column":10},"end":{"line":36,"column":34}},"loc":{"start":{"line":36,"column":49},"end":{"line":50,"column":3}}},"4":{"name":"(anonymous_4)","decl":{"start":{"line":53,"column":2},"end":{"line":53,"column":6}},"loc":{"start":{"line":53,"column":23},"end":{"line":55,"column":3}}},"5":{"name":"(anonymous_5)","decl":{"start":{"line":57,"column":2},"end":{"line":57,"column":6}},"loc":{"start":{"line":57,"column":21},"end":{"line":59,"column":3}}},"6":{"name":"(anonymous_6)","decl":{"start":{"line":61,"column":2},"end":{"line":61,"column":6}},"loc":{"start":{"line":61,"column":13},"end":{"line":63,"column":3}}}},"branchMap":{"0":{"loc":{"start":{"line":37,"column":4},"end":{"line":37,"column":null}},"type":"if","locations":[{"start":{"line":37,"column":4},"end":{"line":37,"column":null}},{"start":{},"end":{}}]},"1":{"loc":{"start":{"line":40,"column":6},"end":{"line":43,"column":7}},"type":"if","locations":[{"start":{"line":40,"column":6},"end":{"line":43,"column":7}},{"start":{},"end":{}}]}},"s":{"0":1,"1":10,"2":10,"3":10,"4":0,"5":0,"6":0,"7":10,"8":1,"9":9,"10":45,"11":9,"12":9,"13":0,"14":0,"15":0,"16":0,"17":0,"18":0,"19":1},"f":{"0":10,"1":10,"2":0,"3":10,"4":0,"5":0,"6":0},"b":{"0":[1,9],"1":[9,36]}}
,"/home/runner/work/tax-calculator/tax-calculator/src/taxforms/QualifiedDividendsAndCapitalGainsWorksheet.ts": {"path":"/home/runner/work/tax-calculator/tax-calculator/src/taxforms/QualifiedDividendsAndCapitalGainsWorksheet.ts","statementMap":{"0":{"start":{"line":1,"column":0},"end":{"line":1,"column":100}},"1":{"start":{"line":2,"column":0},"end":{"line":2,"column":35}},"2":{"start":{"line":18,"column":4},"end":{"line":18,"column":null}},"3":{"start":{"line":19,"column":4},"end":{"line":19,"column":null}},"4":{"start":{"line":21,"column":4},"end":{"line":47,"column":null}},"5":{"start":{"line":22,"column":19},"end":{"line":22,"column":51}},"6":{"start":{"line":23,"column":19},"end":{"line":23,"column":56}},"7":{"start":{"line":24,"column":19},"end":{"line":24,"column":116}},"8":{"start":{"line":25,"column":19},"end":{"line":25,"column":72}},"9":{"start":{"line":26,"column":19},"end":{"line":26,"column":85}},"10":{"start":{"line":27,"column":19},"end":{"line":27,"column":47}},"11":{"start":{"line":28,"column":19},"end":{"line":28,"column":81}},"12":{"start":{"line":29,"column":19},"end":{"line":29,"column":81}},"13":{"start":{"line":30,"column":19},"end":{"line":30,"column":72}},"14":{"start":{"line":31,"column":20},"end":{"line":31,"column":82}},"15":{"start":{"line":32,"column":20},"end":{"line":32,"column":45}},"16":{"start":{"line":33,"column":20},"end":{"line":33,"column":75}},"17":{"start":{"line":34,"column":20},"end":{"line":34,"column":51}},"18":{"start":{"line":35,"column":20},"end":{"line":35,"column":83}},"19":{"start":{"line":36,"column":20},"end":{"line":36,"column":73}},"20":{"start":{"line":37,"column":20},"end":{"line":37,"column":88}},"21":{"start":{"line":38,"column":20},"end":{"line":38,"column":84}},"22":{"start":{"line":39,"column":20},"end":{"line":39,"column":53}},"23":{"start":{"line":40,"column":20},"end":{"line":40,"column":74}},"24":{"start":{"line":41,"column":20},"end":{"line":41,"column":75}},"25":{"start":{"line":42,"column":20},"end":{"line":42,"column":53}},"26":{"start":{"line":43,"column":20},"end":{"line":43,"column":61}},"27":{"start":{"line":44,"column":20},"end":{"line":44,"column":104}},"28":{"start":{"line":45,"column":20},"end":{"line":45,"column":61}},"29":{"start":{"line":46,"column":20},"end":{"line":46,"column":84}},"30":{"start":{"line":52,"column":4},"end":{"line":52,"column":null}},"31":{"start":{"line":56,"column":4},"end":{"line":60,"column":5}},"32":{"start":{"line":57,"column":6},"end":{"line":59,"column":7}},"33":{"start":{"line":58,"column":8},"end":{"line":58,"column":null}},"34":{"start":{"line":61,"column":4},"end":{"line":61,"column":null}},"35":{"start":{"line":11,"column":0},"end":{"line":11,"column":13}}},"fnMap":{"0":{"name":"(anonymous_0)","decl":{"start":{"line":17,"column":2},"end":{"line":17,"column":14}},"loc":{"start":{"line":17,"column":65},"end":{"line":48,"column":3}}},"1":{"name":"(anonymous_1)","decl":{"start":{"line":22,"column":13},"end":{"line":22,"column":16}},"loc":{"start":{"line":22,"column":19},"end":{"line":22,"column":51}}},"2":{"name":"(anonymous_2)","decl":{"start":{"line":23,"column":13},"end":{"line":23,"column":16}},"loc":{"start":{"line":23,"column":19},"end":{"line":23,"column":56}}},"3":{"name":"(anonymous_3)","decl":{"start":{"line":24,"column":13},"end":{"line":24,"column":16}},"loc":{"start":{"line":24,"column":19},"end":{"line":24,"column":116}}},"4":{"name":"(anonymous_4)","decl":{"start":{"line":25,"column":13},"end":{"line":25,"column":16}},"loc":{"start":{"line":25,"column":19},"end":{"line":25,"column":72}}},"5":{"name":"(anonymous_5)","decl":{"start":{"line":26,"column":13},"end":{"line":26,"column":16}},"loc":{"start":{"line":26,"column":19},"end":{"line":26,"column":85}}},"6":{"name":"(anonymous_6)","decl":{"start":{"line":27,"column":13},"end":{"line":27,"column":16}},"loc":{"start":{"line":27,"column":19},"end":{"line":27,"column":47}}},"7":{"name":"(anonymous_7)","decl":{"start":{"line":28,"column":13},"end":{"line":28,"column":16}},"loc":{"start":{"line":28,"column":19},"end":{"line":28,"column":81}}},"8":{"name":"(anonymous_8)","decl":{"start":{"line":29,"column":13},"end":{"line":29,"column":16}},"loc":{"start":{"line":29,"column":19},"end":{"line":29,"column":81}}},"9":{"name":"(anonymous_9)","decl":{"start":{"line":30,"column":13},"end":{"line":30,"column":16}},"loc":{"start":{"line":30,"column":19},"end":{"line":30,"column":72}}},"10":{"name":"(anonymous_10)","decl":{"start":{"line":31,"column":14},"end":{"line":31,"column":17}},"loc":{"start":{"line":31,"column":20},"end":{"line":31,"column":82}}},"11":{"name":"(anonymous_11)","decl":{"start":{"line":32,"column":14},"end":{"line":32,"column":17}},"loc":{"start":{"line":32,"column":20},"end":{"line":32,"column":45}}},"12":{"name":"(anonymous_12)","decl":{"start":{"line":33,"column":14},"end":{"line":33,"column":17}},"loc":{"start":{"line":33,"column":20},"end":{"line":33,"column":75}}},"13":{"name":"(anonymous_13)","decl":{"start":{"line":34,"column":14},"end":{"line":34,"column":17}},"loc":{"start":{"line":34,"column":20},"end":{"line":34,"column":51}}},"14":{"name":"(anonymous_14)","decl":{"start":{"line":35,"column":14},"end":{"line":35,"column":17}},"loc":{"start":{"line":35,"column":20},"end":{"line":35,"column":83}}},"15":{"name":"(anonymous_15)","decl":{"start":{"line":36,"column":14},"end":{"line":36,"column":17}},"loc":{"start":{"line":36,"column":20},"end":{"line":36,"column":73}}},"16":{"name":"(anonymous_16)","decl":{"start":{"line":37,"column":14},"end":{"line":37,"column":17}},"loc":{"start":{"line":37,"column":20},"end":{"line":37,"column":88}}},"17":{"name":"(anonymous_17)","decl":{"start":{"line":38,"column":14},"end":{"line":38,"column":17}},"loc":{"start":{"line":38,"column":20},"end":{"line":38,"column":84}}},"18":{"name":"(anonymous_18)","decl":{"start":{"line":39,"column":14},"end":{"line":39,"column":17}},"loc":{"start":{"line":39,"column":20},"end":{"line":39,"column":53}}},"19":{"name":"(anonymous_19)","decl":{"start":{"line":40,"column":14},"end":{"line":40,"column":17}},"loc":{"start":{"line":40,"column":20},"end":{"line":40,"column":74}}},"20":{"name":"(anonymous_20)","decl":{"start":{"line":41,"column":14},"end":{"line":41,"column":17}},"loc":{"start":{"line":41,"column":20},"end":{"line":41,"column":75}}},"21":{"name":"(anonymous_21)","decl":{"start":{"line":42,"column":14},"end":{"line":42,"column":17}},"loc":{"start":{"line":42,"column":20},"end":{"line":42,"column":53}}},"22":{"name":"(anonymous_22)","decl":{"start":{"line":43,"column":14},"end":{"line":43,"column":17}},"loc":{"
[...]
,"/home/runner/work/tax-calculator/tax-calculator/src/taxforms/TaxForm.ts": {"path":"/home/runner/work/tax-calculator/tax-calculator/src/taxforms/TaxForm.ts","statementMap":{"0":{"start":{"line":3,"column":12},"end":{"line":3,"column":null}},"1":{"start":{"line":7,"column":4},"end":{"line":7,"column":null}},"2":{"start":{"line":1,"column":0},"end":{"line":1,"column":22}}},"fnMap":{"0":{"name":"(anonymous_0)","decl":{"start":{"line":1,"column":0},"end":{"line":1,"column":22}},"loc":{"start":{"line":1,"column":0},"end":{"line":9,"column":1}}},"1":{"name":"(anonymous_1)","decl":{"start":{"line":6,"column":9},"end":{"line":6,"column":21}},"loc":{"start":{"line":6,"column":34},"end":{"line":8,"column":3}}}},"branchMap":{"0":{"loc":{"start":{"line":7,"column":11},"end":{"line":7,"column":66}},"type":"cond-expr","locations":[{"start":{"line":7,"column":37},"end":{"line":7,"column":62}},{"start":{"line":7,"column":65},"end":{"line":7,"column":66}}]}},"s":{"0":60,"1":0,"2":5},"f":{"0":60,"1":0},"b":{"0":[0,0]}}
,"/home/runner/work/tax-calculator/tax-calculator/src/utils/BackupService.ts": {"path":"/home/runner/work/tax-calculator/tax-calculator/src/utils/BackupService.ts","statementMap":{"0":{"start":{"line":27,"column":16},"end":{"line":27,"column":26}},"1":{"start":{"line":28,"column":22},"end":{"line":28,"column":75}},"2":{"start":{"line":29,"column":4},"end":{"line":29,"column":null}},"3":{"start":{"line":33,"column":37},"end":{"line":38,"column":null}},"4":{"start":{"line":40,"column":4},"end":{"line":43,"column":null}},"5":{"start":{"line":47,"column":19},"end":{"line":47,"column":46}},"6":{"start":{"line":48,"column":23},"end":{"line":48,"column":54}},"7":{"start":{"line":49,"column":17},"end":{"line":49,"column":69}},"8":{"start":{"line":50,"column":16},"end":{"line":50,"column":41}},"9":{"start":{"line":52,"column":17},"end":{"line":52,"column":44}},"10":{"start":{"line":53,"column":4},"end":{"line":53,"column":null}},"11":{"start":{"line":54,"column":4},"end":{"line":54,"column":null}},"12":{"start":{"line":55,"column":4},"end":{"line":55,"column":null}},"13":{"start":{"line":56,"column":4},"end":{"line":56,"column":null}},"14":{"start":{"line":57,"column":4},"end":{"line":57,"column":null}},"15":{"start":{"line":58,"column":4},"end":{"line":58,"column":null}},"16":{"start":{"line":62,"column":29},"end":{"line":62,"column":31}},"17":{"start":{"line":63,"column":31},"end":{"line":63,"column":33}},"18":{"start":{"line":65,"column":4},"end":{"line":68,"column":5}},"19":{"start":{"line":66,"column":6},"end":{"line":66,"column":null}},"20":{"start":{"line":67,"column":6},"end":{"line":67,"column":null}},"21":{"start":{"line":70,"column":4},"end":{"line":84,"column":5}},"22":{"start":{"line":71,"column":6},"end":{"line":71,"column":null}},"23":{"start":{"line":73,"column":6},"end":{"line":75,"column":7}},"24":{"start":{"line":74,"column":8},"end":{"line":74,"column":null}},"25":{"start":{"line":76,"column":6},"end":{"line":80,"column":7}},"26":{"start":{"line":77,"column":8},"end":{"line":77,"column":null}},"27":{"start":{"line":78,"column":13},"end":{"line":80,"column":7}},"28":{"start":{"line":79,"column":8},"end":{"line":79,"column":null}},"29":{"start":{"line":81,"column":6},"end":{"line":83,"column":7}},"30":{"start":{"line":82,"column":8},"end":{"line":82,"column":null}},"31":{"start":{"line":86,"column":4},"end":{"line":89,"column":5}},"32":{"start":{"line":87,"column":6},"end":{"line":87,"column":null}},"33":{"start":{"line":88,"column":6},"end":{"line":88,"column":null}},"34":{"start":{"line":92,"column":42},"end":{"line":116,"column":null}},"35":{"start":{"line":119,"column":4},"end":{"line":128,"column":5}},"36":{"start":{"line":120,"column":6},"end":{"line":122,"column":null}},"37":{"start":{"line":121,"column":8},"end":{"line":121,"column":77}},"38":{"start":{"line":123,"column":6},"end":{"line":125,"column":7}},"39":{"start":{"line":124,"column":8},"end":{"line":124,"column":null}},"40":{"start":{"line":126,"column":11},"end":{"line":128,"column":5}},"41":{"start":{"line":127,"column":6},"end":{"line":127,"column":null}},"42":{"start":{"line":130,"column":4},"end":{"line":139,"column":5}},"43":{"start":{"line":131,"column":6},"end":{"line":133,"column":null}},"44":{"start":{"line":132,"column":8},"end":{"line":132,"column":74}},"45":{"start":{"line":134,"column":6},"end":{"line":136,"column":7}},"46":{"start":{"line":135,"column":8},"end":{"line":135,"column":null}},"47":{"start":{"line":137,"column":11},"end":{"line":139,"column":5}},"48":{"start":{"line":138,"column":6},"end":{"line":138,"column":null}},"49":{"start":{"line":141,"column":4},"end":{"line":150,"column":5}},"50":{"start":{"line":142,"column":6},"end":{"line":144,"column":null}},"51":{"start":{"line":143,"column":8},"end":{"line":143,"column":89}},"52":{"start":{"line":145,"column":6},"end":{"line":147,"column":7}},"53":{"start":{"line":146,"column":8},"end":{"line":146,"column":null}},"54":{"start":{"line":148,"column":11},"end":{"line":150,"column":5}},"55":{"start":{"line":149,"column":6},"end":{"line":149,"column":null}},"56":{"start":{"line":153,"column":4},"end":{"line":175,"column":5}},"57":{"start":{"line":154,"column":31},"end":{"line":161,"column":null}},"58":{"start":{"line":163,"column":6},"end":{"line":174,"column":7}},"59":{"start":{"line":164,"column":8},"end":{"line":173,"column":9}},"60":{"start":{"line":165,"column":10},"end":{"line":170,"column":null}},"61":{"start":{"line":171,"column":15},"end":{"line":173,"column":9}},"62":{"start":{"line":172,"column":10},"end":{"line":172,"column":null}},"63":{"start":{"line":178,"column":26},"end":{"line":182,"column":null}},"64":{"start":{"line":184,"column":4},"end":{"line":192,"column":5}},"65":{"start":{"line":185,"column":6},"end":{"line":191,"column":7}},"66":{"start":{"line":186,"column":9},"end":{"line":186,"column":null}},"67":{"start":{"line":187,"column":13},"end":{"line":191,"column":7}},"68":{"start":{"line":188,"column":8},"end":{"line":188,"column":null}},"69":{"start":{"line":190,"column":8},"end":{"line":190,"column":null}},"70":{"start":{"line":194,"column":4},"end":{"line":199,"column":null}},"71":{"start":{"line":203,"column":19},"end":{"line":203,"column":66}},"72":{"start":{"line":204,"column":4},"end":{"line":208,"column":null}},"73":{"start":{"line":212,"column":4},"end":{"line":251,"column":null}},"74":{"start":{"line":213,"column":20},"end":{"line":213,"column":51}},"75":{"start":{"line":214,"column":6},"end":{"line":214,"column":null}},"76":{"start":{"line":215,"column":6},"end":{"line":215,"column":null}},"77":{"start":{"line":217,"column":6},"end":{"line":248,"column":null}},"78":{"start":{"line":217,"column":39},"end":{"line":248,"column":null}},"79":{"start":{"line":218,"column":21},"end":{"line":218,"column":66}},"80":{"start":{"line":219,"column":8},"end":{"line":222,"column":9}},"81":{"start":{"line":220,"column":10},"end":{"line":220,"column":null}},"82":{"start":{"line":221,"column":10},"end":{"line":221,"column":16}},"83":{"start":{"line":224,"column":8},"end":{"line":247,"column":9}},"84":{"start":{"line":225,"column":23},"end":{"line":225,"column":40}},"85":{"start":{"line":226,"column":29},"end":{"line":226,"column":45}},"86":{"start":{"line":227,"column":29},"end":{"line":227,"column":76}},"87":{"start":{"line":229,"column":10},"end":{"line":235,"column":11}},"88":{"start":{"line":230,"column":12},"end":{"line":233,"column":null}},"89":{"start":{"line":234,"column":12},"end":{"line":234,"column":18}},"90":{"start":{"line":237,"column":10},"end":{"line":241,"column":null}},"91":{"start":{"line":243,"column":10},"end":{"line":246,"column":null}},"92":{"start":{"line":250,"column":6},"end":{"line":250,"column":null}},"93":{"start":{"line":21,"column":0},"end":{"line":21,"column":13}},"94":{"start":{"line":22,"column":26},"end":{"line":22,"column":null}},"95":{"start":{"line":23,"column":26},"end":{"line":23,"column":null}},"96":{"start":{"line":24,"column":26},"end":{"line":24,"column":null}}},"fnMap":{"0":{"name":"(anonymous_7)","decl":{"start":{"line":26,"column":2},"end":{"line":26,"column":8}},"loc":{"start":{"line":26,"column":31},"end":{"line":30,"column":3}}},"1":{"name":"(anonymous_8)","decl":{"start":{"line":32,"column":2},"end":{"line":32,"column":8}},"loc":{"start":{"line":32,"column":45},"end":{"line":44,"column":3}}},"2":{"name":"(anonymous_9)","decl":{"start":{"line":46,"column":2},"end":{"line":46,"column":8}},"loc":{"start":{"line":46,"column":45},"end":{"line":59,"column":3}}},"3":{"name":"(anonymous_10)","decl":{"start":{"line":61,"column":2},"end":{"line":61,"column":8}},"loc":{"start":{"line":61,"column":55},"end":{"line":200,"column":3}}},"4":{"name":"(anonymous_11)","decl":{"start":{"line":120,"column":64},"end":{"line":120,"column":65}},"loc":{"start":{"line":121,"column":8},"end":{"line":121,"column":77}}},"5":{"name":"(anonymous_12)","decl":{"start":{"line":131,"column":76},"end":{"line":131,"column":77}},"loc":{"start":{"line":132,"column":8},"end":{"line":132,"column":74}}},"6":{"name":"(anonymous_13)","decl":{"start":{"line":142,"column":78},"end":{"line":142,"column":79}},"loc":{"start":{"line":143,"column":8},"end":{"line":143,"column":89}}},"7":{"name":"(anonymous_14)","decl":{"start":{"line":202,"column":2},"end":{"line":202,"column":8}},"loc":{"start":{"line":202,"column":43},"end":{"line":209,"column":3}}},"8":{"name":"(anonymous_15)","decl":{"start":{"line":211,"column":2},"end":{"line":211,"column":8}},"loc":{"start":{"line":211,"column":29},"end":{"line":252,"column":null}}},"9":{"name":"(anonymous_17)","decl":{"start":{"line":212,"column":23},"end":{"line":212,"column":24}},"loc":{"start":{"line":212,"column":35},"end":{"line":251,"column":5}}},"10":{"name":"(anonymous_18)","decl":{"start":{"line":217,"column":23},"end":{"line":217,"column":30}},"loc":{"start":{"line":217,"column":39},"end":{"line":248,"column":null}}},"11":{"name":"(anonymous_19)","decl":{"start":{"line":217,"column":39},"end":{"line":217,"column":null}},"loc":{"start":{"line":217,"column":39},"end":{"line":248,"column":7}}}},"branchMap":{"0":{"loc":{"start":{"line":65,"column":4},"end":{"line":68,"column":5}},"type":"if","locations":[{"start":{"line":65,"column":4},"end":{"line":68,"column":5}},{"start":{},"end":{}}]},"1":{"loc":{"start":{"line":65,"column":8},"end":{"line":65,"column":53}},"type":"binary-expr","locations":[{"start":{"line":65,"column":8},"end":{"line":65,"column":19}},{"start":{"line":65,"column":23},"end":{"line":65,"column":53}}]},"2":{"loc":{"start":{"line":70,"column":4},"end":{"line":84,"column":5}},"type":"if","locations":[{"start":{"line":70,"column":4},"end":{"line":84,"column":5}},{"start":{"line":72,"column":11},"end":{"line":84,"column":5}}]},"3":{"loc":{"start":{"line":73,"column":6},"end":{"line":75,"column":7}},"type":"if","locations":[{"start":{"line":73,"column":6},"end":{"line":75,"column":7}},{"start":{},"end":{}}]},"4":{"loc":{"start":{"line":76,"column":6},"end":{"line":80,"column":7}},"type":"if","locations":[{"start":{"line":76,"column":6},"end":{"line":80,"column":7}},{"start":{"line":78,"column":13},"end":{"line":80,"column":7}}]},"5":{"loc":{"start":{"line":78,"column":13},"end":{"line":80,"column":7}},"type":"if","locations":[{"start":{"line":78,"column":13},"end":{"line":80,"column":7}},{"start":{},"end":{}}]},"6":{"loc":{"start":{"line":81,"column":6},"end":{"line":83,"column":7}},"type":"if","locations":[{"start":{"line":81,"column":6},"end":{"line":83,"column":7}},{"start":{},"end":{}}]},"7":{"loc":{"start":{"line":86,"column":4},"end":{"line":89,"column":5}},"type":"if","locations":[{"start":{"line":86,"column":4},"end":{"line":89,"column":5}},{"start":{},"end":{}}]},"8":{"loc":{"start":{"line":119,"column":4},"end":{"line":128,"column":5}},"type":"if","locations":[{"start":{"line":119,"column":4},"end":{"line":128,"column":5}},{"start":{"line":126,"column":11},"end":{"line":128,"column":5}}]},"9":{"loc":{"start":{"line":121,"column":8},"end":{"line":121,"column":77}},"type":"binary-expr","locations":[{"start":{"line":121,"column":8},"end":{"line":121,"column":13}},{"start":{"line":121,"column":17},"end":{"line":121,"column":44}},{"start":{"line":121,"column":48},"end":{"line":121,"column":77}}]},"10":{"loc":{"start":{"line":123,"column":6},"end":{"line":125,"column":7}},"type":"if","locations":[{"start":{"line":123,"column":6},"end":{"line":125,"column":7}},{"start":{},"end":{}}]},"11":{"loc":{"start":{"line":126,"column":11},"end":{"line":128,"column":5}},"type":"if","locations":[{"start":{"line":126,"column":11},"end":{"line":128,"column":5}},{"start":{},"end":{}}]},"12":{"loc":{"start":{"line":130,"column":4},"end":{"line":139,"column":5}},"type":"if","locations":[{"start":{"line":130,"column":4},"end":{"line":139,"column":5}},{"start":{"line":137,"column":11},"end":{"line":139,"column":5}}]},"13":{"loc":{"start":{"line":132,"column":8},"end":{"line":132,"column":74}},"type":"binary-expr","locations":[{"start":{"line":132,"column":8},"end":{"line":132,"column":12}},{"start":{"line":132,"column":16},"end":{"line":132,"column":42}},{"start":{"line":132,"column":46},"end":{"line":132,"column":74}}]},"14":{"loc":{"start":{"line":134,"column":6},"end":{"line":136,"column":7}},"type":"if","locations":[{"start":{"line":134,"column":6},"end":{"line":136,"column":7}},{"start":{},"end":{}}]},"15":{"loc":{"start":{"line":137,"column":11},"end":{"line":139,"column":5}},"type":"if","locations":[{"start":{"line":137,"column":11},"end":{"line":139,"column":5}},{"start":{},"end":{}}]},"16":{"loc":{"start":{"line":141,"column":4},"end":{"line":150,"column":5}},"type":"if","locations":[{"start":{"line":141,"column":4},"end":{"line":150,"column":5}},{"start":{"line":148,"column":11},"end":{"line":150,"column":5}}]},"17":{"loc":{"start":{"line":143,"column":8},"end":{"line":143,"column":89}},"type":"binary-expr","locations":[{"start":{"line":143,"column":8},"end":{"line":143,"column":17}},{"start":{"line":143,"column":21},"end":{"line":143,"column":52}},{"start":{"line":143,"column":56},"end":{"line":143,"column":89}}]},"18":{"loc":{"start":{"line":145,"column":6},"end":{"line":147,"column":7}},"type":"if","locations":[{"start":{"line":145,"column":6},"end":{"line":147,"column":7}},{"start":{},"end":{}}]},"19":{"loc":{"start":{"line":148,"column":11},"end":{"line":150,"column":5}},"type":"if","locations":[{"start":{"line":148,"column":11},"end":{"line":150,"column":5}},{"start":{},"end":{}}]},"20":{"loc":{"start":{"line":153,"column":4},"end":{"line":175,"column":5}},"type":"if","locations":[{"start":{"line":153,"column":4},"end":{"line":175,"column":5}},{"start":{},"end":{}}]},"21":{"loc":{"start":{"line":153,"column":8},"end":{"line":153,"column":96}},"type":"binary-expr","locations":[{"start":{"line":153,"column":8},"end":{"line":153,"column":40}},{"start":{"line":153,"column":44},"end":{"line":153,"column":96}}]},"22":{"loc":{"start":{"line":164,"column":8},"end":{"line":173,"column":9}},"type":"if","locations":[{"start":{"line":164,"column":8},"end":{"line":173,"column":9}},{"start":{"line":171,"column":15},"end":{"line":173,"column":9}}]},"23":{"loc":{"start":{"line":164,"column":12},"end":{"line":164,"column":114}},"type":"binary-expr","locations":[{"start":{"line":164,"column":12},"end":{"line":164,"column":51}},{"start":{"line":164,"column":55},"end":{"line":164,"column":114}}]},"24":{"loc":{"start":{"line":166,"column":16},"end":{"line":166,"column":63}},"type":"binary-expr","locations":[{"start":{"line":166,"column":16},"end":{"line":166,"column":58}},{"start":{"line":166,"column":62},"end":{"line":166,"column":63}}]},"25":{"loc":{"start":{"line":167,"column":16},"end":{"line":167,"column":63}},"type":"binary-expr","locations":[{"start":{"line":167,"column":16},"end":{"line":167,"column":58}},{"start":{"line":167,"column":62},"end":{"line":167,"column":63}}]},"26":{"loc":{"start":{"line":168,"column":16},"end":{"line":168,"column":63}},"type":"binary-expr","locations":[{"start":{"line":168,"column":16},"end":{"line":168,"column":58}},{"start":{"line":168,"column":62},"end":{"line":168,"column":63}}]},"27":{"loc":{"start":{"line":169,"column":16},"end":{"line":169,"column":63}},"type":"binary-expr","locations":[{"start":{"line":169,"column":16},"end":{"line":169,"column":58}},{"start":{"line":169,"column":62},"end":{"line":169,"column":63}}]},"28":{"loc":{"start":{"line":171,"column":15},"end":{"line":173,"column":9}},"type":"if","locations":[{"start":{"line":171,"column":15},"end":{"line":173,"column":9}},{"start":{},"end":{}}]},"29":{"loc":{"start":{"line":185,"column":6},"end":{"line":191,"column":7}},"type":"if","locations":[{"start":{"line":185,"column":6},"end":{"line":191,"column":7}},{"start":{"line":187,"column":13},"end":{"line":191,"column":7}}]},"30":{"loc":{"start":{"line":187,"column":13},"end":{"line":191,"column":7}},"type":"if","locations":[{"start":{"line":187,"column":13},"end":{"line":191,"column":7}},{"start":{"line":189,"column":13},"end":{"line":191,"column":7}}]},"31":{"loc":{"start":{"line":218,"column":21},"end":{"line":218,"column":66}},"type":"cond-expr","locations":[{"start":{"line":218,"column":61},"end":{"line":218,"column":64}},{"start":{"line":218,"column":61},"end":{"line":218,"column":66}}]},"32":{"loc":{"start":{"line":218,"column":21},"end":{"line":218,"column":64}},"type":"binary-expr","locations":[{"start":{"line":218,"column":21},"end":{"line":218,"column":64}},{"start":{"line":218,"column":61},"end":{"line":218,"column":64}}]},"33":{"loc":{"start":{"line":219,"column":8},"end":{"line":222,"column":9}},"type":"if","locations":[{"start":{"line":219,"column":8},"end":{"line":222,"column":9}},{"start":{},"end":{}}]},"34":{"loc":{"start":{"line":229,"column":10},"end":{"line":235,"column":11}},"type":"if","locations":[{"start":{"line":229,"column":10},"end":{"line":235,"column":11}},{"start":{},"end":{}}]},"35":{"loc":{"start":{"line":245,"column":51},"end":{"line":245,"column":107}},"type":"cond-expr","locations":[{"start":{"line":245,"column":76},"end":{"line":245,"column":89}},{"start":{"line":245,"column":92},"end":{"line":245,"column":107}}]}},"s":{"0":0,"1":0,"2":0,"3":0,"4":0,"5":0,"6":0,"7":0,"8":0,"9":0,"10":0,"11":0,"12":0,"13":0,"14":0,"15":0,"16":0,"17":0,"18":0,"19":0,"20":0,"21":0,"22":0,"23":0,"24":0,"25":0,"26":0,"27":0,"28":0,"29":0,"30":0,"31":0,"32":0,"33":0,"34":0,"35":0,"36":0,"37":0,"38":0,"39":0,"40":0,"41":0,"42":0,"43":0,"44":0,"45":0,"46":0,"47":0,"48":0,"49":0,"50":0,"51":0,"52":0,"53":0,"54":0,"55":0,"56":0,"57":0,"58":0,"59":0,"60":0,"61":0,"62":0,"63":0,"64":0,"65":0,"66":0,"67":0,"68":0,"69":0,"70":0,"71":0,"72":0,"73":0,"74":0,"75":0,"76":0,"77":0,"78":0,"79":0,"80":0,"81":0,"82":0,"83":0,"84":0,"85":0,"86":0,"87":0,"88":0,"89":0,"90":0,"91":0,"92":0,"93":2,"94":2,"95":2,"96":2},"f":{"0":0,"1":0,"2":0,"3":0,"4":0,"5":0,"6":0,"7":0,"8":0,"9":0,"10":0,"11":0},"b":{"0":[0,0],"1":[0,0],"2":[0,0],"3":[0,0],"4":[0,0],"5":[0,0],"6":[0,0],"7":[0,0],"8":[0,0],"9":[0,0,0],"10":[0,0],"11":[0,0],"12":[0,0],"13":[0,0,0],"14":[0,0],"15":[0,0],"16":[0,0],"17":[0,0,0],"18":[0,0],"19":[0,0],"20":[0,0],"21":[0,0],"22":[0,0],"23":[0,0],"24":[0,0],"25":[0,0],"26":[0,0],"27":[0,0],"28":[0,0],"29":[0,0],"30":[0,0],"31":[0,0],"32":[0,0],"33":[0,0],"34":[0,0],"35":[0,0]}}
}
