TN:
SF:src/stores/AppStore.ts
FN:11,(anonymous_0)
FN:18,(anonymous_1)
FN:22,(anonymous_2)
FN:26,(anonymous_3)
FN:30,(anonymous_4)
FN:35,(anonymous_5)
FN:40,(anonymous_6)
FN:44,(anonymous_7)
FN:48,(anonymous_8)
FN:52,(anonymous_9)
FN:59,(anonymous_10)
FN:63,(anonymous_11)
FN:67,(anonymous_12)
FN:71,(anonymous_13)
FN:75,(anonymous_14)
FN:79,(anonymous_15)
FNF:16
FNH:16
FNDA:28,(anonymous_0)
FNDA:5,(anonymous_1)
FNDA:2,(anonymous_2)
FNDA:2,(anonymous_3)
FNDA:3,(anonymous_4)
FNDA:3,(anonymous_5)
FNDA:4,(anonymous_6)
FNDA:4,(anonymous_7)
FNDA:2,(anonymous_8)
FNDA:2,(anonymous_9)
FNDA:1,(anonymous_10)
FNDA:1,(anonymous_11)
FNDA:2,(anonymous_12)
FNDA:4,(anonymous_13)
FNDA:4,(anonymous_14)
FNDA:2,(anonymous_15)
DA:1,1
DA:3,1
DA:4,1
DA:6,1
DA:12,28
DA:13,28
DA:14,28
DA:15,28
DA:19,5
DA:23,2
DA:27,2
DA:32,3
DA:37,3
DA:41,4
DA:45,4
DA:49,2
DA:54,2
DA:55,2
DA:60,1
DA:64,1
DA:68,2
DA:72,4
DA:76,4
DA:80,2
LF:24
LH:24
BRDA:55,0,0,1
BRDA:55,0,1,1
BRF:2
BRH:2
end_of_record
TN:
SF:src/stores/UserInputStore.ts
FN:72,(anonymous_7)
FN:84,(anonymous_8)
FN:108,(anonymous_9)
FN:140,(anonymous_10)
FN:145,(anonymous_11)
FN:146,(anonymous_12)
FN:152,(anonymous_13)
FN:153,(anonymous_14)
FN:156,(anonymous_15)
FN:161,(anonymous_16)
FN:162,(anonymous_17)
FN:168,(anonymous_18)
FN:169,(anonymous_19)
FN:172,(anonymous_20)
FN:177,(anonymous_21)
FN:178,(anonymous_22)
FN:184,(anonymous_23)
FN:185,(anonymous_24)
FN:188,(anonymous_25)
FN:192,(anonymous_26)
FN:196,(anonymous_27)
FN:200,(anonymous_28)
FN:203,(anonymous_29)
FN:206,(anonymous_30)
FN:209,(anonymous_31)
FN:214,(anonymous_32)
FN:217,(anonymous_33)
FN:220,(anonymous_34)
FN:223,(anonymous_35)
FN:226,(anonymous_36)
FN:229,(anonymous_37)
FN:232,(anonymous_38)
FN:235,(anonymous_39)
FN:240,(anonymous_40)
FN:245,(anonymous_41)
FN:246,(anonymous_42)
FN:247,(anonymous_43)
FN:252,(anonymous_44)
FN:256,(anonymous_45)
FN:260,(anonymous_46)
FN:264,(anonymous_47)
FN:268,(anonymous_48)
FN:272,(anonymous_49)
FN:276,(anonymous_50)
FN:280,(anonymous_51)
FN:284,(anonymous_52)
FN:285,(anonymous_53)
FN:288,(anonymous_54)
FN:289,(anonymous_55)
FN:292,(anonymous_56)
FN:293,(anonymous_57)
FN:296,(anonymous_58)
FN:300,(anonymous_59)
FN:304,(anonymous_60)
FN:308,(anonymous_61)
FN:321,(anonymous_62)
FN:322,(anonymous_63)
FN:329,(anonymous_64)
FN:330,(anonymous_65)
FN:336,(anonymous_66)
FN:341,(anonymous_67)
FN:346,(anonymous_68)
FN:352,(anonymous_69)
FN:357,(anonymous_70)
FNF:64
FNH:62
FNDA:147,(anonymous_7)
FNDA:2,(anonymous_8)
FNDA:78,(anonymous_9)
FNDA:225,(anonymous_10)
FNDA:2,(anonymous_11)
FNDA:2,(anonymous_12)
FNDA:1,(anonymous_13)
FNDA:2,(anonymous_14)
FNDA:18,(anonymous_15)
FNDA:2,(anonymous_16)
FNDA:2,(anonymous_17)
FNDA:1,(anonymous_18)
FNDA:2,(anonymous_19)
FNDA:15,(anonymous_20)
FNDA:2,(anonymous_21)
FNDA:2,(anonymous_22)
FNDA:1,(anonymous_23)
FNDA:2,(anonymous_24)
FNDA:2,(anonymous_25)
FNDA:1,(anonymous_26)
FNDA:1,(anonymous_27)
FNDA:33,(anonymous_28)
FNDA:1,(anonymous_29)
FNDA:1,(anonymous_30)
FNDA:1,(anonymous_31)
FNDA:1,(anonymous_32)
FNDA:1,(anonymous_33)
FNDA:1,(anonymous_34)
FNDA:1,(anonymous_35)
FNDA:1,(anonymous_36)
FNDA:1,(anonymous_37)
FNDA:1,(anonymous_38)
FNDA:1,(anonymous_39)
FNDA:6385,(anonymous_40)
FNDA:1964,(anonymous_41)
FNDA:1696,(anonymous_42)
FNDA:2,(anonymous_43)
FNDA:55,(anonymous_44)
FNDA:957,(anonymous_45)
FNDA:1344,(anonymous_46)
FNDA:958,(anonymous_47)
FNDA:957,(anonymous_48)
FNDA:1728,(anonymous_49)
FNDA:1343,(anonymous_50)
FNDA:947,(anonymous_51)
FNDA:20,(anonymous_52)
FNDA:16,(anonymous_53)
FNDA:2862,(anonymous_54)
FNDA:19,(anonymous_55)
FNDA:20,(anonymous_56)
FNDA:4,(anonymous_57)
FNDA:19,(anonymous_58)
FNDA:20,(anonymous_59)
FNDA:1,(anonymous_60)
FNDA:5,(anonymous_61)
FNDA:21,(anonymous_62)
FNDA:21,(anonymous_63)
FNDA:20,(anonymous_64)
FNDA:3,(anonymous_65)
FNDA:18,(anonymous_66)
FNDA:29,(anonymous_67)
FNDA:17,(anonymous_68)
FNDA:0,(anonymous_69)
FNDA:0,(anonymous_70)
DA:1,5
DA:2,5
DA:4,5
DA:28,5
DA:33,147
DA:34,147
DA:35,147
DA:38,147
DA:41,147
DA:44,147
DA:47,147
DA:57,147
DA:58,147
DA:59,147
DA:60,147
DA:63,147
DA:64,147
DA:65,147
DA:66,147
DA:67,147
DA:68,147
DA:69,147
DA:70,147
DA:74,147
DA:75,147
DA:76,78
DA:79,69
DA:80,69
DA:85,2
DA:109,78
DA:110,78
DA:111,78
DA:112,78
DA:113,78
DA:114,78
DA:115,78
DA:116,78
DA:124,78
DA:125,78
DA:126,78
DA:127,78
DA:128,78
DA:129,78
DA:130,78
DA:131,78
DA:132,78
DA:133,78
DA:134,78
DA:135,78
DA:141,225
DA:142,225
DA:146,2
DA:147,2
DA:148,1
DA:153,2
DA:157,18
DA:158,18
DA:162,2
DA:163,2
DA:164,1
DA:169,2
DA:173,15
DA:174,15
DA:178,2
DA:179,2
DA:180,1
DA:185,2
DA:189,2
DA:193,1
DA:197,1
DA:201,33
DA:204,1
DA:207,1
DA:210,1
DA:215,1
DA:218,1
DA:221,1
DA:224,1
DA:227,1
DA:230,1
DA:233,1
DA:236,1
DA:241,6385
DA:246,1964
DA:247,1964
DA:248,1964
DA:253,55
DA:257,957
DA:261,1344
DA:265,958
DA:269,957
DA:273,1728
DA:277,1343
DA:281,947
DA:285,20
DA:289,2862
DA:293,20
DA:297,19
DA:301,20
DA:305,1
DA:309,5
DA:322,21
DA:323,21
DA:324,21
DA:325,21
DA:330,20
DA:331,3
DA:332,3
DA:337,18
DA:342,29
DA:347,17
DA:348,17
DA:349,14
DA:353,0
DA:354,0
DA:358,0
DA:359,0
DA:361,0
DA:362,0
DA:365,0
DA:366,0
DA:368,0
DA:370,0
DA:371,0
DA:372,0
DA:375,0
DA:378,0
DA:380,0
LF:128
LH:113
BRDA:75,0,0,78
BRDA:75,0,1,69
BRDA:109,1,0,78
BRDA:109,1,1,0
BRDA:110,2,0,78
BRDA:110,2,1,0
BRDA:111,3,0,78
BRDA:111,3,1,0
BRDA:112,4,0,78
BRDA:112,4,1,0
BRDA:113,5,0,78
BRDA:113,5,1,77
BRDA:114,6,0,78
BRDA:114,6,1,77
BRDA:115,7,0,78
BRDA:115,7,1,77
BRDA:117,8,0,78
BRDA:117,8,1,1
BRDA:117,9,0,0
BRDA:117,9,1,78
BRDA:117,10,0,78
BRDA:117,10,1,78
BRDA:118,11,0,78
BRDA:118,11,1,0
BRDA:118,12,0,0
BRDA:118,12,1,78
BRDA:118,13,0,78
BRDA:118,13,1,78
BRDA:119,14,0,78
BRDA:119,14,1,0
BRDA:119,15,0,0
BRDA:119,15,1,78
BRDA:119,16,0,78
BRDA:119,16,1,78
BRDA:120,17,0,78
BRDA:120,17,1,0
BRDA:120,18,0,0
BRDA:120,18,1,78
BRDA:120,19,0,78
BRDA:120,19,1,78
BRDA:121,20,0,78
BRDA:121,20,1,0
BRDA:121,21,0,0
BRDA:121,21,1,78
BRDA:121,22,0,78
BRDA:121,22,1,78
BRDA:122,23,0,78
BRDA:122,23,1,0
BRDA:122,24,0,0
BRDA:122,24,1,78
BRDA:122,25,0,78
BRDA:122,25,1,78
BRDA:140,26,0,0
BRDA:140,27,0,0
BRDA:140,28,0,190
BRDA:147,29,0,1
BRDA:147,29,1,1
BRDA:156,30,0,0
BRDA:156,31,0,0
BRDA:156,32,0,0
BRDA:163,33,0,1
BRDA:163,33,1,1
BRDA:172,34,0,0
BRDA:172,35,0,0
BRDA:172,36,0,0
BRDA:179,37,0,1
BRDA:179,37,1,1
BRDA:241,38,0,6385
BRDA:241,38,1,0
BRDA:241,39,0,6385
BRDA:241,39,1,6385
BRDA:241,40,0,0
BRDA:241,40,1,6385
BRDA:241,41,0,6385
BRDA:241,41,1,6385
BRDA:241,42,0,6385
BRDA:241,42,1,0
BRDA:241,43,0,6385
BRDA:241,43,1,6385
BRDA:241,44,0,0
BRDA:241,44,1,6385
BRDA:241,45,0,6385
BRDA:241,45,1,6385
BRDA:241,46,0,6385
BRDA:241,46,1,0
BRDA:241,47,0,6385
BRDA:241,47,1,6385
BRDA:241,48,0,0
BRDA:241,48,1,6385
BRDA:241,49,0,6385
BRDA:241,49,1,6385
BRDA:241,50,0,6385
BRDA:241,50,1,0
BRDA:241,51,0,6385
BRDA:241,51,1,6385
BRDA:241,52,0,0
BRDA:241,52,1,6385
BRDA:241,53,0,6385
BRDA:241,53,1,6385
BRDA:323,54,0,20
BRDA:323,54,1,1
BRDA:323,55,0,21
BRDA:323,55,1,21
BRDA:331,56,0,2
BRDA:331,56,1,1
BRDA:331,57,0,3
BRDA:331,57,1,3
BRDA:348,58,0,3
BRDA:348,58,1,14
BRDA:361,59,0,0
BRDA:361,59,1,0
BRDA:362,60,0,0
BRDA:362,60,1,0
BRDA:365,61,0,0
BRDA:365,61,1,0
BRDA:371,62,0,0
BRDA:371,62,1,0
BRDA:371,63,0,0
BRDA:371,63,1,0
BRDA:382,64,0,0
BRDA:382,64,1,0
BRF:121
BRH:78
end_of_record
TN:
SF:src/stores/stores.ts
FN:30,(anonymous_0)
FNF:1
FNH:0
FNDA:0,(anonymous_0)
DA:1,0
DA:2,0
DA:3,0
DA:4,0
DA:6,0
DA:7,0
DA:9,0
DA:11,0
DA:12,0
DA:13,0
DA:14,0
DA:16,0
DA:17,0
DA:18,0
DA:19,0
DA:20,0
DA:23,0
DA:25,0
DA:27,0
DA:28,0
DA:30,0
DA:31,0
DA:32,0
DA:33,0
LF:24
LH:0
BRDA:11,0,0,0
BRDA:11,0,1,0
BRF:2
BRH:0
end_of_record
TN:
SF:src/taxforms/1040.ts
FN:46,(anonymous_0)
FN:56,(anonymous_1)
FN:57,(anonymous_2)
FN:58,(anonymous_3)
FN:59,(anonymous_4)
FN:60,(anonymous_5)
FN:61,(anonymous_6)
FN:62,(anonymous_7)
FN:63,(anonymous_8)
FN:64,(anonymous_9)
FN:65,(anonymous_10)
FN:66,(anonymous_11)
FN:67,(anonymous_12)
FN:68,(anonymous_13)
FN:69,(anonymous_14)
FN:70,(anonymous_15)
FN:71,(anonymous_16)
FN:72,(anonymous_17)
FN:73,(anonymous_18)
FN:74,(anonymous_19)
FN:75,(anonymous_20)
FN:76,(anonymous_21)
FN:77,(anonymous_22)
FN:78,(anonymous_23)
FN:79,(anonymous_24)
FN:80,(anonymous_25)
FN:81,(anonymous_26)
FN:82,(anonymous_27)
FN:83,(anonymous_28)
FN:84,(anonymous_29)
FN:88,(anonymous_30)
FN:110,(anonymous_31)
FN:114,(anonymous_32)
FN:118,(anonymous_33)
FN:123,(anonymous_34)
FN:129,(anonymous_35)
FN:133,(anonymous_36)
FN:137,(anonymous_37)
FN:141,(anonymous_38)
FN:145,(anonymous_39)
FN:149,(anonymous_40)
FN:153,(anonymous_41)
FN:157,(anonymous_42)
FN:161,(anonymous_43)
FN:166,(anonymous_44)
FN:170,(anonymous_45)
FN:175,(anonymous_46)
FN:180,(anonymous_47)
FN:185,(anonymous_48)
FN:189,(anonymous_49)
FN:193,(anonymous_50)
FN:195,(anonymous_51)
FNF:52
FNH:51
FNDA:68,(anonymous_0)
FNDA:1436,(anonymous_1)
FNDA:1436,(anonymous_2)
FNDA:0,(anonymous_3)
FNDA:1436,(anonymous_4)
FNDA:617,(anonymous_5)
FNDA:1436,(anonymous_6)
FNDA:1436,(anonymous_7)
FNDA:1436,(anonymous_8)
FNDA:1422,(anonymous_9)
FNDA:1436,(anonymous_10)
FNDA:1422,(anonymous_11)
FNDA:1351,(anonymous_12)
FNDA:1351,(anonymous_13)
FNDA:1351,(anonymous_14)
FNDA:1351,(anonymous_15)
FNDA:56,(anonymous_16)
FNDA:56,(anonymous_17)
FNDA:42,(anonymous_18)
FNDA:42,(anonymous_19)
FNDA:56,(anonymous_20)
FNDA:42,(anonymous_21)
FNDA:42,(anonymous_22)
FNDA:56,(anonymous_23)
FNDA:42,(anonymous_24)
FNDA:18,(anonymous_25)
FNDA:18,(anonymous_26)
FNDA:18,(anonymous_27)
FNDA:7,(anonymous_28)
FNDA:7,(anonymous_29)
FNDA:14,(anonymous_30)
FNDA:4,(anonymous_31)
FNDA:4,(anonymous_32)
FNDA:7,(anonymous_33)
FNDA:7,(anonymous_34)
FNDA:114,(anonymous_35)
FNDA:71,(anonymous_36)
FNDA:60,(anonymous_37)
FNDA:57,(anonymous_38)
FNDA:57,(anonymous_39)
FNDA:673,(anonymous_40)
FNDA:4563,(anonymous_41)
FNDA:1483,(anonymous_42)
FNDA:57,(anonymous_43)
FNDA:2053,(anonymous_44)
FNDA:1437,(anonymous_45)
FNDA:1352,(anonymous_46)
FNDA:57,(anonymous_47)
FNDA:1345,(anonymous_48)
FNDA:617,(anonymous_49)
FNDA:6,(anonymous_50)
FNDA:16,(anonymous_51)
DA:2,7
DA:3,7
DA:4,7
DA:5,7
DA:6,7
DA:7,7
DA:8,7
DA:11,7
DA:12,7
DA:13,7
DA:14,7
DA:15,7
DA:16,7
DA:19,7
DA:30,7
DA:47,68
DA:48,68
DA:49,68
DA:50,68
DA:51,68
DA:52,68
DA:53,68
DA:55,68
DA:56,1436
DA:57,1436
DA:58,0
DA:59,1436
DA:60,617
DA:61,1436
DA:62,1436
DA:63,1436
DA:64,1422
DA:65,1436
DA:66,1422
DA:67,1351
DA:68,1351
DA:69,1351
DA:70,1351
DA:71,56
DA:72,56
DA:73,42
DA:74,42
DA:75,56
DA:76,42
DA:77,42
DA:78,56
DA:79,42
DA:80,18
DA:81,18
DA:82,18
DA:83,7
DA:84,7
DA:90,14
DA:93,14
DA:96,14
DA:99,14
DA:102,14
DA:105,14
DA:107,14
DA:111,4
DA:115,4
DA:120,7
DA:125,7
DA:130,114
DA:134,71
DA:138,60
DA:142,57
DA:146,57
DA:150,673
DA:154,4563
DA:158,1483
DA:162,57
DA:167,2053
DA:171,1437
DA:176,1352
DA:181,57
DA:186,1345
DA:190,617
DA:194,6
DA:195,16
DA:197,6
DA:199,0
DA:202,6
LF:83
LH:81
BRDA:195,0,0,16
BRDA:195,0,1,16
BRDA:197,1,0,0
BRDA:197,1,1,6
BRDA:204,2,0,1
BRDA:204,2,1,5
BRF:6
BRH:5
end_of_record
TN:
SF:src/taxforms/8959.ts
FN:12,(anonymous_0)
FN:18,(anonymous_1)
FN:19,(anonymous_2)
FN:20,(anonymous_3)
FN:21,(anonymous_4)
FN:24,(anonymous_5)
FN:25,(anonymous_6)
FN:26,(anonymous_7)
FN:27,(anonymous_8)
FN:28,(anonymous_9)
FN:29,(anonymous_10)
FN:31,(anonymous_11)
FN:35,(anonymous_12)
FNF:13
FNH:13
FNDA:65,(anonymous_0)
FNDA:130,(anonymous_1)
FNDA:65,(anonymous_2)
FNDA:65,(anonymous_3)
FNDA:65,(anonymous_4)
FNDA:65,(anonymous_5)
FNDA:65,(anonymous_6)
FNDA:65,(anonymous_7)
FNDA:65,(anonymous_8)
FNDA:65,(anonymous_9)
FNDA:65,(anonymous_10)
FNDA:65,(anonymous_11)
FNDA:65,(anonymous_12)
DA:1,7
DA:2,7
DA:9,7
DA:13,65
DA:14,65
DA:16,65
DA:18,130
DA:19,65
DA:20,65
DA:21,65
DA:24,65
DA:25,65
DA:26,65
DA:27,65
DA:28,65
DA:29,65
DA:31,65
DA:36,65
LF:18
LH:18
BRF:0
BRH:0
end_of_record
TN:
SF:src/taxforms/8960.ts
FN:16,(anonymous_0)
FN:21,(anonymous_1)
FN:22,(anonymous_2)
FN:23,(anonymous_3)
FN:24,(anonymous_4)
FN:25,(anonymous_5)
FN:26,(anonymous_6)
FN:27,(anonymous_7)
FN:28,(anonymous_8)
FN:29,(anonymous_9)
FN:30,(anonymous_10)
FN:35,(anonymous_11)
FNF:12
FNH:12
FNDA:64,(anonymous_0)
FNDA:64,(anonymous_1)
FNDA:64,(anonymous_2)
FNDA:64,(anonymous_3)
FNDA:64,(anonymous_4)
FNDA:64,(anonymous_5)
FNDA:64,(anonymous_6)
FNDA:64,(anonymous_7)
FNDA:64,(anonymous_8)
FNDA:64,(anonymous_9)
FNDA:64,(anonymous_10)
FNDA:64,(anonymous_11)
DA:1,7
DA:2,7
DA:11,7
DA:17,64
DA:18,64
DA:20,64
DA:21,64
DA:22,64
DA:23,64
DA:24,64
DA:25,64
DA:26,64
DA:27,64
DA:28,64
DA:29,64
DA:30,64
DA:36,64
LF:17
LH:17
BRF:0
BRH:0
end_of_record
TN:
SF:src/taxforms/CaliforniaTax.ts
FN:19,(anonymous_0)
FN:24,(anonymous_1)
FN:30,(anonymous_2)
FN:36,(anonymous_3)
FN:53,(anonymous_4)
FN:57,(anonymous_5)
FN:61,(anonymous_6)
FNF:7
FNH:7
FNDA:50,(anonymous_0)
FNDA:24,(anonymous_1)
FNDA:8,(anonymous_2)
FNDA:24,(anonymous_3)
FNDA:4,(anonymous_4)
FNDA:3,(anonymous_5)
FNDA:6,(anonymous_6)
DA:4,2
DA:16,2
DA:20,50
DA:25,24
DA:26,24
DA:31,8
DA:32,8
DA:33,8
DA:37,24
DA:39,20
DA:40,89
DA:41,20
DA:42,20
DA:47,0
DA:48,0
DA:49,0
DA:54,4
DA:58,3
DA:62,6
LF:19
LH:16
BRDA:37,0,0,4
BRDA:37,0,1,20
BRDA:40,1,0,20
BRDA:40,1,1,69
BRF:4
BRH:4
end_of_record
TN:
SF:src/taxforms/QualifiedDividendsAndCapitalGainsWorksheet.ts
FN:17,(anonymous_0)
FN:22,(anonymous_1)
FN:23,(anonymous_2)
FN:24,(anonymous_3)
FN:25,(anonymous_4)
FN:26,(anonymous_5)
FN:27,(anonymous_6)
FN:28,(anonymous_7)
FN:29,(anonymous_8)
FN:30,(anonymous_9)
FN:31,(anonymous_10)
FN:32,(anonymous_11)
FN:33,(anonymous_12)
FN:34,(anonymous_13)
FN:35,(anonymous_14)
FN:36,(anonymous_15)
FN:37,(anonymous_16)
FN:38,(anonymous_17)
FN:39,(anonymous_18)
FN:40,(anonymous_19)
FN:41,(anonymous_20)
FN:42,(anonymous_21)
FN:43,(anonymous_22)
FN:44,(anonymous_23)
FN:45,(anonymous_24)
FN:46,(anonymous_25)
FN:50,(anonymous_26)
FN:55,(anonymous_27)
FNF:28
FNH:28
FNDA:72,(anonymous_0)
FNDA:1584,(anonymous_1)
FNDA:726,(anonymous_2)
FNDA:726,(anonymous_3)
FNDA:726,(anonymous_4)
FNDA:528,(anonymous_5)
FNDA:660,(anonymous_6)
FNDA:660,(anonymous_7)
FNDA:330,(anonymous_8)
FNDA:330,(anonymous_9)
FNDA:198,(anonymous_10)
FNDA:132,(anonymous_11)
FNDA:132,(anonymous_12)
FNDA:132,(anonymous_13)
FNDA:132,(anonymous_14)
FNDA:132,(anonymous_15)
FNDA:132,(anonymous_16)
FNDA:132,(anonymous_17)
FNDA:66,(anonymous_18)
FNDA:66,(anonymous_19)
FNDA:66,(anonymous_20)
FNDA:66,(anonymous_21)
FNDA:66,(anonymous_22)
FNDA:66,(anonymous_23)
FNDA:66,(anonymous_24)
FNDA:66,(anonymous_25)
FNDA:66,(anonymous_26)
FNDA:149,(anonymous_27)
DA:1,7
DA:2,7
DA:11,7
DA:18,72
DA:19,72
DA:21,72
DA:22,1584
DA:23,726
DA:24,726
DA:25,726
DA:26,528
DA:27,660
DA:28,660
DA:29,330
DA:30,330
DA:31,198
DA:32,132
DA:33,132
DA:34,132
DA:35,132
DA:36,132
DA:37,132
DA:38,132
DA:39,66
DA:40,66
DA:41,66
DA:42,66
DA:43,66
DA:44,66
DA:45,66
DA:46,66
DA:52,66
DA:56,149
DA:57,345
DA:58,149
DA:61,0
LF:36
LH:35
BRDA:57,0,0,149
BRDA:57,0,1,196
BRF:2
BRH:2
end_of_record
TN:
SF:src/taxforms/Schedule1.ts
FN:14,(anonymous_0)
FN:21,(anonymous_1)
FN:23,(anonymous_2)
FN:27,(anonymous_3)
FN:31,(anonymous_4)
FNF:5
FNH:5
FNDA:68,(anonymous_0)
FNDA:1436,(anonymous_1)
FNDA:1422,(anonymous_2)
FNDA:1436,(anonymous_3)
FNDA:1422,(anonymous_4)
DA:1,7
DA:2,7
DA:10,7
DA:15,68
DA:16,68
DA:17,68
DA:19,68
DA:21,1436
DA:23,1422
DA:28,1436
DA:32,1422
LF:11
LH:11
BRF:0
BRH:0
end_of_record
TN:
SF:src/taxforms/Schedule2.ts
FN:24,(anonymous_0)
FN:30,(anonymous_1)
FN:31,(anonymous_2)
FN:32,(anonymous_3)
FN:33,(anonymous_4)
FN:34,(anonymous_5)
FN:38,(anonymous_6)
FN:42,(anonymous_7)
FN:46,(anonymous_8)
FNF:9
FNH:9
FNDA:77,(anonymous_0)
FNDA:59,(anonymous_1)
FNDA:59,(anonymous_2)
FNDA:67,(anonymous_3)
FNDA:60,(anonymous_4)
FNDA:60,(anonymous_5)
FNDA:59,(anonymous_6)
FNDA:8,(anonymous_7)
FNDA:60,(anonymous_8)
DA:1,7
DA:2,7
DA:3,7
DA:4,7
DA:20,7
DA:25,77
DA:26,77
DA:27,77
DA:29,77
DA:30,59
DA:31,59
DA:32,67
DA:33,60
DA:34,60
DA:39,59
DA:43,8
DA:47,60
LF:17
LH:17
BRF:0
BRH:0
end_of_record
TN:
SF:src/taxforms/Schedule3.ts
FN:11,(anonymous_0)
FN:16,(anonymous_1)
FN:20,(anonymous_2)
FNF:3
FNH:3
FNDA:71,(anonymous_0)
FNDA:59,(anonymous_1)
FNDA:59,(anonymous_2)
DA:1,8
DA:8,8
DA:12,71
DA:13,71
DA:15,71
DA:16,59
DA:22,59
LF:7
LH:7
BRF:0
BRH:0
end_of_record
TN:
SF:src/taxforms/ScheduleA.ts
FN:12,(anonymous_0)
FN:18,(anonymous_1)
FN:19,(anonymous_2)
FN:23,(anonymous_3)
FNF:4
FNH:4
FNDA:68,(anonymous_0)
FNDA:1351,(anonymous_1)
FNDA:1351,(anonymous_2)
FNDA:1351,(anonymous_3)
DA:1,7
DA:2,7
DA:9,7
DA:13,68
DA:15,68
DA:17,68
DA:18,1351
DA:19,1351
DA:28,1351
LF:9
LH:9
BRDA:18,0,0,1351
BRDA:18,0,1,1207
BRF:2
BRH:2
end_of_record
TN:
SF:src/taxforms/ScheduleD.ts
FN:12,(anonymous_0)
FN:17,(anonymous_1)
FN:18,(anonymous_2)
FN:22,(anonymous_3)
FN:26,(anonymous_4)
FNF:5
FNH:5
FNDA:77,(anonymous_0)
FNDA:4,(anonymous_1)
FNDA:1441,(anonymous_2)
FNDA:3,(anonymous_3)
FNDA:1440,(anonymous_4)
DA:1,9
DA:9,9
DA:13,77
DA:14,77
DA:16,77
DA:17,4
DA:18,1441
DA:23,3
DA:27,1440
LF:9
LH:9
BRF:0
BRH:0
end_of_record
TN:
SF:src/taxforms/ScheduleSE.ts
FN:15,(anonymous_0)
FN:21,(anonymous_1)
FN:23,(anonymous_2)
FN:25,(anonymous_3)
FN:28,(anonymous_4)
FN:29,(anonymous_5)
FN:30,(anonymous_6)
FN:31,(anonymous_7)
FN:34,(anonymous_8)
FN:37,(anonymous_9)
FN:40,(anonymous_10)
FN:44,(anonymous_11)
FN:48,(anonymous_12)
FNF:13
FNH:13
FNDA:148,(anonymous_0)
FNDA:3166,(anonymous_1)
FNDA:3166,(anonymous_2)
FNDA:2988,(anonymous_3)
FNDA:1494,(anonymous_4)
FNDA:1494,(anonymous_5)
FNDA:1494,(anonymous_6)
FNDA:1494,(anonymous_7)
FNDA:1494,(anonymous_8)
FNDA:1494,(anonymous_9)
FNDA:1424,(anonymous_10)
FNDA:70,(anonymous_11)
FNDA:1424,(anonymous_12)
DA:1,8
DA:9,8
DA:13,8
DA:16,148
DA:17,148
DA:19,148
DA:21,3166
DA:23,3166
DA:25,2988
DA:28,1494
DA:29,1494
DA:30,1494
DA:31,1494
DA:34,1494
DA:37,1494
DA:40,1424
DA:45,70
DA:49,1424
LF:18
LH:18
BRDA:25,0,0,2810
BRDA:25,0,1,178
BRF:2
BRH:2
end_of_record
TN:
SF:src/taxforms/TaxForm.ts
FN:1,(anonymous_0)
FN:6,(anonymous_1)
FNF:2
FNH:2
FNDA:778,(anonymous_0)
FNDA:4,(anonymous_1)
DA:1,11
DA:3,778
DA:7,4
LF:3
LH:3
BRDA:7,0,0,2
BRDA:7,0,1,2
BRF:2
BRH:2
end_of_record
TN:
SF:src/utils/BackupService.ts
FN:26,(anonymous_7)
FN:32,(anonymous_8)
FN:46,(anonymous_9)
FN:61,(anonymous_10)
FN:120,(anonymous_11)
FN:131,(anonymous_12)
FN:142,(anonymous_13)
FN:202,(anonymous_14)
FN:211,(anonymous_15)
FN:212,(anonymous_17)
FN:217,(anonymous_18)
FN:217,(anonymous_19)
FNF:12
FNH:0
FNDA:0,(anonymous_7)
FNDA:0,(anonymous_8)
FNDA:0,(anonymous_9)
FNDA:0,(anonymous_10)
FNDA:0,(anonymous_11)
FNDA:0,(anonymous_12)
FNDA:0,(anonymous_13)
FNDA:0,(anonymous_14)
FNDA:0,(anonymous_15)
FNDA:0,(anonymous_17)
FNDA:0,(anonymous_18)
FNDA:0,(anonymous_19)
DA:21,5
DA:22,5
DA:23,5
DA:24,5
DA:27,0
DA:28,0
DA:29,0
DA:33,0
DA:40,0
DA:47,0
DA:48,0
DA:49,0
DA:50,0
DA:52,0
DA:53,0
DA:54,0
DA:55,0
DA:56,0
DA:57,0
DA:58,0
DA:62,0
DA:63,0
DA:65,0
DA:66,0
DA:67,0
DA:70,0
DA:71,0
DA:73,0
DA:74,0
DA:76,0
DA:77,0
DA:78,0
DA:79,0
DA:81,0
DA:82,0
DA:86,0
DA:87,0
DA:88,0
DA:92,0
DA:119,0
DA:120,0
DA:121,0
DA:123,0
DA:124,0
DA:126,0
DA:127,0
DA:130,0
DA:131,0
DA:132,0
DA:134,0
DA:135,0
DA:137,0
DA:138,0
DA:141,0
DA:142,0
DA:143,0
DA:145,0
DA:146,0
DA:148,0
DA:149,0
DA:153,0
DA:154,0
DA:163,0
DA:164,0
DA:165,0
DA:171,0
DA:172,0
DA:178,0
DA:184,0
DA:185,0
DA:186,0
DA:187,0
DA:188,0
DA:190,0
DA:194,0
DA:203,0
DA:204,0
DA:212,0
DA:213,0
DA:214,0
DA:215,0
DA:217,0
DA:218,0
DA:219,0
DA:220,0
DA:221,0
DA:224,0
DA:225,0
DA:226,0
DA:227,0
DA:229,0
DA:230,0
DA:234,0
DA:237,0
DA:243,0
DA:250,0
LF:96
LH:4
BRDA:65,0,0,0
BRDA:65,0,1,0
BRDA:65,1,0,0
BRDA:65,1,1,0
BRDA:70,2,0,0
BRDA:70,2,1,0
BRDA:73,3,0,0
BRDA:73,3,1,0
BRDA:76,4,0,0
BRDA:76,4,1,0
BRDA:78,5,0,0
BRDA:78,5,1,0
BRDA:81,6,0,0
BRDA:81,6,1,0
BRDA:86,7,0,0
BRDA:86,7,1,0
BRDA:119,8,0,0
BRDA:119,8,1,0
BRDA:121,9,0,0
BRDA:121,9,1,0
BRDA:121,9,2,0
BRDA:123,10,0,0
BRDA:123,10,1,0
BRDA:126,11,0,0
BRDA:126,11,1,0
BRDA:130,12,0,0
BRDA:130,12,1,0
BRDA:132,13,0,0
BRDA:132,13,1,0
BRDA:132,13,2,0
BRDA:134,14,0,0
BRDA:134,14,1,0
BRDA:137,15,0,0
BRDA:137,15,1,0
BRDA:141,16,0,0
BRDA:141,16,1,0
BRDA:143,17,0,0
BRDA:143,17,1,0
BRDA:143,17,2,0
BRDA:145,18,0,0
BRDA:145,18,1,0
BRDA:148,19,0,0
BRDA:148,19,1,0
BRDA:153,20,0,0
BRDA:153,20,1,0
BRDA:153,21,0,0
BRDA:153,21,1,0
BRDA:164,22,0,0
BRDA:164,22,1,0
BRDA:164,23,0,0
BRDA:164,23,1,0
BRDA:166,24,0,0
BRDA:166,24,1,0
BRDA:167,25,0,0
BRDA:167,25,1,0
BRDA:168,26,0,0
BRDA:168,26,1,0
BRDA:169,27,0,0
BRDA:169,27,1,0
BRDA:171,28,0,0
BRDA:171,28,1,0
BRDA:185,29,0,0
BRDA:185,29,1,0
BRDA:187,30,0,0
BRDA:187,30,1,0
BRDA:218,31,0,0
BRDA:218,31,1,0
BRDA:218,32,0,0
BRDA:218,32,1,0
BRDA:219,33,0,0
BRDA:219,33,1,0
BRDA:229,34,0,0
BRDA:229,34,1,0
BRDA:245,35,0,0
BRDA:245,35,1,0
BRF:75
BRH:0
end_of_record
