TN:
SF:src/stores/AppStore.ts
FN:11,(anonymous_0)
FN:18,(anonymous_1)
FN:22,(anonymous_2)
FN:26,(anonymous_3)
FN:30,(anonymous_4)
FN:35,(anonymous_5)
FN:40,(anonymous_6)
FN:44,(anonymous_7)
FN:48,(anonymous_8)
FN:52,(anonymous_9)
FN:59,(anonymous_10)
FN:63,(anonymous_11)
FN:67,(anonymous_12)
FN:71,(anonymous_13)
FN:75,(anonymous_14)
FN:79,(anonymous_15)
FNF:16
FNH:0
FNDA:0,(anonymous_0)
FNDA:0,(anonymous_1)
FNDA:0,(anonymous_2)
FNDA:0,(anonymous_3)
FNDA:0,(anonymous_4)
FNDA:0,(anonymous_5)
FNDA:0,(anonymous_6)
FNDA:0,(anonymous_7)
FNDA:0,(anonymous_8)
FNDA:0,(anonymous_9)
FNDA:0,(anonymous_10)
FNDA:0,(anonymous_11)
FNDA:0,(anonymous_12)
FNDA:0,(anonymous_13)
FNDA:0,(anonymous_14)
FNDA:0,(anonymous_15)
DA:1,0
DA:3,0
DA:4,0
DA:6,0
DA:12,0
DA:13,0
DA:14,0
DA:15,0
DA:19,0
DA:23,0
DA:27,0
DA:32,0
DA:37,0
DA:41,0
DA:45,0
DA:49,0
DA:54,0
DA:55,0
DA:60,0
DA:64,0
DA:68,0
DA:72,0
DA:76,0
DA:80,0
LF:24
LH:0
BRDA:55,0,0,0
BRDA:55,0,1,0
BRF:2
BRH:0
end_of_record
TN:
SF:src/stores/UserInputStore.ts
FN:72,(anonymous_7)
FN:84,(anonymous_8)
FN:108,(anonymous_9)
FN:140,(anonymous_10)
FN:145,(anonymous_11)
FN:146,(anonymous_12)
FN:152,(anonymous_13)
FN:153,(anonymous_14)
FN:156,(anonymous_15)
FN:161,(anonymous_16)
FN:162,(anonymous_17)
FN:168,(anonymous_18)
FN:169,(anonymous_19)
FN:172,(anonymous_20)
FN:177,(anonymous_21)
FN:178,(anonymous_22)
FN:184,(anonymous_23)
FN:185,(anonymous_24)
FN:188,(anonymous_25)
FN:192,(anonymous_26)
FN:196,(anonymous_27)
FN:200,(anonymous_28)
FN:203,(anonymous_29)
FN:206,(anonymous_30)
FN:209,(anonymous_31)
FN:214,(anonymous_32)
FN:217,(anonymous_33)
FN:220,(anonymous_34)
FN:223,(anonymous_35)
FN:226,(anonymous_36)
FN:229,(anonymous_37)
FN:232,(anonymous_38)
FN:235,(anonymous_39)
FN:240,(anonymous_40)
FN:245,(anonymous_41)
FN:246,(anonymous_42)
FN:247,(anonymous_43)
FN:252,(anonymous_44)
FN:256,(anonymous_45)
FN:260,(anonymous_46)
FN:264,(anonymous_47)
FN:268,(anonymous_48)
FN:272,(anonymous_49)
FN:276,(anonymous_50)
FN:280,(anonymous_51)
FN:284,(anonymous_52)
FN:285,(anonymous_53)
FN:288,(anonymous_54)
FN:289,(anonymous_55)
FN:292,(anonymous_56)
FN:293,(anonymous_57)
FN:296,(anonymous_58)
FN:300,(anonymous_59)
FN:304,(anonymous_60)
FN:308,(anonymous_61)
FN:321,(anonymous_62)
FN:322,(anonymous_63)
FN:329,(anonymous_64)
FN:330,(anonymous_65)
FN:336,(anonymous_66)
FN:341,(anonymous_67)
FN:346,(anonymous_68)
FN:352,(anonymous_69)
FN:357,(anonymous_70)
FNF:64
FNH:14
FNDA:14,(anonymous_7)
FNDA:0,(anonymous_8)
FNDA:0,(anonymous_9)
FNDA:42,(anonymous_10)
FNDA:0,(anonymous_11)
FNDA:0,(anonymous_12)
FNDA:0,(anonymous_13)
FNDA:0,(anonymous_14)
FNDA:0,(anonymous_15)
FNDA:0,(anonymous_16)
FNDA:0,(anonymous_17)
FNDA:0,(anonymous_18)
FNDA:0,(anonymous_19)
FNDA:0,(anonymous_20)
FNDA:0,(anonymous_21)
FNDA:0,(anonymous_22)
FNDA:0,(anonymous_23)
FNDA:0,(anonymous_24)
FNDA:0,(anonymous_25)
FNDA:0,(anonymous_26)
FNDA:0,(anonymous_27)
FNDA:0,(anonymous_28)
FNDA:0,(anonymous_29)
FNDA:0,(anonymous_30)
FNDA:0,(anonymous_31)
FNDA:0,(anonymous_32)
FNDA:0,(anonymous_33)
FNDA:0,(anonymous_34)
FNDA:0,(anonymous_35)
FNDA:0,(anonymous_36)
FNDA:0,(anonymous_37)
FNDA:0,(anonymous_38)
FNDA:0,(anonymous_39)
FNDA:20,(anonymous_40)
FNDA:18,(anonymous_41)
FNDA:34,(anonymous_42)
FNDA:0,(anonymous_43)
FNDA:0,(anonymous_44)
FNDA:4,(anonymous_45)
FNDA:4,(anonymous_46)
FNDA:4,(anonymous_47)
FNDA:4,(anonymous_48)
FNDA:4,(anonymous_49)
FNDA:4,(anonymous_50)
FNDA:14,(anonymous_51)
FNDA:0,(anonymous_52)
FNDA:0,(anonymous_53)
FNDA:22,(anonymous_54)
FNDA:0,(anonymous_55)
FNDA:0,(anonymous_56)
FNDA:0,(anonymous_57)
FNDA:0,(anonymous_58)
FNDA:0,(anonymous_59)
FNDA:0,(anonymous_60)
FNDA:0,(anonymous_61)
FNDA:0,(anonymous_62)
FNDA:0,(anonymous_63)
FNDA:0,(anonymous_64)
FNDA:0,(anonymous_65)
FNDA:0,(anonymous_66)
FNDA:10,(anonymous_67)
FNDA:0,(anonymous_68)
FNDA:0,(anonymous_69)
FNDA:0,(anonymous_70)
DA:1,2
DA:2,2
DA:4,2
DA:28,2
DA:33,14
DA:34,14
DA:35,14
DA:38,14
DA:41,14
DA:44,14
DA:47,14
DA:57,14
DA:58,14
DA:59,14
DA:60,14
DA:63,14
DA:64,14
DA:65,14
DA:66,14
DA:67,14
DA:68,14
DA:69,14
DA:70,14
DA:74,14
DA:75,14
DA:76,0
DA:79,14
DA:80,14
DA:85,0
DA:109,0
DA:110,0
DA:111,0
DA:112,0
DA:113,0
DA:114,0
DA:115,0
DA:116,0
DA:124,0
DA:125,0
DA:126,0
DA:127,0
DA:128,0
DA:129,0
DA:130,0
DA:131,0
DA:132,0
DA:133,0
DA:134,0
DA:135,0
DA:141,42
DA:142,42
DA:146,0
DA:147,0
DA:148,0
DA:153,0
DA:157,0
DA:158,0
DA:162,0
DA:163,0
DA:164,0
DA:169,0
DA:173,0
DA:174,0
DA:178,0
DA:179,0
DA:180,0
DA:185,0
DA:189,0
DA:193,0
DA:197,0
DA:201,0
DA:204,0
DA:207,0
DA:210,0
DA:215,0
DA:218,0
DA:221,0
DA:224,0
DA:227,0
DA:230,0
DA:233,0
DA:236,0
DA:241,20
DA:246,34
DA:247,18
DA:248,18
DA:253,0
DA:257,4
DA:261,4
DA:265,4
DA:269,4
DA:273,4
DA:277,4
DA:281,14
DA:285,0
DA:289,22
DA:293,0
DA:297,0
DA:301,0
DA:305,0
DA:309,0
DA:322,0
DA:323,0
DA:324,0
DA:325,0
DA:330,0
DA:331,0
DA:332,0
DA:337,0
DA:342,10
DA:347,0
DA:348,0
DA:349,0
DA:353,0
DA:354,0
DA:358,0
DA:359,0
DA:361,0
DA:362,0
DA:365,0
DA:366,0
DA:368,0
DA:370,0
DA:371,0
DA:372,0
DA:375,0
DA:378,0
DA:380,0
LF:128
LH:42
BRDA:75,0,0,0
BRDA:75,0,1,14
BRDA:109,1,0,0
BRDA:109,1,1,0
BRDA:110,2,0,0
BRDA:110,2,1,0
BRDA:111,3,0,0
BRDA:111,3,1,0
BRDA:112,4,0,0
BRDA:112,4,1,0
BRDA:113,5,0,0
BRDA:113,5,1,0
BRDA:114,6,0,0
BRDA:114,6,1,0
BRDA:115,7,0,0
BRDA:115,7,1,0
BRDA:117,8,0,0
BRDA:117,8,1,0
BRDA:117,9,0,0
BRDA:117,9,1,0
BRDA:117,10,0,0
BRDA:117,10,1,0
BRDA:118,11,0,0
BRDA:118,11,1,0
BRDA:118,12,0,0
BRDA:118,12,1,0
BRDA:118,13,0,0
BRDA:118,13,1,0
BRDA:119,14,0,0
BRDA:119,14,1,0
BRDA:119,15,0,0
BRDA:119,15,1,0
BRDA:119,16,0,0
BRDA:119,16,1,0
BRDA:120,17,0,0
BRDA:120,17,1,0
BRDA:120,18,0,0
BRDA:120,18,1,0
BRDA:120,19,0,0
BRDA:120,19,1,0
BRDA:121,20,0,0
BRDA:121,20,1,0
BRDA:121,21,0,0
BRDA:121,21,1,0
BRDA:121,22,0,0
BRDA:121,22,1,0
BRDA:122,23,0,0
BRDA:122,23,1,0
BRDA:122,24,0,0
BRDA:122,24,1,0
BRDA:122,25,0,0
BRDA:122,25,1,0
BRDA:140,26,0,0
BRDA:140,27,0,0
BRDA:140,28,0,42
BRDA:147,29,0,0
BRDA:147,29,1,0
BRDA:156,30,0,0
BRDA:156,31,0,0
BRDA:156,32,0,0
BRDA:163,33,0,0
BRDA:163,33,1,0
BRDA:172,34,0,0
BRDA:172,35,0,0
BRDA:172,36,0,0
BRDA:179,37,0,0
BRDA:179,37,1,0
BRDA:241,38,0,20
BRDA:241,38,1,0
BRDA:241,39,0,20
BRDA:241,39,1,20
BRDA:241,40,0,0
BRDA:241,40,1,20
BRDA:241,41,0,20
BRDA:241,41,1,20
BRDA:241,42,0,20
BRDA:241,42,1,0
BRDA:241,43,0,20
BRDA:241,43,1,20
BRDA:241,44,0,0
BRDA:241,44,1,20
BRDA:241,45,0,20
BRDA:241,45,1,20
BRDA:241,46,0,20
BRDA:241,46,1,0
BRDA:241,47,0,20
BRDA:241,47,1,20
BRDA:241,48,0,0
BRDA:241,48,1,20
BRDA:241,49,0,20
BRDA:241,49,1,20
BRDA:241,50,0,20
BRDA:241,50,1,0
BRDA:241,51,0,20
BRDA:241,51,1,20
BRDA:241,52,0,0
BRDA:241,52,1,20
BRDA:241,53,0,20
BRDA:241,53,1,20
BRDA:323,54,0,0
BRDA:323,54,1,0
BRDA:323,55,0,0
BRDA:323,55,1,0
BRDA:331,56,0,0
BRDA:331,56,1,0
BRDA:331,57,0,0
BRDA:331,57,1,0
BRDA:348,58,0,0
BRDA:348,58,1,0
BRDA:361,59,0,0
BRDA:361,59,1,0
BRDA:362,60,0,0
BRDA:362,60,1,0
BRDA:365,61,0,0
BRDA:365,61,1,0
BRDA:371,62,0,0
BRDA:371,62,1,0
BRDA:371,63,0,0
BRDA:371,63,1,0
BRDA:382,64,0,0
BRDA:382,64,1,0
BRF:121
BRH:26
end_of_record
TN:
SF:src/stores/stores.ts
FN:30,(anonymous_0)
FNF:1
FNH:0
FNDA:0,(anonymous_0)
DA:1,0
DA:2,0
DA:3,0
DA:4,0
DA:6,0
DA:7,0
DA:9,0
DA:11,0
DA:12,0
DA:13,0
DA:14,0
DA:16,0
DA:17,0
DA:18,0
DA:19,0
DA:20,0
DA:23,0
DA:25,0
DA:27,0
DA:28,0
DA:30,0
DA:31,0
DA:32,0
DA:33,0
LF:24
LH:0
BRDA:11,0,0,0
BRDA:11,0,1,0
BRF:2
BRH:0
end_of_record
TN:
SF:src/taxforms/1040.ts
FN:46,(anonymous_0)
FN:56,(anonymous_1)
FN:57,(anonymous_2)
FN:58,(anonymous_3)
FN:59,(anonymous_4)
FN:60,(anonymous_5)
FN:61,(anonymous_6)
FN:62,(anonymous_7)
FN:63,(anonymous_8)
FN:64,(anonymous_9)
FN:65,(anonymous_10)
FN:66,(anonymous_11)
FN:67,(anonymous_12)
FN:68,(anonymous_13)
FN:69,(anonymous_14)
FN:70,(anonymous_15)
FN:71,(anonymous_16)
FN:72,(anonymous_17)
FN:73,(anonymous_18)
FN:74,(anonymous_19)
FN:75,(anonymous_20)
FN:76,(anonymous_21)
FN:77,(anonymous_22)
FN:78,(anonymous_23)
FN:79,(anonymous_24)
FN:80,(anonymous_25)
FN:81,(anonymous_26)
FN:82,(anonymous_27)
FN:83,(anonymous_28)
FN:84,(anonymous_29)
FN:88,(anonymous_30)
FN:110,(anonymous_31)
FN:114,(anonymous_32)
FN:118,(anonymous_33)
FN:123,(anonymous_34)
FN:129,(anonymous_35)
FN:133,(anonymous_36)
FN:137,(anonymous_37)
FN:141,(anonymous_38)
FN:145,(anonymous_39)
FN:149,(anonymous_40)
FN:153,(anonymous_41)
FN:157,(anonymous_42)
FN:161,(anonymous_43)
FN:166,(anonymous_44)
FN:170,(anonymous_45)
FN:175,(anonymous_46)
FN:180,(anonymous_47)
FN:185,(anonymous_48)
FN:189,(anonymous_49)
FN:193,(anonymous_50)
FN:195,(anonymous_51)
FNF:52
FNH:21
FNDA:4,(anonymous_0)
FNDA:4,(anonymous_1)
FNDA:4,(anonymous_2)
FNDA:0,(anonymous_3)
FNDA:4,(anonymous_4)
FNDA:0,(anonymous_5)
FNDA:4,(anonymous_6)
FNDA:4,(anonymous_7)
FNDA:4,(anonymous_8)
FNDA:4,(anonymous_9)
FNDA:4,(anonymous_10)
FNDA:4,(anonymous_11)
FNDA:4,(anonymous_12)
FNDA:4,(anonymous_13)
FNDA:4,(anonymous_14)
FNDA:4,(anonymous_15)
FNDA:0,(anonymous_16)
FNDA:0,(anonymous_17)
FNDA:0,(anonymous_18)
FNDA:0,(anonymous_19)
FNDA:0,(anonymous_20)
FNDA:0,(anonymous_21)
FNDA:0,(anonymous_22)
FNDA:0,(anonymous_23)
FNDA:0,(anonymous_24)
FNDA:0,(anonymous_25)
FNDA:0,(anonymous_26)
FNDA:0,(anonymous_27)
FNDA:0,(anonymous_28)
FNDA:0,(anonymous_29)
FNDA:0,(anonymous_30)
FNDA:0,(anonymous_31)
FNDA:0,(anonymous_32)
FNDA:0,(anonymous_33)
FNDA:0,(anonymous_34)
FNDA:0,(anonymous_35)
FNDA:0,(anonymous_36)
FNDA:0,(anonymous_37)
FNDA:0,(anonymous_38)
FNDA:0,(anonymous_39)
FNDA:0,(anonymous_40)
FNDA:12,(anonymous_41)
FNDA:4,(anonymous_42)
FNDA:0,(anonymous_43)
FNDA:4,(anonymous_44)
FNDA:4,(anonymous_45)
FNDA:4,(anonymous_46)
FNDA:0,(anonymous_47)
FNDA:0,(anonymous_48)
FNDA:0,(anonymous_49)
FNDA:4,(anonymous_50)
FNDA:13,(anonymous_51)
DA:2,4
DA:3,4
DA:4,4
DA:5,4
DA:6,4
DA:7,4
DA:8,4
DA:11,4
DA:12,4
DA:13,4
DA:14,4
DA:15,4
DA:16,4
DA:19,4
DA:30,4
DA:47,4
DA:48,4
DA:49,4
DA:50,4
DA:51,4
DA:52,4
DA:53,4
DA:55,4
DA:56,4
DA:57,4
DA:58,0
DA:59,4
DA:60,0
DA:61,4
DA:62,4
DA:63,4
DA:64,4
DA:65,4
DA:66,4
DA:67,4
DA:68,4
DA:69,4
DA:70,4
DA:71,0
DA:72,0
DA:73,0
DA:74,0
DA:75,0
DA:76,0
DA:77,0
DA:78,0
DA:79,0
DA:80,0
DA:81,0
DA:82,0
DA:83,0
DA:84,0
DA:90,0
DA:93,0
DA:96,0
DA:99,0
DA:102,0
DA:105,0
DA:107,0
DA:111,0
DA:115,0
DA:120,0
DA:125,0
DA:130,0
DA:134,0
DA:138,0
DA:142,0
DA:146,0
DA:150,0
DA:154,12
DA:158,4
DA:162,0
DA:167,4
DA:171,4
DA:176,4
DA:181,0
DA:186,0
DA:190,0
DA:194,4
DA:195,13
DA:197,4
DA:199,0
DA:202,4
LF:83
LH:45
BRDA:195,0,0,13
BRDA:195,0,1,13
BRDA:197,1,0,0
BRDA:197,1,1,4
BRDA:204,2,0,1
BRDA:204,2,1,3
BRF:6
BRH:5
end_of_record
TN:
SF:src/taxforms/8959.ts
FN:12,(anonymous_0)
FN:18,(anonymous_1)
FN:19,(anonymous_2)
FN:20,(anonymous_3)
FN:21,(anonymous_4)
FN:24,(anonymous_5)
FN:25,(anonymous_6)
FN:26,(anonymous_7)
FN:27,(anonymous_8)
FN:28,(anonymous_9)
FN:29,(anonymous_10)
FN:31,(anonymous_11)
FN:35,(anonymous_12)
FNF:13
FNH:13
FNDA:5,(anonymous_0)
FNDA:10,(anonymous_1)
FNDA:5,(anonymous_2)
FNDA:5,(anonymous_3)
FNDA:5,(anonymous_4)
FNDA:5,(anonymous_5)
FNDA:5,(anonymous_6)
FNDA:5,(anonymous_7)
FNDA:5,(anonymous_8)
FNDA:5,(anonymous_9)
FNDA:5,(anonymous_10)
FNDA:5,(anonymous_11)
FNDA:5,(anonymous_12)
DA:1,4
DA:2,4
DA:9,4
DA:13,5
DA:14,5
DA:16,5
DA:18,10
DA:19,5
DA:20,5
DA:21,5
DA:24,5
DA:25,5
DA:26,5
DA:27,5
DA:28,5
DA:29,5
DA:31,5
DA:36,5
LF:18
LH:18
BRF:0
BRH:0
end_of_record
TN:
SF:src/taxforms/8960.ts
FN:16,(anonymous_0)
FN:21,(anonymous_1)
FN:22,(anonymous_2)
FN:23,(anonymous_3)
FN:24,(anonymous_4)
FN:25,(anonymous_5)
FN:26,(anonymous_6)
FN:27,(anonymous_7)
FN:28,(anonymous_8)
FN:29,(anonymous_9)
FN:30,(anonymous_10)
FN:35,(anonymous_11)
FNF:12
FNH:12
FNDA:4,(anonymous_0)
FNDA:4,(anonymous_1)
FNDA:4,(anonymous_2)
FNDA:4,(anonymous_3)
FNDA:4,(anonymous_4)
FNDA:4,(anonymous_5)
FNDA:4,(anonymous_6)
FNDA:4,(anonymous_7)
FNDA:4,(anonymous_8)
FNDA:4,(anonymous_9)
FNDA:4,(anonymous_10)
FNDA:4,(anonymous_11)
DA:1,4
DA:2,4
DA:11,4
DA:17,4
DA:18,4
DA:20,4
DA:21,4
DA:22,4
DA:23,4
DA:24,4
DA:25,4
DA:26,4
DA:27,4
DA:28,4
DA:29,4
DA:30,4
DA:36,4
LF:17
LH:17
BRF:0
BRH:0
end_of_record
TN:
SF:src/taxforms/CaliforniaTax.ts
FN:19,(anonymous_0)
FN:24,(anonymous_1)
FN:30,(anonymous_2)
FN:36,(anonymous_3)
FN:53,(anonymous_4)
FN:57,(anonymous_5)
FN:61,(anonymous_6)
FNF:7
FNH:3
FNDA:10,(anonymous_0)
FNDA:10,(anonymous_1)
FNDA:0,(anonymous_2)
FNDA:10,(anonymous_3)
FNDA:0,(anonymous_4)
FNDA:0,(anonymous_5)
FNDA:0,(anonymous_6)
DA:4,1
DA:16,1
DA:20,10
DA:25,10
DA:26,10
DA:31,0
DA:32,0
DA:33,0
DA:37,10
DA:39,9
DA:40,45
DA:41,9
DA:42,9
DA:47,0
DA:48,0
DA:49,0
DA:54,0
DA:58,0
DA:62,0
LF:19
LH:10
BRDA:37,0,0,1
BRDA:37,0,1,9
BRDA:40,1,0,9
BRDA:40,1,1,36
BRF:4
BRH:4
end_of_record
TN:
SF:src/taxforms/QualifiedDividendsAndCapitalGainsWorksheet.ts
FN:17,(anonymous_0)
FN:22,(anonymous_1)
FN:23,(anonymous_2)
FN:24,(anonymous_3)
FN:25,(anonymous_4)
FN:26,(anonymous_5)
FN:27,(anonymous_6)
FN:28,(anonymous_7)
FN:29,(anonymous_8)
FN:30,(anonymous_9)
FN:31,(anonymous_10)
FN:32,(anonymous_11)
FN:33,(anonymous_12)
FN:34,(anonymous_13)
FN:35,(anonymous_14)
FN:36,(anonymous_15)
FN:37,(anonymous_16)
FN:38,(anonymous_17)
FN:39,(anonymous_18)
FN:40,(anonymous_19)
FN:41,(anonymous_20)
FN:42,(anonymous_21)
FN:43,(anonymous_22)
FN:44,(anonymous_23)
FN:45,(anonymous_24)
FN:46,(anonymous_25)
FN:50,(anonymous_26)
FN:55,(anonymous_27)
FNF:28
FNH:28
FNDA:16,(anonymous_0)
FNDA:240,(anonymous_1)
FNDA:110,(anonymous_2)
FNDA:110,(anonymous_3)
FNDA:110,(anonymous_4)
FNDA:80,(anonymous_5)
FNDA:100,(anonymous_6)
FNDA:100,(anonymous_7)
FNDA:50,(anonymous_8)
FNDA:50,(anonymous_9)
FNDA:30,(anonymous_10)
FNDA:20,(anonymous_11)
FNDA:20,(anonymous_12)
FNDA:20,(anonymous_13)
FNDA:20,(anonymous_14)
FNDA:20,(anonymous_15)
FNDA:20,(anonymous_16)
FNDA:20,(anonymous_17)
FNDA:10,(anonymous_18)
FNDA:10,(anonymous_19)
FNDA:10,(anonymous_20)
FNDA:10,(anonymous_21)
FNDA:10,(anonymous_22)
FNDA:10,(anonymous_23)
FNDA:10,(anonymous_24)
FNDA:10,(anonymous_25)
FNDA:10,(anonymous_26)
FNDA:37,(anonymous_27)
DA:1,4
DA:2,4
DA:11,4
DA:18,16
DA:19,16
DA:21,16
DA:22,240
DA:23,110
DA:24,110
DA:25,110
DA:26,80
DA:27,100
DA:28,100
DA:29,50
DA:30,50
DA:31,30
DA:32,20
DA:33,20
DA:34,20
DA:35,20
DA:36,20
DA:37,20
DA:38,20
DA:39,10
DA:40,10
DA:41,10
DA:42,10
DA:43,10
DA:44,10
DA:45,10
DA:46,10
DA:52,10
DA:56,37
DA:57,99
DA:58,37
DA:61,0
LF:36
LH:35
BRDA:57,0,0,37
BRDA:57,0,1,62
BRF:2
BRH:2
end_of_record
TN:
SF:src/taxforms/Schedule1.ts
FN:14,(anonymous_0)
FN:21,(anonymous_1)
FN:23,(anonymous_2)
FN:27,(anonymous_3)
FN:31,(anonymous_4)
FNF:5
FNH:5
FNDA:4,(anonymous_0)
FNDA:4,(anonymous_1)
FNDA:4,(anonymous_2)
FNDA:4,(anonymous_3)
FNDA:4,(anonymous_4)
DA:1,4
DA:2,4
DA:10,4
DA:15,4
DA:16,4
DA:17,4
DA:19,4
DA:21,4
DA:23,4
DA:28,4
DA:32,4
LF:11
LH:11
BRF:0
BRH:0
end_of_record
TN:
SF:src/taxforms/Schedule2.ts
FN:24,(anonymous_0)
FN:30,(anonymous_1)
FN:31,(anonymous_2)
FN:32,(anonymous_3)
FN:33,(anonymous_4)
FN:34,(anonymous_5)
FN:38,(anonymous_6)
FN:42,(anonymous_7)
FN:46,(anonymous_8)
FNF:9
FNH:1
FNDA:4,(anonymous_0)
FNDA:0,(anonymous_1)
FNDA:0,(anonymous_2)
FNDA:0,(anonymous_3)
FNDA:0,(anonymous_4)
FNDA:0,(anonymous_5)
FNDA:0,(anonymous_6)
FNDA:0,(anonymous_7)
FNDA:0,(anonymous_8)
DA:1,4
DA:2,4
DA:3,4
DA:4,4
DA:20,4
DA:25,4
DA:26,4
DA:27,4
DA:29,4
DA:30,0
DA:31,0
DA:32,0
DA:33,0
DA:34,0
DA:39,0
DA:43,0
DA:47,0
LF:17
LH:9
BRF:0
BRH:0
end_of_record
TN:
SF:src/taxforms/Schedule3.ts
FN:11,(anonymous_0)
FN:16,(anonymous_1)
FN:20,(anonymous_2)
FNF:3
FNH:1
FNDA:4,(anonymous_0)
FNDA:0,(anonymous_1)
FNDA:0,(anonymous_2)
DA:1,4
DA:8,4
DA:12,4
DA:13,4
DA:15,4
DA:16,0
DA:22,0
LF:7
LH:5
BRF:0
BRH:0
end_of_record
TN:
SF:src/taxforms/ScheduleA.ts
FN:12,(anonymous_0)
FN:18,(anonymous_1)
FN:19,(anonymous_2)
FN:23,(anonymous_3)
FNF:4
FNH:4
FNDA:4,(anonymous_0)
FNDA:4,(anonymous_1)
FNDA:4,(anonymous_2)
FNDA:4,(anonymous_3)
DA:1,4
DA:2,4
DA:9,4
DA:13,4
DA:15,4
DA:17,4
DA:18,4
DA:19,4
DA:28,4
LF:9
LH:9
BRDA:18,0,0,4
BRDA:18,0,1,4
BRF:2
BRH:2
end_of_record
TN:
SF:src/taxforms/ScheduleD.ts
FN:12,(anonymous_0)
FN:17,(anonymous_1)
FN:18,(anonymous_2)
FN:22,(anonymous_3)
FN:26,(anonymous_4)
FNF:5
FNH:3
FNDA:4,(anonymous_0)
FNDA:0,(anonymous_1)
FNDA:4,(anonymous_2)
FNDA:0,(anonymous_3)
FNDA:4,(anonymous_4)
DA:1,4
DA:9,4
DA:13,4
DA:14,4
DA:16,4
DA:17,0
DA:18,4
DA:23,0
DA:27,4
LF:9
LH:7
BRF:0
BRH:0
end_of_record
TN:
SF:src/taxforms/ScheduleSE.ts
FN:15,(anonymous_0)
FN:21,(anonymous_1)
FN:23,(anonymous_2)
FN:25,(anonymous_3)
FN:28,(anonymous_4)
FN:29,(anonymous_5)
FN:30,(anonymous_6)
FN:31,(anonymous_7)
FN:34,(anonymous_8)
FN:37,(anonymous_9)
FN:40,(anonymous_10)
FN:44,(anonymous_11)
FN:48,(anonymous_12)
FNF:13
FNH:13
FNDA:11,(anonymous_0)
FNDA:24,(anonymous_1)
FNDA:24,(anonymous_2)
FNDA:18,(anonymous_3)
FNDA:9,(anonymous_4)
FNDA:9,(anonymous_5)
FNDA:9,(anonymous_6)
FNDA:9,(anonymous_7)
FNDA:9,(anonymous_8)
FNDA:9,(anonymous_9)
FNDA:6,(anonymous_10)
FNDA:3,(anonymous_11)
FNDA:6,(anonymous_12)
DA:1,5
DA:9,5
DA:13,5
DA:16,11
DA:17,11
DA:19,11
DA:21,24
DA:23,24
DA:25,18
DA:28,9
DA:29,9
DA:30,9
DA:31,9
DA:34,9
DA:37,9
DA:40,6
DA:45,3
DA:49,6
LF:18
LH:18
BRDA:25,0,0,12
BRDA:25,0,1,6
BRF:2
BRH:2
end_of_record
TN:
SF:src/taxforms/TaxForm.ts
FN:1,(anonymous_0)
FN:6,(anonymous_1)
FNF:2
FNH:1
FNDA:60,(anonymous_0)
FNDA:0,(anonymous_1)
DA:1,5
DA:3,60
DA:7,0
LF:3
LH:2
BRDA:7,0,0,0
BRDA:7,0,1,0
BRF:2
BRH:0
end_of_record
TN:
SF:src/utils/BackupService.ts
FN:26,(anonymous_7)
FN:32,(anonymous_8)
FN:46,(anonymous_9)
FN:61,(anonymous_10)
FN:120,(anonymous_11)
FN:131,(anonymous_12)
FN:142,(anonymous_13)
FN:202,(anonymous_14)
FN:211,(anonymous_15)
FN:212,(anonymous_17)
FN:217,(anonymous_18)
FN:217,(anonymous_19)
FNF:12
FNH:0
FNDA:0,(anonymous_7)
FNDA:0,(anonymous_8)
FNDA:0,(anonymous_9)
FNDA:0,(anonymous_10)
FNDA:0,(anonymous_11)
FNDA:0,(anonymous_12)
FNDA:0,(anonymous_13)
FNDA:0,(anonymous_14)
FNDA:0,(anonymous_15)
FNDA:0,(anonymous_17)
FNDA:0,(anonymous_18)
FNDA:0,(anonymous_19)
DA:21,2
DA:22,2
DA:23,2
DA:24,2
DA:27,0
DA:28,0
DA:29,0
DA:33,0
DA:40,0
DA:47,0
DA:48,0
DA:49,0
DA:50,0
DA:52,0
DA:53,0
DA:54,0
DA:55,0
DA:56,0
DA:57,0
DA:58,0
DA:62,0
DA:63,0
DA:65,0
DA:66,0
DA:67,0
DA:70,0
DA:71,0
DA:73,0
DA:74,0
DA:76,0
DA:77,0
DA:78,0
DA:79,0
DA:81,0
DA:82,0
DA:86,0
DA:87,0
DA:88,0
DA:92,0
DA:119,0
DA:120,0
DA:121,0
DA:123,0
DA:124,0
DA:126,0
DA:127,0
DA:130,0
DA:131,0
DA:132,0
DA:134,0
DA:135,0
DA:137,0
DA:138,0
DA:141,0
DA:142,0
DA:143,0
DA:145,0
DA:146,0
DA:148,0
DA:149,0
DA:153,0
DA:154,0
DA:163,0
DA:164,0
DA:165,0
DA:171,0
DA:172,0
DA:178,0
DA:184,0
DA:185,0
DA:186,0
DA:187,0
DA:188,0
DA:190,0
DA:194,0
DA:203,0
DA:204,0
DA:212,0
DA:213,0
DA:214,0
DA:215,0
DA:217,0
DA:218,0
DA:219,0
DA:220,0
DA:221,0
DA:224,0
DA:225,0
DA:226,0
DA:227,0
DA:229,0
DA:230,0
DA:234,0
DA:237,0
DA:243,0
DA:250,0
LF:96
LH:4
BRDA:65,0,0,0
BRDA:65,0,1,0
BRDA:65,1,0,0
BRDA:65,1,1,0
BRDA:70,2,0,0
BRDA:70,2,1,0
BRDA:73,3,0,0
BRDA:73,3,1,0
BRDA:76,4,0,0
BRDA:76,4,1,0
BRDA:78,5,0,0
BRDA:78,5,1,0
BRDA:81,6,0,0
BRDA:81,6,1,0
BRDA:86,7,0,0
BRDA:86,7,1,0
BRDA:119,8,0,0
BRDA:119,8,1,0
BRDA:121,9,0,0
BRDA:121,9,1,0
BRDA:121,9,2,0
BRDA:123,10,0,0
BRDA:123,10,1,0
BRDA:126,11,0,0
BRDA:126,11,1,0
BRDA:130,12,0,0
BRDA:130,12,1,0
BRDA:132,13,0,0
BRDA:132,13,1,0
BRDA:132,13,2,0
BRDA:134,14,0,0
BRDA:134,14,1,0
BRDA:137,15,0,0
BRDA:137,15,1,0
BRDA:141,16,0,0
BRDA:141,16,1,0
BRDA:143,17,0,0
BRDA:143,17,1,0
BRDA:143,17,2,0
BRDA:145,18,0,0
BRDA:145,18,1,0
BRDA:148,19,0,0
BRDA:148,19,1,0
BRDA:153,20,0,0
BRDA:153,20,1,0
BRDA:153,21,0,0
BRDA:153,21,1,0
BRDA:164,22,0,0
BRDA:164,22,1,0
BRDA:164,23,0,0
BRDA:164,23,1,0
BRDA:166,24,0,0
BRDA:166,24,1,0
BRDA:167,25,0,0
BRDA:167,25,1,0
BRDA:168,26,0,0
BRDA:168,26,1,0
BRDA:169,27,0,0
BRDA:169,27,1,0
BRDA:171,28,0,0
BRDA:171,28,1,0
BRDA:185,29,0,0
BRDA:185,29,1,0
BRDA:187,30,0,0
BRDA:187,30,1,0
BRDA:218,31,0,0
BRDA:218,31,1,0
BRDA:218,32,0,0
BRDA:218,32,1,0
BRDA:219,33,0,0
BRDA:219,33,1,0
BRDA:229,34,0,0
BRDA:229,34,1,0
BRDA:245,35,0,0
BRDA:245,35,1,0
BRF:75
BRH:0
end_of_record
